Experiment log
Epoch	ClsLoss	SrcAcc	TarAcc
Epoch:1.0	1.9533	0.5218	0.4679
Epoch:2.0	0.9920	0.7291	0.4956
Epoch:3.0	0.8569	0.7629	0.4918
Epoch:4.0	0.6165	0.8257	0.5094
Epoch:5.0	0.5312	0.8474	0.5107
Epoch:6.0	0.4178	0.8782	0.4994
Epoch:7.0	0.3543	0.8875	0.4994
Epoch:8.0	0.3381	0.8985	0.5220
Epoch:9.0	0.2701	0.9173	0.5270
Epoch:10.0	0.2468	0.9219	0.5283
Epoch:11.0	0.2426	0.9198	0.5132
Epoch:12.0	0.2105	0.9397	0.5522
Epoch:13.0	0.1848	0.9489	0.5358
Epoch:14.0	0.2399	0.9301	0.5220
Epoch:15.0	0.1914	0.9428	0.5132
Epoch:16.0	0.1669	0.9443	0.5208
Epoch:17.0	0.1516	0.9510	0.5346
Epoch:18.0	0.1128	0.9624	0.5308
Epoch:19.0	0.1160	0.9695	0.5346
Epoch:20.0	0.1159	0.9634	0.5371
Epoch:21.0	0.1239	0.9645	0.5384
Epoch:22.0	0.1045	0.9709	0.5434
Epoch:23.0	0.2479	0.9379	0.5371
Epoch:24.0	0.1908	0.9652	0.5686
Epoch:25.0	0.1756	0.9450	0.5396
Epoch:26.0	0.1197	0.9617	0.5497
Epoch:27.0	0.1033	0.9670	0.5245
Epoch:28.0	0.0959	0.9684	0.5245
Epoch:29.0	0.0820	0.9755	0.5434
Epoch:30.0	0.0781	0.9755	0.5308
Epoch:31.0	0.0819	0.9766	0.5333
Epoch:32.0	0.0882	0.9734	0.5635
Epoch:33.0	0.0797	0.9744	0.5686
Epoch:34.0	0.0773	0.9805	0.5535
Epoch:35.0	0.0867	0.9716	0.5560
Epoch:36.0	0.0726	0.9783	0.5459
Epoch:37.0	0.0666	0.9808	0.5623
Epoch:38.0	0.0754	0.9766	0.5698
Epoch:39.0	0.1024	0.9744	0.5597
Epoch:40.0	0.0640	0.9808	0.5535
Epoch:41.0	0.0632	0.9812	0.5635
Epoch:42.0	0.0618	0.9815	0.5547
Epoch:43.0	0.0915	0.9684	0.5296
Epoch:44.0	0.0583	0.9812	0.5447
Epoch:45.0	0.0546	0.9819	0.5535
Epoch:46.0	0.0499	0.9854	0.5195
Epoch:47.0	0.0526	0.9844	0.5384
Epoch:48.0	0.0607	0.9819	0.5421
Epoch:49.0	0.0652	0.9815	0.5346
Epoch:50.0	0.0708	0.9787	0.5648
Epoch:51.0	0.0501	0.9862	0.5346
Epoch:52.0	0.0468	0.9879	0.5535
Epoch:53.0	0.0541	0.9883	0.5635
Epoch:54.0	0.0736	0.9780	0.5459
Epoch:55.0	0.0564	0.9830	0.5509
Epoch:56.0	0.0450	0.9837	0.5723
Epoch:57.0	0.0445	0.9862	0.5648
Epoch:58.0	0.0393	0.9872	0.5686
Epoch:59.0	0.0524	0.9823	0.5585
Epoch:60.0	0.0434	0.9858	0.5560
Epoch:61.0	0.0397	0.9869	0.5648
Epoch:62.0	0.0458	0.9844	0.5459
Epoch:63.0	0.0439	0.9858	0.5434
Epoch:64.0	0.0337	0.9890	0.5409
Epoch:65.0	0.0467	0.9847	0.5711
Epoch:66.0	0.0493	0.9851	0.5560
Epoch:67.0	0.0474	0.9844	0.5447
Epoch:68.0	0.0370	0.9894	0.5484
Epoch:69.0	0.0370	0.9886	0.5484
Epoch:70.0	0.0431	0.9890	0.5484
Epoch:71.0	0.0468	0.9872	0.5447
Epoch:72.0	0.0349	0.9890	0.5610
Epoch:73.0	0.0364	0.9872	0.5459
Epoch:74.0	0.0356	0.9883	0.5597
Epoch:75.0	0.0364	0.9879	0.5547
Epoch:76.0	0.0341	0.9876	0.5698
Epoch:77.0	0.0401	0.9883	0.5371
Epoch:78.0	0.0385	0.9897	0.5610
Epoch:79.0	0.0335	0.9894	0.5497
Epoch:80.0	0.0345	0.9886	0.5736
Epoch:81.0	0.0363	0.9897	0.5409
Epoch:82.0	0.0337	0.9911	0.5610
Epoch:83.0	0.0288	0.9911	0.5522
Epoch:84.0	0.0330	0.9908	0.5673
Epoch:85.0	0.0298	0.9915	0.5472
Epoch:86.0	0.0294	0.9918	0.5560
Epoch:87.0	0.0283	0.9897	0.5623
Epoch:88.0	0.0375	0.9894	0.5648
Epoch:89.0	0.0292	0.9908	0.5761
Epoch:90.0	0.0320	0.9915	0.5686
Epoch:91.0	0.0249	0.9933	0.5711
Epoch:92.0	0.0304	0.9908	0.5509
Epoch:93.0	0.0284	0.9894	0.5447
Epoch:94.0	0.0223	0.9929	0.5660
Epoch:95.0	0.0324	0.9901	0.5572
Epoch:96.0	0.0316	0.9886	0.5484
Epoch:97.0	0.0331	0.9904	0.5711
Epoch:98.0	0.0272	0.9925	0.5585
Epoch:99.0	0.0274	0.9940	0.5560
Epoch:100.0	0.0195	0.9929	0.5535
Epoch:101.0	0.0286	0.9908	0.5786
Epoch:102.0	0.0313	0.9908	0.5547
Epoch:103.0	0.0257	0.9929	0.5610
Epoch:104.0	0.0232	0.9911	0.5522
Epoch:105.0	0.0268	0.9918	0.5547
Epoch:106.0	0.0261	0.9936	0.5572
Epoch:107.0	0.0217	0.9925	0.5396
Epoch:108.0	0.0257	0.9922	0.5736
Epoch:109.0	0.0287	0.9911	0.5748
Epoch:110.0	0.0290	0.9901	0.5648
Epoch:111.0	0.0260	0.9922	0.5648
Epoch:112.0	0.0255	0.9925	0.5799
Epoch:113.0	0.0177	0.9936	0.5547
Epoch:114.0	0.0261	0.9911	0.5711
Epoch:115.0	0.0239	0.9940	0.5484
Epoch:116.0	0.0285	0.9908	0.5459
Epoch:117.0	0.0146	0.9961	0.5610
Epoch:118.0	0.0235	0.9940	0.5673
Epoch:119.0	0.0171	0.9936	0.5686
Epoch:120.0	0.0210	0.9936	0.5459
