Experiment log
Epoch	ClsLoss	SrcAcc	TarAcc
Epoch:1.0	6.3929	0.0295	0.0302
Epoch:2.0	5.8140	0.0437	0.0365
Epoch:3.0	5.3737	0.0454	0.0377
Epoch:4.0	5.0516	0.0529	0.0491
Epoch:5.0	4.8764	0.0540	0.0591
Epoch:6.0	4.6434	0.0643	0.0516
Epoch:7.0	4.4797	0.0689	0.0692
Epoch:8.0	4.3613	0.0895	0.0616
Epoch:9.0	4.2705	0.0937	0.0654
Epoch:10.0	4.1300	0.0994	0.0893
Epoch:11.0	4.0259	0.1104	0.0755
Epoch:12.0	3.8944	0.1218	0.0742
Epoch:13.0	3.8649	0.1211	0.1094
Epoch:14.0	3.8455	0.1338	0.1044
Epoch:15.0	3.8081	0.1406	0.0893
Epoch:16.0	3.6463	0.1470	0.0943
Epoch:17.0	3.5615	0.1647	0.0843
Epoch:18.0	3.4710	0.1747	0.1119
Epoch:19.0	3.4150	0.1704	0.0994
Epoch:20.0	3.4248	0.1892	0.1220
Epoch:21.0	3.3527	0.2038	0.1195
Epoch:22.0	3.2954	0.2098	0.1296
Epoch:23.0	3.1893	0.2158	0.1409
Epoch:24.0	3.1857	0.2133	0.1459
Epoch:25.0	3.1377	0.2307	0.1535
Epoch:26.0	2.9912	0.2386	0.1057
Epoch:27.0	3.0412	0.2208	0.1421
Epoch:28.0	2.9510	0.2513	0.1497
Epoch:29.0	2.9874	0.2574	0.1560
Epoch:30.0	2.9888	0.2755	0.1497
Epoch:31.0	2.8665	0.2719	0.1585
Epoch:32.0	2.9513	0.2733	0.1698
Epoch:33.0	2.8365	0.2776	0.1610
Epoch:34.0	2.7786	0.2836	0.1660
Epoch:35.0	2.7790	0.2904	0.1887
Epoch:36.0	2.8234	0.2861	0.1711
Epoch:37.0	2.7351	0.2982	0.1786
Epoch:38.0	2.8404	0.3088	0.1975
Epoch:39.0	2.6739	0.3184	0.2264
Epoch:40.0	2.7167	0.3163	0.1535
Epoch:41.0	2.6196	0.3259	0.1849
Epoch:42.0	2.6881	0.3362	0.1937
Epoch:43.0	2.6219	0.3319	0.2126
Epoch:44.0	2.5579	0.3443	0.2075
Epoch:45.0	2.5871	0.3465	0.2113
Epoch:46.0	2.5123	0.3379	0.2327
Epoch:47.0	2.4761	0.3472	0.2038
Epoch:48.0	2.4650	0.3585	0.2352
Epoch:49.0	2.4800	0.3561	0.2113
Epoch:50.0	2.6122	0.3607	0.2239
Epoch:51.0	2.4201	0.3738	0.2277
Epoch:52.0	2.3762	0.3969	0.2289
Epoch:53.0	2.4508	0.3685	0.2063
Epoch:54.0	2.4585	0.3805	0.2264
Epoch:55.0	2.3549	0.3866	0.2138
Epoch:56.0	2.4320	0.3876	0.2189
Epoch:57.0	2.3627	0.3876	0.2252
Epoch:58.0	2.2612	0.3976	0.2302
Epoch:59.0	2.3655	0.3944	0.2566
Epoch:60.0	2.3052	0.3962	0.2528
Epoch:61.0	2.2848	0.4153	0.2415
Epoch:62.0	2.3975	0.4089	0.2365
Epoch:63.0	2.2992	0.4075	0.2616
Epoch:64.0	2.2120	0.4164	0.2403
Epoch:65.0	2.1834	0.4203	0.2377
Epoch:66.0	2.2368	0.4125	0.2465
Epoch:67.0	2.2427	0.4178	0.2528
Epoch:68.0	2.1972	0.4132	0.2591
Epoch:69.0	2.2288	0.4026	0.2730
Epoch:70.0	2.1473	0.4207	0.2465
Epoch:71.0	2.1172	0.4327	0.2692
Epoch:72.0	2.1357	0.4412	0.2742
Epoch:73.0	2.1735	0.4295	0.2717
Epoch:74.0	2.1242	0.4388	0.2642
Epoch:75.0	2.0968	0.4469	0.2491
Epoch:76.0	2.1124	0.4444	0.2453
Epoch:77.0	2.1126	0.4359	0.2616
Epoch:78.0	2.1160	0.4565	0.2679
Epoch:79.0	2.1445	0.4462	0.2717
Epoch:80.0	2.1674	0.4398	0.2906
Epoch:81.0	2.1666	0.4530	0.2881
Epoch:82.0	2.1104	0.4597	0.2755
Epoch:83.0	2.0604	0.4540	0.2503
Epoch:84.0	2.0901	0.4395	0.2818
Epoch:85.0	2.0761	0.4537	0.2780
Epoch:86.0	2.0577	0.4590	0.2868
Epoch:87.0	2.0455	0.4672	0.2780
Epoch:88.0	2.0054	0.4569	0.2792
Epoch:89.0	1.9784	0.4714	0.3057
Epoch:90.0	1.9987	0.4661	0.3094
Epoch:91.0	2.0140	0.4562	0.3094
Epoch:92.0	2.0577	0.4615	0.3170
Epoch:93.0	2.0244	0.4704	0.2742
Epoch:94.0	1.9814	0.4750	0.2792
Epoch:95.0	1.9596	0.4782	0.3044
Epoch:96.0	1.9654	0.4917	0.2969
Epoch:97.0	1.9064	0.4870	0.2943
Epoch:98.0	1.9501	0.4966	0.3157
Epoch:99.0	1.9712	0.4838	0.3208
Epoch:100.0	1.8958	0.4878	0.2931
Epoch:101.0	1.8976	0.4966	0.3170
Epoch:102.0	1.8703	0.4931	0.3057
Epoch:103.0	1.8819	0.5069	0.3132
Epoch:104.0	1.9448	0.4778	0.3195
Epoch:105.0	1.9254	0.4934	0.3132
Epoch:106.0	1.8605	0.4991	0.3057
Epoch:107.0	1.8650	0.5030	0.3145
Epoch:108.0	1.8471	0.5027	0.3182
Epoch:109.0	2.0261	0.4977	0.3044
Epoch:110.0	1.9313	0.5005	0.3195
Epoch:111.0	1.8308	0.5122	0.3258
Epoch:112.0	1.8008	0.5009	0.3233
Epoch:113.0	1.8816	0.5201	0.3245
Epoch:114.0	1.8139	0.5094	0.3170
Epoch:115.0	1.8454	0.5069	0.3333
Epoch:116.0	1.7950	0.5279	0.3472
Epoch:117.0	1.8538	0.5169	0.3195
Epoch:118.0	1.8786	0.5151	0.3044
Epoch:119.0	1.8164	0.5183	0.3245
Epoch:120.0	1.7909	0.5080	0.3346
Epoch:121.0	1.8012	0.5282	0.3283
Epoch:122.0	1.7862	0.5222	0.3220
Epoch:123.0	1.8227	0.5151	0.3094
Epoch:124.0	1.8682	0.5137	0.3547
Epoch:125.0	1.8233	0.5247	0.3459
Epoch:126.0	1.8413	0.5314	0.3371
Epoch:127.0	1.7323	0.5325	0.3321
Epoch:128.0	1.7603	0.5286	0.2981
Epoch:129.0	1.7544	0.5339	0.3195
Epoch:130.0	1.7870	0.5371	0.3308
Epoch:131.0	1.7800	0.5240	0.3434
Epoch:132.0	1.7829	0.5406	0.3472
Epoch:133.0	1.7153	0.5346	0.3447
Epoch:134.0	1.8468	0.5247	0.3384
Epoch:135.0	1.7901	0.5318	0.3358
Epoch:136.0	1.6886	0.5495	0.3421
Epoch:137.0	1.7293	0.5453	0.3245
Epoch:138.0	1.7407	0.5339	0.3585
Epoch:139.0	1.7592	0.5364	0.3396
Epoch:140.0	1.6762	0.5417	0.3535
Epoch:141.0	1.6864	0.5350	0.3396
Epoch:142.0	1.7618	0.5456	0.3472
Epoch:143.0	1.7433	0.5406	0.3648
Epoch:144.0	1.6953	0.5435	0.3296
Epoch:145.0	1.6721	0.5460	0.3560
Epoch:146.0	1.6770	0.5495	0.3308
Epoch:147.0	1.7122	0.5325	0.3409
Epoch:148.0	1.6738	0.5414	0.3434
Epoch:149.0	1.7196	0.5385	0.3522
Epoch:150.0	1.6936	0.5339	0.3648
Epoch:151.0	1.6547	0.5573	0.3673
Epoch:152.0	1.6801	0.5509	0.3585
Epoch:153.0	1.6695	0.5534	0.3371
Epoch:154.0	1.6745	0.5520	0.3409
Epoch:155.0	1.6881	0.5527	0.3245
Epoch:156.0	1.7205	0.5548	0.3434
Epoch:157.0	1.6992	0.5488	0.3509
Epoch:158.0	1.8115	0.5609	0.3447
Epoch:159.0	1.6316	0.5548	0.3535
Epoch:160.0	1.6066	0.5541	0.3409
Epoch:161.0	1.6327	0.5612	0.3698
Epoch:162.0	1.6593	0.5637	0.3673
Epoch:163.0	1.6447	0.5666	0.3698
Epoch:164.0	1.5968	0.5545	0.3396
Epoch:165.0	1.6226	0.5559	0.3358
Epoch:166.0	1.6217	0.5744	0.3409
Epoch:167.0	1.6031	0.5588	0.3497
Epoch:168.0	1.6198	0.5790	0.3610
Epoch:169.0	1.6424	0.5733	0.3585
Epoch:170.0	1.6140	0.5605	0.3597
Epoch:171.0	1.5770	0.5637	0.3459
Epoch:172.0	1.6047	0.5616	0.3862
Epoch:173.0	1.5571	0.5722	0.3786
Epoch:174.0	1.6333	0.5722	0.3824
Epoch:175.0	1.6866	0.5648	0.3472
Epoch:176.0	1.5807	0.5694	0.3610
Epoch:177.0	1.5772	0.5733	0.3547
Epoch:178.0	1.6287	0.5729	0.3522
Epoch:179.0	1.5894	0.5605	0.3673
Epoch:180.0	1.6455	0.5754	0.3711
Epoch:181.0	1.5580	0.5850	0.3509
Epoch:182.0	1.5739	0.5690	0.3484
Epoch:183.0	1.6642	0.5694	0.3786
Epoch:184.0	1.5598	0.5690	0.3748
Epoch:185.0	1.6321	0.5737	0.3723
Epoch:186.0	1.5305	0.5882	0.3623
Epoch:187.0	1.6686	0.5683	0.3610
Epoch:188.0	1.5756	0.5740	0.3635
Epoch:189.0	1.5380	0.5808	0.3711
Epoch:190.0	1.5241	0.5918	0.3862
Epoch:191.0	1.5558	0.5804	0.3811
Epoch:192.0	1.6058	0.5708	0.3736
Epoch:193.0	1.5767	0.5857	0.3736
Epoch:194.0	1.5422	0.5793	0.3799
Epoch:195.0	1.6096	0.5740	0.3635
Epoch:196.0	1.5558	0.5875	0.3597
Epoch:197.0	1.5346	0.5808	0.3686
Epoch:198.0	1.5465	0.5776	0.3711
Epoch:199.0	1.5222	0.5715	0.3560
Epoch:200.0	1.6432	0.5911	0.3723
Epoch:201.0	1.4826	0.6021	0.4013
Epoch:202.0	1.4870	0.5928	0.3862
Epoch:203.0	1.5292	0.5793	0.3748
Epoch:204.0	1.5139	0.5829	0.3925
Epoch:205.0	1.4829	0.5886	0.4025
Epoch:206.0	1.5349	0.5825	0.3686
Epoch:207.0	1.5254	0.5875	0.3799
Epoch:208.0	1.5412	0.5889	0.3610
Epoch:209.0	1.5070	0.5847	0.3836
Epoch:210.0	1.5256	0.5829	0.3811
Epoch:211.0	1.5637	0.5918	0.3774
Epoch:212.0	1.5078	0.5868	0.3824
Epoch:213.0	1.4885	0.5957	0.3912
Epoch:214.0	1.5352	0.5989	0.3748
Epoch:215.0	1.4719	0.5946	0.4038
Epoch:216.0	1.6064	0.5900	0.3748
Epoch:217.0	1.4325	0.6049	0.3811
Epoch:218.0	1.4977	0.5978	0.3723
Epoch:219.0	1.5889	0.5989	0.3987
Epoch:220.0	1.5004	0.5935	0.3497
Epoch:221.0	1.5215	0.5950	0.3824
Epoch:222.0	1.5563	0.5900	0.4088
Epoch:223.0	1.5230	0.5903	0.3912
Epoch:224.0	1.5509	0.6021	0.3925
Epoch:225.0	1.5351	0.6060	0.3912
Epoch:226.0	1.4573	0.6049	0.3849
Epoch:227.0	1.4818	0.5957	0.3673
Epoch:228.0	1.4469	0.5985	0.4126
Epoch:229.0	1.4609	0.5999	0.3736
Epoch:230.0	1.4975	0.5889	0.3887
Epoch:231.0	1.4588	0.5847	0.3698
Epoch:232.0	1.4339	0.6049	0.3811
Epoch:233.0	1.5241	0.5900	0.3824
Epoch:234.0	1.4393	0.6095	0.3560
Epoch:235.0	1.4866	0.6042	0.3887
Epoch:236.0	1.4773	0.5992	0.4013
Epoch:237.0	1.5196	0.5960	0.3849
Epoch:238.0	1.4250	0.6021	0.4038
Epoch:239.0	1.4963	0.6138	0.4088
Epoch:240.0	1.4315	0.6024	0.4226
Epoch:241.0	1.4363	0.6088	0.3925
Epoch:242.0	1.4284	0.6031	0.3811
Epoch:243.0	1.4959	0.6056	0.3925
Epoch:244.0	1.4380	0.6095	0.3874
Epoch:245.0	1.4631	0.6131	0.4050
Epoch:246.0	1.4207	0.6134	0.4013
Epoch:247.0	1.4376	0.6163	0.4088
Epoch:248.0	1.4160	0.6092	0.3862
Epoch:249.0	1.5407	0.5939	0.4088
Epoch:250.0	1.4005	0.6216	0.4000
Epoch:251.0	1.4385	0.6006	0.4126
Epoch:252.0	1.4103	0.6127	0.3975
Epoch:253.0	1.5163	0.6006	0.3899
Epoch:254.0	1.5320	0.6042	0.4000
Epoch:255.0	1.4877	0.6109	0.4050
Epoch:256.0	1.5111	0.6024	0.3761
Epoch:257.0	1.4715	0.6248	0.4164
Epoch:258.0	1.4112	0.6145	0.4025
Epoch:259.0	1.4391	0.6145	0.3824
Epoch:260.0	1.4405	0.6074	0.3887
Epoch:261.0	1.4043	0.6120	0.4101
Epoch:262.0	1.3823	0.6219	0.4038
Epoch:263.0	1.3834	0.6283	0.4201
Epoch:264.0	1.4207	0.6127	0.4013
Epoch:265.0	1.4066	0.6191	0.4214
Epoch:266.0	1.4288	0.6102	0.3987
Epoch:267.0	1.3794	0.6283	0.3862
Epoch:268.0	1.3823	0.6170	0.4113
Epoch:269.0	1.5116	0.6109	0.4088
Epoch:270.0	1.4069	0.6180	0.3987
Epoch:271.0	1.3802	0.6187	0.4113
Epoch:272.0	1.5082	0.6145	0.4201
Epoch:273.0	1.4188	0.6383	0.4289
Epoch:274.0	1.4209	0.6063	0.3912
Epoch:275.0	1.4494	0.6148	0.4038
Epoch:276.0	1.3671	0.6230	0.4038
Epoch:277.0	1.3886	0.6195	0.3862
Epoch:278.0	1.4608	0.6244	0.4113
Epoch:279.0	1.4170	0.6195	0.4038
Epoch:280.0	1.5715	0.6297	0.4075
Epoch:281.0	1.4041	0.6305	0.4063
Epoch:282.0	1.3900	0.6170	0.3774
Epoch:283.0	1.3946	0.6216	0.4088
Epoch:284.0	1.4403	0.6134	0.3950
Epoch:285.0	1.4225	0.6262	0.4189
Epoch:286.0	1.3568	0.6326	0.3962
Epoch:287.0	1.3612	0.6226	0.4013
Epoch:288.0	1.4050	0.6234	0.3912
Epoch:289.0	1.3265	0.6219	0.4000
Epoch:290.0	1.3831	0.6226	0.4164
Epoch:291.0	1.3825	0.6216	0.4050
Epoch:292.0	1.3958	0.6209	0.3824
Epoch:293.0	1.3409	0.6361	0.4063
Epoch:294.0	1.4811	0.6255	0.4289
Epoch:295.0	1.4121	0.6248	0.4164
Epoch:296.0	1.3950	0.6262	0.4063
Epoch:297.0	1.4684	0.6226	0.4138
Epoch:298.0	1.3942	0.6322	0.4138
Epoch:299.0	1.4132	0.6266	0.4063
Epoch:300.0	1.3327	0.6340	0.3950
Epoch:301.0	1.4177	0.6223	0.4013
Epoch:302.0	1.3740	0.6219	0.4252
Epoch:303.0	1.3481	0.6241	0.3975
Epoch:304.0	1.3654	0.6234	0.4327
Epoch:305.0	1.4070	0.6148	0.4113
Epoch:306.0	1.4141	0.6177	0.4176
Epoch:307.0	1.3447	0.6329	0.3887
Epoch:308.0	1.3807	0.6184	0.4390
Epoch:309.0	1.3699	0.6340	0.4340
Epoch:310.0	1.3668	0.6290	0.4000
Epoch:311.0	1.3537	0.6315	0.4164
Epoch:312.0	1.4659	0.6290	0.4101
Epoch:313.0	1.4464	0.6333	0.4126
Epoch:314.0	1.4042	0.6390	0.4252
Epoch:315.0	1.3693	0.6269	0.4252
Epoch:316.0	1.3502	0.6301	0.4164
Epoch:317.0	1.3964	0.6383	0.4088
Epoch:318.0	1.3432	0.6301	0.3975
Epoch:319.0	1.3250	0.6358	0.4176
Epoch:320.0	1.3799	0.6255	0.4101
Epoch:321.0	1.3414	0.6450	0.4164
Epoch:322.0	1.3292	0.6351	0.4101
Epoch:323.0	1.3413	0.6255	0.4277
Epoch:324.0	1.3459	0.6319	0.4377
Epoch:325.0	1.3397	0.6344	0.4038
Epoch:326.0	1.3996	0.6251	0.4226
Epoch:327.0	1.3883	0.6191	0.3975
Epoch:328.0	1.4161	0.6351	0.4289
Epoch:329.0	1.3576	0.6372	0.4176
Epoch:330.0	1.3415	0.6372	0.4176
Epoch:331.0	1.3406	0.6354	0.4101
Epoch:332.0	1.3744	0.6447	0.4138
Epoch:333.0	1.3699	0.6312	0.3887
Epoch:334.0	1.3736	0.6237	0.4151
Epoch:335.0	1.3048	0.6276	0.4352
Epoch:336.0	1.3537	0.6400	0.4239
Epoch:337.0	1.3334	0.6457	0.4138
Epoch:338.0	1.4242	0.6244	0.4239
Epoch:339.0	1.4002	0.6266	0.4151
Epoch:340.0	1.3167	0.6326	0.4126
Epoch:341.0	1.3456	0.6333	0.4113
Epoch:342.0	1.3161	0.6415	0.3937
Epoch:343.0	1.3738	0.6475	0.4239
Epoch:344.0	1.2991	0.6429	0.4113
Epoch:345.0	1.3525	0.6468	0.4038
Epoch:346.0	1.2988	0.6422	0.4352
Epoch:347.0	1.3157	0.6400	0.4264
Epoch:348.0	1.3620	0.6351	0.4226
Epoch:349.0	1.3842	0.6592	0.4063
Epoch:350.0	1.3443	0.6365	0.3987
Epoch:351.0	1.3451	0.6386	0.4189
Epoch:352.0	1.3081	0.6390	0.4063
Epoch:353.0	1.3245	0.6464	0.3962
Epoch:354.0	1.4233	0.6376	0.4113
Epoch:355.0	1.3046	0.6368	0.4403
Epoch:356.0	1.2985	0.6447	0.4176
Epoch:357.0	1.3352	0.6340	0.4000
Epoch:358.0	1.3798	0.6404	0.4226
Epoch:359.0	1.3746	0.6400	0.4226
Epoch:360.0	1.2898	0.6507	0.4327
Epoch:361.0	1.2715	0.6521	0.4013
Epoch:362.0	1.2977	0.6471	0.4277
Epoch:363.0	1.3378	0.6386	0.4214
Epoch:364.0	1.3079	0.6450	0.4314
Epoch:365.0	1.2990	0.6404	0.4126
Epoch:366.0	1.3086	0.6418	0.4327
Epoch:367.0	1.2913	0.6436	0.4264
Epoch:368.0	1.2809	0.6624	0.3862
Epoch:369.0	1.2864	0.6344	0.4075
Epoch:370.0	1.3530	0.6482	0.4176
Epoch:371.0	1.2560	0.6532	0.4277
Epoch:372.0	1.3976	0.6464	0.4302
Epoch:373.0	1.3172	0.6503	0.4164
Epoch:374.0	1.2910	0.6578	0.4101
Epoch:375.0	1.3159	0.6425	0.4415
Epoch:376.0	1.2894	0.6365	0.4428
Epoch:377.0	1.2809	0.6532	0.4553
Epoch:378.0	1.2456	0.6475	0.4440
Epoch:379.0	1.2299	0.6557	0.4390
Epoch:380.0	1.3352	0.6532	0.4340
Epoch:381.0	1.2734	0.6475	0.4239
Epoch:382.0	1.2953	0.6475	0.4340
Epoch:383.0	1.3000	0.6514	0.4516
Epoch:384.0	1.2814	0.6479	0.4226
Epoch:385.0	1.4491	0.6482	0.4365
Epoch:386.0	1.3142	0.6397	0.4126
Epoch:387.0	1.2939	0.6542	0.4340
Epoch:388.0	1.2803	0.6439	0.4428
Epoch:389.0	1.2730	0.6493	0.4252
Epoch:390.0	1.2580	0.6510	0.4352
Epoch:391.0	1.3114	0.6422	0.4075
Epoch:392.0	1.2799	0.6454	0.4239
Epoch:393.0	1.2712	0.6518	0.4050
Epoch:394.0	1.3060	0.6535	0.4277
Epoch:395.0	1.2649	0.6596	0.4314
Epoch:396.0	1.2866	0.6429	0.4176
Epoch:397.0	1.3252	0.6496	0.4226
Epoch:398.0	1.2902	0.6479	0.4201
Epoch:399.0	1.2930	0.6603	0.4113
Epoch:400.0	1.2262	0.6621	0.4314
Epoch:401.0	1.2536	0.6592	0.4038
Epoch:402.0	1.2636	0.6631	0.4377
Epoch:403.0	1.2599	0.6635	0.4403
Epoch:404.0	1.2727	0.6574	0.4277
Epoch:405.0	1.2930	0.6628	0.4176
Epoch:406.0	1.3131	0.6585	0.4201
Epoch:407.0	1.2377	0.6606	0.4138
Epoch:408.0	1.2780	0.6457	0.4302
Epoch:409.0	1.2642	0.6589	0.4491
Epoch:410.0	1.3454	0.6635	0.4113
Epoch:411.0	1.2505	0.6589	0.4201
Epoch:412.0	1.2700	0.6606	0.4453
Epoch:413.0	1.2720	0.6479	0.4252
Epoch:414.0	1.2806	0.6514	0.4176
Epoch:415.0	1.2485	0.6560	0.4201
Epoch:416.0	1.2476	0.6567	0.4264
Epoch:417.0	1.2832	0.6581	0.4327
Epoch:418.0	1.1983	0.6674	0.4365
Epoch:419.0	1.2611	0.6581	0.4113
Epoch:420.0	1.3139	0.6578	0.4201
Epoch:421.0	1.2851	0.6613	0.4403
Epoch:422.0	1.2200	0.6560	0.4138
Epoch:423.0	1.2417	0.6624	0.4075
Epoch:424.0	1.2388	0.6652	0.4226
Epoch:425.0	1.2921	0.6610	0.4226
Epoch:426.0	1.2510	0.6652	0.4616
Epoch:427.0	1.2824	0.6663	0.4377
Epoch:428.0	1.2761	0.6553	0.4176
Epoch:429.0	1.2483	0.6471	0.4264
Epoch:430.0	1.2891	0.6652	0.4164
Epoch:431.0	1.2000	0.6667	0.4478
Epoch:432.0	1.1957	0.6734	0.4415
Epoch:433.0	1.2498	0.6652	0.4440
Epoch:434.0	1.2145	0.6628	0.4277
Epoch:435.0	1.2524	0.6642	0.4277
Epoch:436.0	1.2962	0.6503	0.4478
Epoch:437.0	1.2299	0.6560	0.4403
Epoch:438.0	1.2393	0.6560	0.4226
Epoch:439.0	1.2528	0.6557	0.4176
Epoch:440.0	1.3211	0.6610	0.4214
Epoch:441.0	1.3294	0.6599	0.4440
Epoch:442.0	1.2057	0.6642	0.4302
Epoch:443.0	1.2149	0.6635	0.4302
Epoch:444.0	1.2901	0.6613	0.4478
Epoch:445.0	1.2196	0.6699	0.4377
Epoch:446.0	1.2248	0.6642	0.4314
Epoch:447.0	1.3166	0.6578	0.4390
Epoch:448.0	1.2238	0.6596	0.4264
Epoch:449.0	1.2573	0.6688	0.4277
Epoch:450.0	1.2471	0.6603	0.4365
Epoch:451.0	1.2298	0.6564	0.4642
Epoch:452.0	1.2362	0.6613	0.4201
Epoch:453.0	1.2667	0.6532	0.4176
Epoch:454.0	1.2080	0.6652	0.4541
Epoch:455.0	1.3273	0.6606	0.4377
Epoch:456.0	1.3264	0.6656	0.4327
Epoch:457.0	1.2474	0.6557	0.4302
Epoch:458.0	1.2332	0.6670	0.4340
Epoch:459.0	1.2647	0.6500	0.4553
Epoch:460.0	1.2404	0.6628	0.4516
Epoch:461.0	1.2787	0.6550	0.4516
Epoch:462.0	1.2231	0.6578	0.4755
Epoch:463.0	1.2804	0.6745	0.4340
Epoch:464.0	1.2416	0.6759	0.4239
Epoch:465.0	1.2384	0.6610	0.4289
Epoch:466.0	1.2526	0.6606	0.4403
Epoch:467.0	1.1768	0.6759	0.4226
Epoch:468.0	1.2439	0.6684	0.4289
Epoch:469.0	1.2116	0.6628	0.4453
Epoch:470.0	1.2349	0.6766	0.4176
Epoch:471.0	1.1987	0.6741	0.4428
Epoch:472.0	1.2176	0.6652	0.4415
Epoch:473.0	1.2286	0.6794	0.4541
Epoch:474.0	1.1735	0.6748	0.4226
Epoch:475.0	1.2503	0.6695	0.4403
Epoch:476.0	1.2259	0.6603	0.4189
Epoch:477.0	1.3096	0.6471	0.4327
Epoch:478.0	1.1704	0.6787	0.4440
Epoch:479.0	1.1997	0.6731	0.4491
Epoch:480.0	1.2214	0.6695	0.4415
Epoch:481.0	1.2999	0.6748	0.4390
Epoch:482.0	1.2289	0.6542	0.4214
Epoch:483.0	1.2734	0.6560	0.4201
Epoch:484.0	1.2002	0.6645	0.4428
Epoch:485.0	1.2354	0.6542	0.4453
Epoch:486.0	1.2307	0.6674	0.4176
Epoch:487.0	1.3749	0.6688	0.4277
Epoch:488.0	1.1958	0.6763	0.4528
Epoch:489.0	1.2031	0.6748	0.4503
Epoch:490.0	1.2000	0.6759	0.4629
Epoch:491.0	1.2102	0.6699	0.4352
Epoch:492.0	1.1836	0.6770	0.4327
Epoch:493.0	1.2213	0.6649	0.4390
Epoch:494.0	1.2058	0.6784	0.4176
Epoch:495.0	1.2059	0.6738	0.4403
Epoch:496.0	1.1716	0.6802	0.4478
Epoch:497.0	1.3326	0.6599	0.4390
Epoch:498.0	1.2470	0.6621	0.4239
Epoch:499.0	1.1993	0.6656	0.4440
Epoch:500.0	1.2273	0.6631	0.4503
Epoch:501.0	1.2543	0.6684	0.4465
Epoch:502.0	1.2032	0.6642	0.4465
Epoch:503.0	1.2150	0.6713	0.4478
Epoch:504.0	1.2877	0.6613	0.4340
Epoch:505.0	1.2812	0.6784	0.4403
Epoch:506.0	1.1870	0.6741	0.4365
Epoch:507.0	1.2357	0.6702	0.4528
Epoch:508.0	1.2067	0.6702	0.4390
Epoch:509.0	1.1825	0.6869	0.4478
Epoch:510.0	1.1861	0.6684	0.4176
Epoch:511.0	1.1820	0.6674	0.4289
Epoch:512.0	1.2734	0.6621	0.4252
Epoch:513.0	1.1849	0.6780	0.4327
Epoch:514.0	1.1841	0.6649	0.4704
Epoch:515.0	1.1562	0.6873	0.4365
Epoch:516.0	1.1816	0.6699	0.4327
Epoch:517.0	1.2165	0.6713	0.4553
Epoch:518.0	1.2731	0.6834	0.4277
Epoch:519.0	1.1702	0.6805	0.4176
Epoch:520.0	1.2267	0.6592	0.4566
Epoch:521.0	1.1970	0.6603	0.4642
Epoch:522.0	1.2457	0.6773	0.4314
Epoch:523.0	1.2918	0.6738	0.4403
Epoch:524.0	1.2094	0.6713	0.4365
Epoch:525.0	1.1979	0.6738	0.4403
Epoch:526.0	1.2420	0.6692	0.4390
Epoch:527.0	1.1885	0.6720	0.4465
Epoch:528.0	1.1920	0.6652	0.4616
Epoch:529.0	1.2480	0.6635	0.4516
Epoch:530.0	1.1945	0.6702	0.4591
Epoch:531.0	1.2210	0.6752	0.4126
Epoch:532.0	1.1569	0.6752	0.4503
Epoch:533.0	1.1934	0.6748	0.4226
Epoch:534.0	1.1516	0.6759	0.4302
Epoch:535.0	1.1687	0.6706	0.4403
Epoch:536.0	1.2101	0.6805	0.4566
Epoch:537.0	1.2154	0.6670	0.4453
Epoch:538.0	1.2043	0.6734	0.4642
Epoch:539.0	1.1462	0.6802	0.4252
Epoch:540.0	1.1878	0.6738	0.4327
Epoch:541.0	1.1626	0.6773	0.4201
Epoch:542.0	1.2484	0.6738	0.4415
Epoch:543.0	1.1829	0.6723	0.4491
Epoch:544.0	1.1809	0.6766	0.4428
Epoch:545.0	1.1694	0.6738	0.4440
Epoch:546.0	1.1636	0.6816	0.4340
Epoch:547.0	1.2134	0.6656	0.4491
Epoch:548.0	1.1899	0.6738	0.4516
Epoch:549.0	1.1960	0.6699	0.4189
Epoch:550.0	1.1744	0.6738	0.4340
Epoch:551.0	1.1760	0.6741	0.4390
Epoch:552.0	1.1917	0.6660	0.4365
Epoch:553.0	1.2028	0.6745	0.4553
Epoch:554.0	1.1959	0.6731	0.4491
Epoch:555.0	1.2362	0.6738	0.4340
Epoch:556.0	1.1826	0.6684	0.4289
Epoch:557.0	1.1809	0.6720	0.4314
Epoch:558.0	1.1575	0.6709	0.4491
Epoch:559.0	1.1822	0.6699	0.4629
Epoch:560.0	1.1676	0.6791	0.4491
Epoch:561.0	1.1890	0.6695	0.4277
Epoch:562.0	1.1942	0.6763	0.4642
Epoch:563.0	1.1763	0.6674	0.4767
Epoch:564.0	1.1592	0.6787	0.4528
Epoch:565.0	1.1774	0.6766	0.4440
Epoch:566.0	1.1604	0.6791	0.4654
Epoch:567.0	1.2636	0.6805	0.4377
Epoch:568.0	1.1479	0.6819	0.4478
Epoch:569.0	1.1651	0.6890	0.4604
Epoch:570.0	1.2418	0.6699	0.4629
Epoch:571.0	1.1787	0.6670	0.4667
Epoch:572.0	1.1428	0.6844	0.4428
Epoch:573.0	1.1694	0.6748	0.4340
Epoch:574.0	1.1288	0.6834	0.4629
Epoch:575.0	1.2673	0.6908	0.4717
Epoch:576.0	1.1457	0.6809	0.4491
Epoch:577.0	1.1668	0.6755	0.4327
Epoch:578.0	1.1394	0.6816	0.4289
Epoch:579.0	1.1564	0.6873	0.4503
Epoch:580.0	1.2516	0.6883	0.4566
Epoch:581.0	1.1696	0.6770	0.4566
Epoch:582.0	1.1634	0.6720	0.4541
Epoch:583.0	1.1805	0.6763	0.4403
Epoch:584.0	1.2196	0.6841	0.4516
Epoch:585.0	1.1622	0.6855	0.4453
Epoch:586.0	1.1604	0.6688	0.4528
Epoch:587.0	1.1933	0.6645	0.4465
Epoch:588.0	1.1759	0.6812	0.4340
Epoch:589.0	1.2028	0.6830	0.4503
Epoch:590.0	1.1556	0.6780	0.4541
Epoch:591.0	1.2011	0.6809	0.4302
Epoch:592.0	1.2889	0.6823	0.4654
Epoch:593.0	1.1433	0.6826	0.4491
Epoch:594.0	1.2371	0.6777	0.4201
Epoch:595.0	1.1264	0.6869	0.4516
Epoch:596.0	1.1891	0.6837	0.4340
Epoch:597.0	1.1384	0.6869	0.4780
Epoch:598.0	1.3486	0.6823	0.4415
Epoch:599.0	1.1187	0.6812	0.4201
Epoch:600.0	1.1529	0.6837	0.4440
Epoch:601.0	1.1380	0.6897	0.4377
Epoch:602.0	1.2155	0.6830	0.4226
Epoch:603.0	1.1652	0.6830	0.4679
Epoch:604.0	1.1879	0.6773	0.4528
Epoch:605.0	1.2088	0.6809	0.4327
Epoch:606.0	1.1065	0.6933	0.4604
Epoch:607.0	1.3024	0.6787	0.4440
Epoch:608.0	1.1863	0.6823	0.4503
Epoch:609.0	1.1530	0.6933	0.4553
Epoch:610.0	1.1498	0.6784	0.4302
Epoch:611.0	1.1556	0.6848	0.4440
Epoch:612.0	1.1570	0.6723	0.4365
Epoch:613.0	1.1453	0.6812	0.4440
Epoch:614.0	1.1723	0.6734	0.4390
Epoch:615.0	1.1249	0.6873	0.4428
Epoch:616.0	1.1084	0.6947	0.4226
Epoch:617.0	1.1896	0.6883	0.4579
Epoch:618.0	1.1489	0.6905	0.4528
Epoch:619.0	1.1275	0.6826	0.4453
Epoch:620.0	1.2070	0.6876	0.4453
Epoch:621.0	1.1248	0.6830	0.4465
Epoch:622.0	1.1130	0.6901	0.4692
Epoch:623.0	1.1473	0.6862	0.4642
Epoch:624.0	1.2946	0.6897	0.4579
Epoch:625.0	1.1535	0.6865	0.4616
Epoch:626.0	1.1515	0.6890	0.4365
Epoch:627.0	1.2529	0.6809	0.4478
Epoch:628.0	1.1547	0.6887	0.4340
Epoch:629.0	1.1769	0.6883	0.4566
Epoch:630.0	1.1316	0.6908	0.4553
Epoch:631.0	1.1132	0.6940	0.4528
Epoch:632.0	1.2216	0.6794	0.4390
Epoch:633.0	1.1342	0.6880	0.4503
Epoch:634.0	1.1305	0.6883	0.4541
Epoch:635.0	1.1172	0.6830	0.4365
Epoch:636.0	1.1363	0.6844	0.4616
Epoch:637.0	1.1501	0.6958	0.4390
Epoch:638.0	1.1840	0.6844	0.4566
Epoch:639.0	1.1055	0.6954	0.4390
Epoch:640.0	1.1387	0.6901	0.4553
Epoch:641.0	1.1390	0.6912	0.4604
Epoch:642.0	1.1480	0.6851	0.4277
Epoch:643.0	1.1955	0.6851	0.4453
Epoch:644.0	1.1684	0.6826	0.4302
Epoch:645.0	1.1548	0.6869	0.4528
Epoch:646.0	1.1314	0.6883	0.4604
Epoch:647.0	1.1475	0.6812	0.4201
Epoch:648.0	1.1405	0.6837	0.4440
Epoch:649.0	1.1484	0.6837	0.4365
Epoch:650.0	1.2232	0.6763	0.4440
Epoch:651.0	1.1124	0.7071	0.4465
Epoch:652.0	1.2232	0.6883	0.4629
Epoch:653.0	1.1267	0.6894	0.4616
Epoch:654.0	1.1549	0.6830	0.4629
Epoch:655.0	1.1378	0.6954	0.4642
Epoch:656.0	1.1669	0.6777	0.4528
Epoch:657.0	1.2188	0.6862	0.4755
Epoch:658.0	1.1996	0.6823	0.4516
Epoch:659.0	1.1377	0.6823	0.4340
Epoch:660.0	1.0922	0.7029	0.4302
Epoch:661.0	1.2321	0.6961	0.4403
Epoch:662.0	1.0849	0.7047	0.4629
Epoch:663.0	1.1006	0.7000	0.4805
Epoch:664.0	1.1402	0.6855	0.4503
Epoch:665.0	1.1731	0.6830	0.4453
Epoch:666.0	1.1881	0.6812	0.4516
Epoch:667.0	1.1431	0.6887	0.4642
Epoch:668.0	1.1059	0.7000	0.4453
Epoch:669.0	1.1152	0.6869	0.4553
Epoch:670.0	1.1610	0.6802	0.4365
Epoch:671.0	1.1461	0.6965	0.4352
Epoch:672.0	1.1233	0.6951	0.4390
Epoch:673.0	1.1377	0.6894	0.4528
Epoch:674.0	1.1182	0.6947	0.4352
Epoch:675.0	1.1218	0.6883	0.4327
Epoch:676.0	1.1341	0.6897	0.4730
Epoch:677.0	1.0787	0.7061	0.4465
Epoch:678.0	1.1604	0.6958	0.4516
Epoch:679.0	1.0816	0.6993	0.4579
Epoch:680.0	1.1202	0.6837	0.4465
Epoch:681.0	1.1045	0.6894	0.4692
Epoch:682.0	1.0931	0.6926	0.4604
Epoch:683.0	1.1289	0.6944	0.4516
Epoch:684.0	1.1755	0.6894	0.4390
Epoch:685.0	1.1078	0.6993	0.4528
Epoch:686.0	1.1298	0.6890	0.4717
Epoch:687.0	1.1556	0.7025	0.4767
Epoch:688.0	1.1074	0.6890	0.4503
Epoch:689.0	1.0974	0.6983	0.4440
Epoch:690.0	1.1144	0.6848	0.4629
Epoch:691.0	1.1137	0.6936	0.4189
Epoch:692.0	1.1127	0.6961	0.4553
Epoch:693.0	1.1453	0.6887	0.4390
Epoch:694.0	1.1687	0.6890	0.4528
Epoch:695.0	1.0802	0.6993	0.4503
Epoch:696.0	1.2178	0.6954	0.4541
Epoch:697.0	1.1628	0.6876	0.4491
Epoch:698.0	1.1014	0.6848	0.4478
Epoch:699.0	1.1122	0.6919	0.4654
Epoch:700.0	1.0948	0.6976	0.4730
Epoch:701.0	1.1490	0.6986	0.4541
Epoch:702.0	1.0981	0.7029	0.4553
Epoch:703.0	1.1156	0.6951	0.4566
Epoch:704.0	1.0915	0.6816	0.4491
Epoch:705.0	1.1113	0.6944	0.4516
Epoch:706.0	1.1658	0.6901	0.4616
Epoch:707.0	1.1599	0.6841	0.4642
Epoch:708.0	1.1028	0.6883	0.4579
Epoch:709.0	1.1247	0.6968	0.4478
Epoch:710.0	1.1226	0.6865	0.4428
Epoch:711.0	1.1116	0.6936	0.4692
Epoch:712.0	1.1342	0.6944	0.4428
Epoch:713.0	1.0784	0.7093	0.4465
Epoch:714.0	1.1106	0.6929	0.4201
Epoch:715.0	1.1141	0.6965	0.4717
Epoch:716.0	1.0965	0.6919	0.4465
Epoch:717.0	1.0967	0.6979	0.4730
Epoch:718.0	1.0918	0.7050	0.4403
Epoch:719.0	1.1114	0.6983	0.4629
Epoch:720.0	1.0887	0.6958	0.4465
Epoch:721.0	1.0978	0.6983	0.4390
Epoch:722.0	1.1034	0.7050	0.4491
Epoch:723.0	1.1271	0.7015	0.4541
Epoch:724.0	1.0823	0.6873	0.4767
Epoch:725.0	1.0736	0.7036	0.4516
Epoch:726.0	1.2446	0.7000	0.4579
Epoch:727.0	1.0780	0.6944	0.4717
Epoch:728.0	1.0921	0.6968	0.4818
Epoch:729.0	1.0779	0.7025	0.4403
Epoch:730.0	1.2649	0.6936	0.4491
Epoch:731.0	1.1316	0.6961	0.4503
Epoch:732.0	1.1967	0.6919	0.4642
Epoch:733.0	1.1149	0.6823	0.4553
Epoch:734.0	1.0977	0.6862	0.4742
Epoch:735.0	1.1219	0.6855	0.4755
Epoch:736.0	1.1142	0.7050	0.4679
Epoch:737.0	1.1111	0.6944	0.4516
Epoch:738.0	1.0614	0.7043	0.4742
Epoch:739.0	1.0989	0.7000	0.4327
Epoch:740.0	1.1358	0.6887	0.4679
Epoch:741.0	1.1243	0.7032	0.4415
Epoch:742.0	1.1583	0.6926	0.4906
Epoch:743.0	1.1136	0.6936	0.4667
Epoch:744.0	1.1938	0.6905	0.4566
Epoch:745.0	1.1508	0.6990	0.4730
Epoch:746.0	1.1157	0.6954	0.4478
Epoch:747.0	1.0588	0.7022	0.4654
Epoch:748.0	1.0937	0.6997	0.4616
Epoch:749.0	1.0863	0.6972	0.4478
Epoch:750.0	1.1205	0.6908	0.4440
Epoch:751.0	1.1222	0.6954	0.4528
Epoch:752.0	1.0851	0.6983	0.4667
Epoch:753.0	1.1558	0.6802	0.4755
Epoch:754.0	1.0775	0.7125	0.4566
Epoch:755.0	1.0996	0.6993	0.4629
Epoch:756.0	1.0960	0.6990	0.4491
Epoch:757.0	1.2349	0.7015	0.4465
Epoch:758.0	1.0970	0.6919	0.4553
Epoch:759.0	1.1172	0.7050	0.4579
Epoch:760.0	1.1007	0.6990	0.4314
Epoch:761.0	1.0813	0.7015	0.4377
Epoch:762.0	1.1694	0.6958	0.4616
Epoch:763.0	1.0870	0.6940	0.4365
Epoch:764.0	1.1348	0.7015	0.4503
Epoch:765.0	1.0502	0.7057	0.4679
Epoch:766.0	1.0678	0.7047	0.4566
Epoch:767.0	1.0992	0.7061	0.4465
Epoch:768.0	1.1036	0.6933	0.4390
Epoch:769.0	1.0959	0.6883	0.4579
Epoch:770.0	1.0626	0.7007	0.4553
Epoch:771.0	1.1166	0.7004	0.4453
Epoch:772.0	1.0645	0.7039	0.4629
Epoch:773.0	1.0730	0.7068	0.4314
Epoch:774.0	1.0728	0.7054	0.4629
Epoch:775.0	1.0770	0.7000	0.4541
Epoch:776.0	1.0816	0.7132	0.4667
Epoch:777.0	1.0747	0.7018	0.4616
Epoch:778.0	1.0913	0.6968	0.4704
Epoch:779.0	1.0909	0.6976	0.4742
Epoch:780.0	1.1138	0.7047	0.4629
Epoch:781.0	1.0544	0.7096	0.4679
Epoch:782.0	1.0782	0.7043	0.4553
Epoch:783.0	1.0870	0.6961	0.4415
Epoch:784.0	1.0875	0.7047	0.4553
Epoch:785.0	1.1253	0.6936	0.4742
Epoch:786.0	1.0632	0.7054	0.4566
Epoch:787.0	1.0741	0.7082	0.4453
Epoch:788.0	1.0999	0.6905	0.4792
Epoch:789.0	1.0828	0.6986	0.4654
Epoch:790.0	1.0832	0.6972	0.4730
Epoch:791.0	1.0855	0.7025	0.4780
Epoch:792.0	1.1301	0.7036	0.4528
Epoch:793.0	1.0855	0.6976	0.4503
Epoch:794.0	1.0889	0.6997	0.4440
Epoch:795.0	1.0738	0.7075	0.4654
Epoch:796.0	1.1235	0.6880	0.4717
Epoch:797.0	1.0820	0.7025	0.4503
Epoch:798.0	1.0769	0.7118	0.4616
Epoch:799.0	1.0710	0.7174	0.4553
Epoch:800.0	1.0589	0.7071	0.4528
Epoch:801.0	1.0748	0.7004	0.4541
Epoch:802.0	1.0693	0.6816	0.4289
Epoch:803.0	1.0772	0.7011	0.4616
Epoch:804.0	1.0940	0.6876	0.4654
Epoch:805.0	1.0887	0.7032	0.4340
Epoch:806.0	1.0864	0.7036	0.4604
Epoch:807.0	1.0725	0.7036	0.4440
Epoch:808.0	1.1288	0.6865	0.4516
Epoch:809.0	1.0956	0.6976	0.4453
Epoch:810.0	1.1846	0.7043	0.4453
Epoch:811.0	1.0927	0.7022	0.4541
Epoch:812.0	1.0644	0.7071	0.4642
Epoch:813.0	1.0907	0.7032	0.4541
Epoch:814.0	1.1105	0.7082	0.4642
Epoch:815.0	1.0823	0.6936	0.4830
Epoch:816.0	1.0795	0.7036	0.4528
Epoch:817.0	1.0667	0.7118	0.4805
Epoch:818.0	1.0366	0.7149	0.4541
Epoch:819.0	1.0655	0.7018	0.4629
Epoch:820.0	1.0840	0.6947	0.4440
Epoch:821.0	1.1010	0.6897	0.4667
Epoch:822.0	1.1183	0.6958	0.4491
Epoch:823.0	1.1089	0.6983	0.4679
Epoch:824.0	1.0718	0.7000	0.4767
Epoch:825.0	1.0967	0.7025	0.4818
Epoch:826.0	1.0745	0.6990	0.4780
Epoch:827.0	1.1402	0.6951	0.4906
Epoch:828.0	1.0615	0.7054	0.4704
Epoch:829.0	1.0640	0.7047	0.4843
Epoch:830.0	1.0680	0.7022	0.4503
Epoch:831.0	1.0791	0.7128	0.4579
Epoch:832.0	1.1421	0.7036	0.4440
Epoch:833.0	1.0473	0.7100	0.4742
Epoch:834.0	1.1362	0.6933	0.4579
Epoch:835.0	1.0983	0.7071	0.4415
Epoch:836.0	1.1209	0.7146	0.4667
Epoch:837.0	1.0658	0.7000	0.4579
Epoch:838.0	1.0863	0.7114	0.4528
Epoch:839.0	1.0446	0.7149	0.4566
Epoch:840.0	1.0943	0.6961	0.4616
Epoch:841.0	1.0582	0.7071	0.4579
Epoch:842.0	1.0836	0.7000	0.4528
Epoch:843.0	1.0934	0.7061	0.4516
Epoch:844.0	1.0480	0.7135	0.4604
Epoch:845.0	1.0513	0.7068	0.4755
Epoch:846.0	1.0235	0.7157	0.4604
Epoch:847.0	1.0443	0.7039	0.4679
Epoch:848.0	1.1089	0.6926	0.4818
Epoch:849.0	1.1132	0.7139	0.4767
Epoch:850.0	1.0449	0.7064	0.4403
Epoch:851.0	1.0799	0.7043	0.4818
Epoch:852.0	1.1352	0.7103	0.4717
Epoch:853.0	1.0452	0.7139	0.4566
Epoch:854.0	1.0654	0.7068	0.4491
Epoch:855.0	1.0736	0.7075	0.4566
Epoch:856.0	1.1029	0.6965	0.4604
Epoch:857.0	1.1186	0.6958	0.4730
Epoch:858.0	1.0903	0.7015	0.4667
Epoch:859.0	1.0855	0.7082	0.4642
Epoch:860.0	1.0891	0.6947	0.4453
Epoch:861.0	1.0557	0.7068	0.4629
Epoch:862.0	1.0617	0.7054	0.4566
Epoch:863.0	1.0820	0.6979	0.4667
Epoch:864.0	1.0607	0.7036	0.4478
Epoch:865.0	1.1228	0.6961	0.4667
Epoch:866.0	1.0490	0.7039	0.4541
Epoch:867.0	1.0581	0.7114	0.4503
Epoch:868.0	1.0882	0.6961	0.4616
Epoch:869.0	1.0681	0.7078	0.4767
Epoch:870.0	1.0375	0.7100	0.4465
Epoch:871.0	1.0811	0.7078	0.4654
Epoch:872.0	1.0469	0.7036	0.4528
Epoch:873.0	1.0909	0.7043	0.4491
Epoch:874.0	1.0327	0.7103	0.4503
Epoch:875.0	1.0306	0.7114	0.4629
Epoch:876.0	1.0522	0.7103	0.4830
Epoch:877.0	1.0373	0.7025	0.4579
Epoch:878.0	1.0299	0.7181	0.4478
Epoch:879.0	1.0781	0.7110	0.4491
Epoch:880.0	1.0580	0.7125	0.4604
Epoch:881.0	1.0608	0.6976	0.4767
Epoch:882.0	1.1623	0.7043	0.4642
Epoch:883.0	1.0729	0.7047	0.4604
Epoch:884.0	1.1782	0.7068	0.4629
Epoch:885.0	1.0259	0.7157	0.4604
Epoch:886.0	1.1318	0.7015	0.4667
Epoch:887.0	1.0530	0.7064	0.4755
Epoch:888.0	1.0390	0.7061	0.4528
Epoch:889.0	1.0304	0.7096	0.4566
Epoch:890.0	1.1878	0.6954	0.4541
Epoch:891.0	1.0392	0.7075	0.4365
Epoch:892.0	1.0393	0.7142	0.4654
Epoch:893.0	1.0275	0.7128	0.4881
Epoch:894.0	1.0558	0.7075	0.4667
Epoch:895.0	1.0354	0.7199	0.4616
Epoch:896.0	1.0568	0.7082	0.4629
Epoch:897.0	1.0759	0.7015	0.4730
Epoch:898.0	1.0384	0.7174	0.4843
Epoch:899.0	1.0309	0.7174	0.4830
Epoch:900.0	1.0411	0.7061	0.4541
Epoch:901.0	1.0446	0.7142	0.4654
Epoch:902.0	1.0438	0.7054	0.4566
Epoch:903.0	1.0848	0.7000	0.4767
Epoch:904.0	1.0288	0.7086	0.4553
Epoch:905.0	1.0486	0.7103	0.4629
Epoch:906.0	1.1283	0.7132	0.4491
Epoch:907.0	1.0111	0.7093	0.4679
Epoch:908.0	1.0587	0.7160	0.4755
Epoch:909.0	1.0573	0.7103	0.4566
Epoch:910.0	1.0127	0.7181	0.4742
Epoch:911.0	1.0278	0.7118	0.4717
Epoch:912.0	1.0561	0.7061	0.4755
Epoch:913.0	1.1020	0.7039	0.4591
Epoch:914.0	1.1175	0.6961	0.4541
Epoch:915.0	1.0420	0.7050	0.4616
Epoch:916.0	1.0322	0.7103	0.4629
Epoch:917.0	1.0459	0.7086	0.4465
Epoch:918.0	1.0631	0.7054	0.4692
Epoch:919.0	1.0167	0.7061	0.4679
Epoch:920.0	1.0222	0.7135	0.4566
Epoch:921.0	1.0321	0.7139	0.4805
Epoch:922.0	1.1618	0.7125	0.4881
Epoch:923.0	1.0423	0.7061	0.4415
Epoch:924.0	1.0292	0.7178	0.4667
Epoch:925.0	1.1575	0.7004	0.4616
Epoch:926.0	1.0190	0.7086	0.4667
Epoch:927.0	1.0601	0.7043	0.4579
Epoch:928.0	1.1537	0.7089	0.4717
Epoch:929.0	1.0299	0.7064	0.4805
Epoch:930.0	1.0516	0.6997	0.4553
Epoch:931.0	0.9935	0.7228	0.4528
Epoch:932.0	1.1040	0.7022	0.4629
Epoch:933.0	1.0775	0.7036	0.4591
Epoch:934.0	1.0908	0.7022	0.4692
Epoch:935.0	1.0366	0.7068	0.4352
Epoch:936.0	1.0490	0.7047	0.4730
Epoch:937.0	1.0808	0.7054	0.4755
Epoch:938.0	1.0379	0.7022	0.4881
Epoch:939.0	1.0340	0.7125	0.4931
Epoch:940.0	1.0701	0.7075	0.4642
Epoch:941.0	1.0478	0.7018	0.4692
Epoch:942.0	1.0319	0.7096	0.4491
Epoch:943.0	1.0334	0.7007	0.4855
Epoch:944.0	1.0276	0.7185	0.4327
Epoch:945.0	1.0624	0.7036	0.4528
Epoch:946.0	1.0460	0.7064	0.4755
Epoch:947.0	1.0207	0.7118	0.4767
Epoch:948.0	1.0067	0.7199	0.4792
Epoch:949.0	1.0085	0.7203	0.4767
Epoch:950.0	1.0682	0.7146	0.4704
Epoch:951.0	1.0856	0.7139	0.4755
Epoch:952.0	1.0348	0.7071	0.4629
Epoch:953.0	1.0450	0.7171	0.4616
Epoch:954.0	1.0422	0.7086	0.4717
Epoch:955.0	1.0260	0.7107	0.4730
Epoch:956.0	1.0217	0.7128	0.4780
Epoch:957.0	1.0125	0.7188	0.4730
Epoch:958.0	1.0553	0.7114	0.4755
Epoch:959.0	0.9989	0.7181	0.4629
Epoch:960.0	1.0237	0.7146	0.4755
Epoch:961.0	1.0457	0.7107	0.4654
Epoch:962.0	1.0853	0.7061	0.4616
Epoch:963.0	1.0734	0.7135	0.4566
Epoch:964.0	1.2265	0.7206	0.4717
Epoch:965.0	1.0690	0.7220	0.4742
Epoch:966.0	1.0054	0.7128	0.4730
Epoch:967.0	1.1232	0.7057	0.4679
Epoch:968.0	1.0653	0.7171	0.4742
Epoch:969.0	1.1009	0.7061	0.4579
Epoch:970.0	1.1279	0.7125	0.4755
Epoch:971.0	1.0590	0.7103	0.4616
Epoch:972.0	1.1094	0.7121	0.4692
Epoch:973.0	1.0774	0.7125	0.4780
Epoch:974.0	1.0167	0.7171	0.4704
Epoch:975.0	1.0372	0.7132	0.4516
Epoch:976.0	1.1118	0.7118	0.4642
Epoch:977.0	1.0762	0.7043	0.4843
Epoch:978.0	1.1190	0.7093	0.4717
Epoch:979.0	1.0354	0.7146	0.4667
Epoch:980.0	1.0342	0.7139	0.4717
Epoch:981.0	1.0469	0.7118	0.4553
Epoch:982.0	1.0348	0.7061	0.4453
Epoch:983.0	1.0236	0.7171	0.4704
Epoch:984.0	1.0380	0.7249	0.4579
Epoch:985.0	1.0487	0.7178	0.4692
Epoch:986.0	1.0417	0.7075	0.4906
Epoch:987.0	1.0095	0.7192	0.4604
Epoch:988.0	1.1152	0.7167	0.4591
Epoch:989.0	1.0186	0.7274	0.4642
Epoch:990.0	1.0211	0.7210	0.4629
Epoch:991.0	1.0500	0.7125	0.4465
Epoch:992.0	1.0390	0.7050	0.4692
Epoch:993.0	1.0709	0.7160	0.4742
Epoch:994.0	1.0941	0.7256	0.4654
Epoch:995.0	1.0014	0.7149	0.4767
Epoch:996.0	1.0137	0.7238	0.4931
Epoch:997.0	1.0233	0.7171	0.4704
Epoch:998.0	1.0237	0.7018	0.4742
Epoch:999.0	0.9993	0.7352	0.4528
Epoch:1000.0	1.0257	0.7103	0.4818
