Experiment log
Epoch	ClsLoss	SrcAcc	TarAcc
Epoch:1.0	1.9335	0.5002	0.6151
Epoch:2.0	0.8686	0.7639	0.6239
Epoch:3.0	0.6876	0.8012	0.6616
Epoch:4.0	0.5495	0.8427	0.6717
Epoch:5.0	0.4827	0.8587	0.6767
Epoch:6.0	0.4102	0.8765	0.6591
Epoch:7.0	0.3672	0.8804	0.6805
Epoch:8.0	0.3188	0.8995	0.6629
Epoch:9.0	0.2986	0.9116	0.6415
Epoch:10.0	0.2279	0.9315	0.6491
Epoch:11.0	0.2279	0.9333	0.6428
Epoch:12.0	0.1997	0.9407	0.6881
Epoch:13.0	0.2002	0.9386	0.6340
Epoch:14.0	0.1618	0.9471	0.6654
Epoch:15.0	0.1340	0.9574	0.6440
Epoch:16.0	0.1358	0.9613	0.6843
Epoch:17.0	0.1250	0.9585	0.6453
Epoch:18.0	0.1135	0.9641	0.6629
Epoch:19.0	0.1207	0.9620	0.6465
Epoch:20.0	0.0875	0.9727	0.6755
Epoch:21.0	0.0825	0.9723	0.6415
Epoch:22.0	0.0908	0.9720	0.6453
Epoch:23.0	0.0784	0.9787	0.6415
Epoch:24.0	0.0602	0.9812	0.6616
Epoch:25.0	0.0679	0.9787	0.6591
Epoch:26.0	0.0553	0.9844	0.6428
Epoch:27.0	0.0521	0.9808	0.6616
Epoch:28.0	0.0688	0.9762	0.6704
Epoch:29.0	0.0612	0.9787	0.6692
Epoch:30.0	0.0453	0.9844	0.6591
Epoch:31.0	0.0571	0.9805	0.6692
Epoch:32.0	0.0444	0.9872	0.6780
Epoch:33.0	0.0397	0.9876	0.6780
Epoch:34.0	0.0407	0.9872	0.7006
Epoch:35.0	0.0496	0.9851	0.6591
Epoch:36.0	0.0530	0.9830	0.6679
Epoch:37.0	0.0385	0.9897	0.6906
Epoch:38.0	0.0389	0.9879	0.6717
Epoch:39.0	0.0347	0.9894	0.6717
Epoch:40.0	0.0258	0.9925	0.6868
Epoch:41.0	0.0272	0.9915	0.6667
Epoch:42.0	0.0238	0.9929	0.6742
Epoch:43.0	0.0294	0.9915	0.6730
Epoch:44.0	0.0299	0.9904	0.6704
Epoch:45.0	0.0235	0.9940	0.6805
Epoch:46.0	0.0343	0.9886	0.6704
Epoch:47.0	0.0321	0.9915	0.6855
Epoch:48.0	0.0257	0.9918	0.6730
Epoch:49.0	0.0242	0.9922	0.6755
Epoch:50.0	0.0231	0.9936	0.6818
Epoch:51.0	0.0224	0.9929	0.6704
Epoch:52.0	0.0318	0.9911	0.6616
Epoch:53.0	0.1216	0.9741	0.6730
Epoch:54.0	0.0308	0.9901	0.6566
Epoch:55.0	0.0286	0.9908	0.6302
Epoch:56.0	0.0249	0.9922	0.6616
Epoch:57.0	0.0202	0.9943	0.6541
Epoch:58.0	0.0231	0.9933	0.6742
Epoch:59.0	0.0232	0.9933	0.6566
Epoch:60.0	0.0234	0.9933	0.6629
Epoch:61.0	0.0142	0.9961	0.6830
Epoch:62.0	0.0217	0.9929	0.6881
Epoch:63.0	0.0255	0.9918	0.6767
Epoch:64.0	0.0209	0.9929	0.6755
Epoch:65.0	0.0213	0.9925	0.6528
Epoch:66.0	0.0173	0.9947	0.6843
Epoch:67.0	0.0228	0.9925	0.6843
Epoch:68.0	0.0159	0.9947	0.6704
Epoch:69.0	0.0142	0.9954	0.6654
Epoch:70.0	0.0238	0.9940	0.6881
Epoch:71.0	0.0150	0.9961	0.6755
Epoch:72.0	0.0217	0.9925	0.6730
Epoch:73.0	0.0150	0.9957	0.6956
Epoch:74.0	0.0202	0.9936	0.6616
Epoch:75.0	0.0164	0.9950	0.6830
Epoch:76.0	0.0202	0.9922	0.6830
Epoch:77.0	0.0187	0.9947	0.6931
Epoch:78.0	0.0130	0.9954	0.6868
Epoch:79.0	0.0190	0.9947	0.6855
Epoch:80.0	0.0130	0.9957	0.6855
Epoch:81.0	0.0221	0.9929	0.6805
Epoch:82.0	0.0108	0.9968	0.6906
Epoch:83.0	0.0132	0.9968	0.6868
Epoch:84.0	0.0125	0.9954	0.6843
Epoch:85.0	0.0178	0.9929	0.6818
Epoch:86.0	0.0113	0.9968	0.6667
Epoch:87.0	0.0161	0.9954	0.6755
Epoch:88.0	0.0166	0.9954	0.6792
Epoch:89.0	0.0258	0.9922	0.6792
Epoch:90.0	0.0149	0.9950	0.6818
Epoch:91.0	0.0135	0.9968	0.6818
Epoch:92.0	0.0145	0.9943	0.6704
Epoch:93.0	0.0110	0.9979	0.7044
Epoch:94.0	0.0136	0.9957	0.7044
Epoch:95.0	0.0139	0.9979	0.6918
Epoch:96.0	0.0216	0.9933	0.6868
Epoch:97.0	0.0114	0.9975	0.7019
Epoch:98.0	0.0101	0.9975	0.6931
Epoch:99.0	0.0120	0.9961	0.6704
Epoch:100.0	0.0089	0.9975	0.6679
Epoch:101.0	0.0115	0.9968	0.6906
Epoch:102.0	0.0161	0.9954	0.6667
Epoch:103.0	0.0105	0.9968	0.7044
Epoch:104.0	0.0078	0.9986	0.6792
Epoch:105.0	0.0115	0.9950	0.6780
Epoch:106.0	0.0090	0.9968	0.6792
Epoch:107.0	0.0052	0.9989	0.6792
Epoch:108.0	0.0088	0.9968	0.6855
Epoch:109.0	0.0097	0.9968	0.6843
Epoch:110.0	0.0084	0.9972	0.6843
Epoch:111.0	0.0081	0.9968	0.6654
Epoch:112.0	0.0126	0.9961	0.6591
Epoch:113.0	0.0121	0.9972	0.6629
Epoch:114.0	0.0092	0.9975	0.6629
Epoch:115.0	0.0091	0.9972	0.6604
Epoch:116.0	0.0081	0.9975	0.6654
Epoch:117.0	0.0125	0.9968	0.6767
Epoch:118.0	0.0129	0.9961	0.6654
Epoch:119.0	0.0088	0.9982	0.6591
Epoch:120.0	0.0111	0.9972	0.6654
Epoch:121.0	0.0113	0.9972	0.6616
Epoch:122.0	0.0131	0.9954	0.6780
Epoch:123.0	0.0138	0.9954	0.6755
Epoch:124.0	0.0079	0.9986	0.7006
Epoch:125.0	0.0079	0.9975	0.6780
Epoch:126.0	0.0105	0.9965	0.6818
Epoch:127.0	0.0096	0.9968	0.6767
Epoch:128.0	0.0058	0.9993	0.6730
Epoch:129.0	0.0089	0.9975	0.6780
Epoch:130.0	0.0079	0.9975	0.6604
Epoch:131.0	0.0091	0.9975	0.6667
Epoch:132.0	0.0094	0.9979	0.6755
Epoch:133.0	0.0093	0.9972	0.6755
Epoch:134.0	0.0069	0.9979	0.6566
Epoch:135.0	0.0099	0.9979	0.6755
Epoch:136.0	0.0067	0.9982	0.6491
Epoch:137.0	0.0050	0.9989	0.6843
Epoch:138.0	0.0071	0.9979	0.6843
Epoch:139.0	0.0076	0.9975	0.6931
Epoch:140.0	0.0136	0.9972	0.6868
Epoch:141.0	0.0087	0.9972	0.6792
Epoch:142.0	0.0079	0.9979	0.6818
Epoch:143.0	0.0097	0.9968	0.6868
Epoch:144.0	0.0056	0.9986	0.6931
Epoch:145.0	0.0076	0.9975	0.6943
Epoch:146.0	0.0074	0.9979	0.6981
Epoch:147.0	0.0053	0.9989	0.6855
Epoch:148.0	0.0069	0.9975	0.6755
Epoch:149.0	0.0082	0.9975	0.6805
Epoch:150.0	0.0066	0.9972	0.6767
Epoch:151.0	0.0052	0.9982	0.6818
Epoch:152.0	0.0091	0.9975	0.6818
Epoch:153.0	0.0041	0.9993	0.6792
Epoch:154.0	0.0085	0.9968	0.6717
Epoch:155.0	0.0071	0.9982	0.6805
Epoch:156.0	0.0096	0.9965	0.6818
Epoch:157.0	0.0087	0.9972	0.6780
Epoch:158.0	0.0099	0.9961	0.6881
Epoch:159.0	0.0064	0.9979	0.6755
Epoch:160.0	0.0070	0.9979	0.6893
Epoch:161.0	0.0066	0.9982	0.6818
Epoch:162.0	0.0057	0.9986	0.7094
Epoch:163.0	0.0053	0.9989	0.6918
Epoch:164.0	0.0059	0.9979	0.6830
Epoch:165.0	0.0061	0.9982	0.6629
Epoch:166.0	0.0078	0.9979	0.6881
Epoch:167.0	0.0080	0.9972	0.6792
Epoch:168.0	0.0031	0.9993	0.6868
Epoch:169.0	0.0037	0.9993	0.6918
Epoch:170.0	0.0062	0.9986	0.6868
Epoch:171.0	0.0066	0.9982	0.6830
Epoch:172.0	0.0112	0.9972	0.6906
Epoch:173.0	0.0048	0.9986	0.6843
Epoch:174.0	0.0088	0.9975	0.7044
Epoch:175.0	0.0052	0.9982	0.6893
Epoch:176.0	0.0104	0.9972	0.6755
Epoch:177.0	0.0071	0.9982	0.6868
Epoch:178.0	0.0044	0.9982	0.6843
Epoch:179.0	0.0091	0.9972	0.6830
Epoch:180.0	0.0042	0.9993	0.6969
Epoch:181.0	0.0079	0.9972	0.6730
Epoch:182.0	0.0040	0.9993	0.6855
Epoch:183.0	0.0055	0.9986	0.6855
Epoch:184.0	0.0061	0.9982	0.6767
Epoch:185.0	0.0054	0.9989	0.6855
Epoch:186.0	0.0039	0.9993	0.6780
Epoch:187.0	0.0060	0.9979	0.6780
Epoch:188.0	0.0064	0.9979	0.6730
Epoch:189.0	0.0056	0.9986	0.6780
Epoch:190.0	0.0114	0.9954	0.6843
Epoch:191.0	0.0043	0.9993	0.6868
Epoch:192.0	0.0065	0.9979	0.6818
Epoch:193.0	0.0049	0.9982	0.6805
Epoch:194.0	0.0033	0.9986	0.7132
Epoch:195.0	0.0041	0.9989	0.6830
Epoch:196.0	0.0064	0.9986	0.6956
Epoch:197.0	0.0053	0.9979	0.6830
Epoch:198.0	0.0054	0.9986	0.6855
Epoch:199.0	0.0094	0.9982	0.6956
Epoch:200.0	0.0086	0.9968	0.6843
Epoch:201.0	0.0123	0.9961	0.6742
Epoch:202.0	0.0068	0.9979	0.6855
Epoch:203.0	0.0058	0.9986	0.6855
Epoch:204.0	0.0065	0.9982	0.6818
Epoch:205.0	0.0030	0.9996	0.6679
Epoch:206.0	0.0034	0.9982	0.6679
Epoch:207.0	0.0032	0.9989	0.6931
Epoch:208.0	0.0045	0.9989	0.6792
Epoch:209.0	0.0025	0.9996	0.6792
Epoch:210.0	0.0077	0.9982	0.6830
Epoch:211.0	0.0082	0.9975	0.6906
Epoch:212.0	0.0053	0.9986	0.6855
Epoch:213.0	0.0040	0.9982	0.6755
Epoch:214.0	0.0055	0.9979	0.6830
Epoch:215.0	0.0061	0.9979	0.6893
Epoch:216.0	0.0054	0.9993	0.6742
Epoch:217.0	0.0083	0.9979	0.6780
Epoch:218.0	0.0037	0.9996	0.6654
Epoch:219.0	0.0047	0.9989	0.6717
Epoch:220.0	0.0011	1.0000	0.6956
Epoch:221.0	0.0091	0.9979	0.6893
Epoch:222.0	0.0036	0.9986	0.6881
Epoch:223.0	0.0078	0.9982	0.6767
Epoch:224.0	0.0048	0.9986	0.6805
Epoch:225.0	0.0034	0.9996	0.6994
Epoch:226.0	0.0049	0.9982	0.7057
Epoch:227.0	0.0028	0.9993	0.6818
Epoch:228.0	0.0056	0.9979	0.6855
Epoch:229.0	0.0035	0.9993	0.6855
Epoch:230.0	0.0038	0.9993	0.6943
Epoch:231.0	0.0026	0.9993	0.6855
Epoch:232.0	0.0019	0.9996	0.7019
Epoch:233.0	0.0065	0.9986	0.6767
Epoch:234.0	0.0073	0.9965	0.6805
Epoch:235.0	0.0072	0.9972	0.6893
Epoch:236.0	0.0075	0.9975	0.6855
Epoch:237.0	0.0092	0.9975	0.6855
Epoch:238.0	0.0064	0.9986	0.6981
Epoch:239.0	0.0036	0.9982	0.6792
Epoch:240.0	0.0031	0.9989	0.6818
Epoch:241.0	0.0054	0.9979	0.6629
Epoch:242.0	0.0054	0.9989	0.6805
Epoch:243.0	0.0054	0.9979	0.6906
Epoch:244.0	0.0039	0.9989	0.6755
Epoch:245.0	0.0052	0.9979	0.6679
Epoch:246.0	0.0039	0.9989	0.6881
Epoch:247.0	0.0021	1.0000	0.6906
Epoch:248.0	0.0046	0.9986	0.7006
Epoch:249.0	0.0047	0.9986	0.6818
Epoch:250.0	0.0029	0.9989	0.6654
Epoch:251.0	0.0029	0.9996	0.6742
Epoch:252.0	0.0075	0.9965	0.6855
Epoch:253.0	0.0058	0.9982	0.6830
Epoch:254.0	0.0095	0.9975	0.6717
Epoch:255.0	0.0036	0.9986	0.6818
Epoch:256.0	0.0044	0.9989	0.6893
Epoch:257.0	0.0024	0.9993	0.6755
Epoch:258.0	0.0041	0.9986	0.6830
Epoch:259.0	0.0042	0.9986	0.6629
Epoch:260.0	0.0032	0.9993	0.6855
Epoch:261.0	0.0053	0.9989	0.6704
Epoch:262.0	0.0032	0.9989	0.6830
Epoch:263.0	0.0082	0.9975	0.6881
Epoch:264.0	0.0039	0.9993	0.6855
Epoch:265.0	0.0041	0.9989	0.6792
Epoch:266.0	0.0048	0.9982	0.6843
Epoch:267.0	0.0030	0.9989	0.6818
Epoch:268.0	0.0033	0.9996	0.6805
Epoch:269.0	0.0037	0.9989	0.6843
Epoch:270.0	0.0063	0.9982	0.6843
Epoch:271.0	0.0059	0.9993	0.6943
Epoch:272.0	0.0026	0.9996	0.6881
Epoch:273.0	0.0051	0.9989	0.6704
Epoch:274.0	0.0050	0.9975	0.6843
Epoch:275.0	0.0046	0.9989	0.6956
Epoch:276.0	0.0034	0.9989	0.6893
Epoch:277.0	0.0052	0.9986	0.6918
Epoch:278.0	0.0042	0.9986	0.6830
Epoch:279.0	0.0038	0.9979	0.6906
Epoch:280.0	0.0040	0.9996	0.6830
Epoch:281.0	0.0034	0.9993	0.6881
Epoch:282.0	0.0068	0.9982	0.6730
Epoch:283.0	0.0042	0.9989	0.6742
Epoch:284.0	0.0081	0.9972	0.6767
Epoch:285.0	0.0023	0.9996	0.6642
Epoch:286.0	0.0046	0.9986	0.6805
Epoch:287.0	0.0016	0.9996	0.6818
Epoch:288.0	0.0053	0.9982	0.6679
Epoch:289.0	0.0059	0.9982	0.6692
Epoch:290.0	0.0032	0.9993	0.6805
Epoch:291.0	0.0085	0.9986	0.6642
Epoch:292.0	0.0057	0.9979	0.6767
Epoch:293.0	0.0029	0.9996	0.6868
Epoch:294.0	0.0069	0.9975	0.7044
Epoch:295.0	0.0046	0.9979	0.6893
Epoch:296.0	0.0038	0.9986	0.6792
Epoch:297.0	0.0025	0.9989	0.6906
Epoch:298.0	0.0061	0.9989	0.6780
Epoch:299.0	0.0048	0.9986	0.6893
Epoch:300.0	0.0042	0.9986	0.6956
Epoch:301.0	0.0042	0.9989	0.6881
Epoch:302.0	0.0032	0.9986	0.6818
Epoch:303.0	0.0038	0.9986	0.6830
Epoch:304.0	0.0028	0.9986	0.6717
Epoch:305.0	0.0038	0.9993	0.6893
Epoch:306.0	0.0041	0.9996	0.6906
Epoch:307.0	0.0043	0.9982	0.6604
Epoch:308.0	0.0038	0.9989	0.6981
Epoch:309.0	0.0053	0.9979	0.6679
Epoch:310.0	0.0059	0.9982	0.6704
Epoch:311.0	0.0025	0.9996	0.6868
Epoch:312.0	0.0018	0.9996	0.6981
Epoch:313.0	0.0033	0.9989	0.6843
Epoch:314.0	0.0055	0.9982	0.6855
Epoch:315.0	0.0059	0.9979	0.6792
Epoch:316.0	0.0018	1.0000	0.6843
Epoch:317.0	0.0066	0.9982	0.6805
Epoch:318.0	0.0029	0.9993	0.6755
Epoch:319.0	0.0021	0.9996	0.6855
Epoch:320.0	0.0022	0.9993	0.6755
Epoch:321.0	0.0047	0.9989	0.6830
Epoch:322.0	0.0042	0.9993	0.6969
Epoch:323.0	0.0067	0.9979	0.6943
Epoch:324.0	0.0043	0.9982	0.6717
Epoch:325.0	0.0026	0.9996	0.6881
Epoch:326.0	0.0033	0.9982	0.7006
Epoch:327.0	0.0022	0.9993	0.6956
Epoch:328.0	0.0023	0.9993	0.6918
Epoch:329.0	0.0017	0.9993	0.6830
Epoch:330.0	0.0056	0.9989	0.6868
Epoch:331.0	0.0042	0.9986	0.6730
Epoch:332.0	0.0035	0.9996	0.6730
Epoch:333.0	0.0040	0.9979	0.7119
Epoch:334.0	0.0014	1.0000	0.6893
Epoch:335.0	0.0056	0.9982	0.6906
Epoch:336.0	0.0024	0.9996	0.6843
Epoch:337.0	0.0015	0.9996	0.6918
Epoch:338.0	0.0017	0.9996	0.6818
Epoch:339.0	0.0037	0.9989	0.7082
Epoch:340.0	0.0022	0.9993	0.6943
Epoch:341.0	0.0029	0.9986	0.6692
Epoch:342.0	0.0062	0.9979	0.7006
Epoch:343.0	0.0014	1.0000	0.6956
Epoch:344.0	0.0024	0.9993	0.6843
Epoch:345.0	0.0062	0.9986	0.6931
Epoch:346.0	0.0057	0.9989	0.6780
Epoch:347.0	0.0054	0.9979	0.6906
Epoch:348.0	0.0029	0.9993	0.6918
Epoch:349.0	0.0060	0.9979	0.6742
Epoch:350.0	0.0026	1.0000	0.6805
Epoch:351.0	0.0023	0.9996	0.6767
Epoch:352.0	0.0022	0.9989	0.6931
Epoch:353.0	0.0037	0.9989	0.6931
Epoch:354.0	0.0026	0.9993	0.6969
Epoch:355.0	0.0017	1.0000	0.6994
Epoch:356.0	0.0033	0.9993	0.7019
Epoch:357.0	0.0032	0.9993	0.6906
Epoch:358.0	0.0037	0.9993	0.6893
Epoch:359.0	0.0026	0.9993	0.6767
Epoch:360.0	0.0041	0.9982	0.6969
Epoch:361.0	0.0020	0.9996	0.6843
Epoch:362.0	0.0024	0.9993	0.6830
Epoch:363.0	0.0035	0.9996	0.6742
Epoch:364.0	0.0032	0.9996	0.6805
Epoch:365.0	0.0029	0.9993	0.6881
Epoch:366.0	0.0045	0.9982	0.6818
Epoch:367.0	0.0020	0.9996	0.6931
Epoch:368.0	0.0046	0.9979	0.6931
Epoch:369.0	0.0020	0.9993	0.6956
Epoch:370.0	0.0025	0.9993	0.6818
Epoch:371.0	0.0019	0.9996	0.6956
Epoch:372.0	0.0031	0.9993	0.6755
Epoch:373.0	0.0028	0.9989	0.6994
Epoch:374.0	0.0051	0.9979	0.6730
Epoch:375.0	0.0033	0.9993	0.7006
Epoch:376.0	0.0028	0.9993	0.6792
Epoch:377.0	0.0016	0.9993	0.6931
Epoch:378.0	0.0022	0.9996	0.6981
Epoch:379.0	0.0008	1.0000	0.6755
Epoch:380.0	0.0025	0.9989	0.6969
Epoch:381.0	0.0018	0.9993	0.6843
Epoch:382.0	0.0031	0.9989	0.7006
Epoch:383.0	0.0024	0.9993	0.6906
Epoch:384.0	0.0036	0.9989	0.6918
Epoch:385.0	0.0039	0.9986	0.7107
Epoch:386.0	0.0013	0.9996	0.6931
Epoch:387.0	0.0022	0.9993	0.6818
Epoch:388.0	0.0024	0.9989	0.6704
Epoch:389.0	0.0073	0.9982	0.6918
Epoch:390.0	0.0031	0.9993	0.7031
Epoch:391.0	0.0040	0.9982	0.6843
Epoch:392.0	0.0036	0.9993	0.6704
Epoch:393.0	0.0043	0.9989	0.6906
Epoch:394.0	0.0047	0.9986	0.7094
Epoch:395.0	0.0035	0.9989	0.6818
Epoch:396.0	0.0030	0.9989	0.6868
Epoch:397.0	0.0010	1.0000	0.6906
Epoch:398.0	0.0010	1.0000	0.6893
Epoch:399.0	0.0046	0.9982	0.6969
Epoch:400.0	0.0026	0.9996	0.6956
Epoch:401.0	0.0031	0.9993	0.6742
Epoch:402.0	0.0023	0.9993	0.6830
Epoch:403.0	0.0014	0.9996	0.6767
Epoch:404.0	0.0036	0.9989	0.6767
Epoch:405.0	0.0036	0.9986	0.6767
Epoch:406.0	0.0037	0.9986	0.6679
Epoch:407.0	0.0050	0.9982	0.6792
Epoch:408.0	0.0046	0.9982	0.6931
Epoch:409.0	0.0034	0.9986	0.6981
Epoch:410.0	0.0056	0.9986	0.6981
Epoch:411.0	0.0013	0.9996	0.6981
Epoch:412.0	0.0044	0.9986	0.6868
Epoch:413.0	0.0050	0.9986	0.6792
Epoch:414.0	0.0016	1.0000	0.6969
Epoch:415.0	0.0036	0.9989	0.6767
Epoch:416.0	0.0026	0.9993	0.6868
Epoch:417.0	0.0033	0.9993	0.6956
Epoch:418.0	0.0047	0.9979	0.6931
Epoch:419.0	0.0032	0.9989	0.6906
Epoch:420.0	0.0008	1.0000	0.6780
Epoch:421.0	0.0025	0.9989	0.6881
Epoch:422.0	0.0034	0.9989	0.6893
Epoch:423.0	0.0101	0.9972	0.7019
Epoch:424.0	0.0019	0.9993	0.6893
Epoch:425.0	0.0029	0.9993	0.6881
Epoch:426.0	0.0027	0.9993	0.6792
Epoch:427.0	0.0012	1.0000	0.6943
Epoch:428.0	0.0070	0.9993	0.6767
Epoch:429.0	0.0260	0.9925	0.6792
Epoch:430.0	0.0018	0.9996	0.7006
Epoch:431.0	0.0034	0.9979	0.6667
Epoch:432.0	0.0038	0.9979	0.6843
Epoch:433.0	0.0043	0.9993	0.6755
Epoch:434.0	0.0029	0.9993	0.6906
Epoch:435.0	0.0016	1.0000	0.7031
Epoch:436.0	0.0062	0.9982	0.6742
Epoch:437.0	0.0031	0.9993	0.6943
Epoch:438.0	0.0039	0.9986	0.6855
Epoch:439.0	0.0028	0.9996	0.6893
Epoch:440.0	0.0029	0.9989	0.6818
Epoch:441.0	0.0045	0.9986	0.6830
Epoch:442.0	0.0011	0.9996	0.6906
Epoch:443.0	0.0019	0.9993	0.6969
Epoch:444.0	0.0021	0.9993	0.6843
Epoch:445.0	0.0040	0.9989	0.7182
Epoch:446.0	0.0014	0.9996	0.6881
Epoch:447.0	0.0019	0.9993	0.7031
Epoch:448.0	0.0016	0.9996	0.6881
Epoch:449.0	0.0034	0.9989	0.6855
Epoch:450.0	0.0022	0.9989	0.6881
Epoch:451.0	0.0033	0.9993	0.6868
Epoch:452.0	0.0020	0.9993	0.6868
Epoch:453.0	0.0029	0.9989	0.6969
Epoch:454.0	0.0053	0.9982	0.6969
Epoch:455.0	0.0035	0.9993	0.6918
Epoch:456.0	0.0022	0.9993	0.6931
Epoch:457.0	0.0019	0.9993	0.6893
Epoch:458.0	0.0022	0.9996	0.6981
Epoch:459.0	0.0017	0.9996	0.6918
Epoch:460.0	0.0023	0.9993	0.7006
Epoch:461.0	0.0013	0.9996	0.6943
Epoch:462.0	0.0014	1.0000	0.7069
Epoch:463.0	0.0017	0.9996	0.6792
Epoch:464.0	0.0028	0.9989	0.6805
Epoch:465.0	0.0052	0.9979	0.6918
Epoch:466.0	0.0019	0.9996	0.6893
Epoch:467.0	0.0053	0.9989	0.7006
Epoch:468.0	0.0030	0.9993	0.6629
Epoch:469.0	0.0029	0.9996	0.6742
Epoch:470.0	0.0036	0.9986	0.7006
Epoch:471.0	0.0011	0.9996	0.6742
Epoch:472.0	0.0021	0.9993	0.6943
Epoch:473.0	0.0036	0.9989	0.6906
Epoch:474.0	0.0018	0.9993	0.6767
Epoch:475.0	0.0019	1.0000	0.6692
Epoch:476.0	0.0037	0.9986	0.6994
Epoch:477.0	0.0013	1.0000	0.6818
Epoch:478.0	0.0019	0.9993	0.7145
Epoch:479.0	0.0022	0.9993	0.6818
Epoch:480.0	0.0023	0.9993	0.6994
Epoch:481.0	0.0042	0.9989	0.6994
Epoch:482.0	0.0028	0.9996	0.6830
Epoch:483.0	0.0012	0.9996	0.6704
Epoch:484.0	0.0018	0.9996	0.6893
Epoch:485.0	0.0031	0.9989	0.6981
Epoch:486.0	0.0015	0.9996	0.6931
Epoch:487.0	0.0018	0.9996	0.7006
Epoch:488.0	0.0029	0.9996	0.6843
Epoch:489.0	0.0026	0.9996	0.6805
Epoch:490.0	0.0035	0.9989	0.6918
Epoch:491.0	0.0051	0.9982	0.6881
Epoch:492.0	0.0018	0.9996	0.6981
Epoch:493.0	0.0049	0.9989	0.6994
Epoch:494.0	0.0015	0.9996	0.6956
Epoch:495.0	0.0031	0.9993	0.6843
Epoch:496.0	0.0046	0.9993	0.6943
Epoch:497.0	0.0015	0.9996	0.6881
Epoch:498.0	0.0012	0.9996	0.6969
Epoch:499.0	0.0024	0.9993	0.6767
Epoch:500.0	0.0028	0.9986	0.6881
Epoch:501.0	0.0026	0.9989	0.6742
Epoch:502.0	0.0049	0.9993	0.6931
Epoch:503.0	0.0017	0.9996	0.6981
Epoch:504.0	0.0018	0.9996	0.6881
Epoch:505.0	0.0021	0.9993	0.6881
Epoch:506.0	0.0027	0.9993	0.7031
Epoch:507.0	0.0018	1.0000	0.6868
Epoch:508.0	0.0014	1.0000	0.6981
Epoch:509.0	0.0014	1.0000	0.7057
Epoch:510.0	0.0019	0.9996	0.6931
Epoch:511.0	0.0034	0.9996	0.6893
Epoch:512.0	0.0012	0.9996	0.6943
Epoch:513.0	0.0033	0.9993	0.6994
Epoch:514.0	0.0035	0.9993	0.6792
Epoch:515.0	0.0027	0.9996	0.6956
Epoch:516.0	0.0030	0.9996	0.6830
Epoch:517.0	0.0011	0.9996	0.6956
Epoch:518.0	0.0030	0.9982	0.6868
Epoch:519.0	0.0012	1.0000	0.6994
Epoch:520.0	0.0018	0.9996	0.6868
Epoch:521.0	0.0032	0.9989	0.6893
Epoch:522.0	0.0011	1.0000	0.6931
Epoch:523.0	0.0031	0.9982	0.7019
Epoch:524.0	0.0019	0.9993	0.7057
Epoch:525.0	0.0018	0.9996	0.6767
Epoch:526.0	0.0010	1.0000	0.7069
Epoch:527.0	0.0011	1.0000	0.6868
Epoch:528.0	0.0011	0.9996	0.7057
Epoch:529.0	0.0041	0.9989	0.7044
Epoch:530.0	0.0031	0.9989	0.7107
Epoch:531.0	0.0030	0.9989	0.6868
Epoch:532.0	0.0017	0.9993	0.6830
Epoch:533.0	0.0021	0.9989	0.7057
Epoch:534.0	0.0027	0.9986	0.6843
Epoch:535.0	0.0039	0.9986	0.6943
Epoch:536.0	0.0018	0.9996	0.6868
Epoch:537.0	0.0018	0.9993	0.7107
Epoch:538.0	0.0010	1.0000	0.6956
Epoch:539.0	0.0014	1.0000	0.6969
Epoch:540.0	0.0019	0.9993	0.6918
Epoch:541.0	0.0032	0.9989	0.6918
Epoch:542.0	0.0026	0.9993	0.7082
Epoch:543.0	0.0025	0.9993	0.6780
Epoch:544.0	0.0022	0.9996	0.7044
Epoch:545.0	0.0017	0.9996	0.6855
Epoch:546.0	0.0019	0.9993	0.6918
Epoch:547.0	0.0059	0.9993	0.7019
Epoch:548.0	0.0025	0.9989	0.6969
Epoch:549.0	0.0019	0.9989	0.6742
Epoch:550.0	0.0047	0.9986	0.6881
Epoch:551.0	0.0036	0.9986	0.6843
Epoch:552.0	0.0015	0.9993	0.7044
Epoch:553.0	0.0012	0.9996	0.6855
Epoch:554.0	0.0011	0.9996	0.7069
Epoch:555.0	0.0031	0.9986	0.6805
Epoch:556.0	0.0035	0.9989	0.6805
Epoch:557.0	0.0009	1.0000	0.6792
Epoch:558.0	0.0025	0.9996	0.6818
Epoch:559.0	0.0021	0.9996	0.6994
Epoch:560.0	0.0012	0.9996	0.6906
Epoch:561.0	0.0015	0.9996	0.6881
Epoch:562.0	0.0019	0.9996	0.6692
Epoch:563.0	0.0010	1.0000	0.6981
Epoch:564.0	0.0025	0.9989	0.6654
Epoch:565.0	0.0055	0.9989	0.6818
Epoch:566.0	0.0021	0.9993	0.6830
Epoch:567.0	0.0016	0.9996	0.6830
Epoch:568.0	0.0020	0.9996	0.6881
Epoch:569.0	0.0022	0.9996	0.7019
Epoch:570.0	0.0016	0.9996	0.6969
Epoch:571.0	0.0031	0.9986	0.7019
Epoch:572.0	0.0026	0.9989	0.6943
Epoch:573.0	0.0014	0.9996	0.6881
Epoch:574.0	0.0034	0.9993	0.6918
Epoch:575.0	0.0023	0.9993	0.6918
Epoch:576.0	0.0030	0.9989	0.6969
Epoch:577.0	0.0012	0.9996	0.6918
Epoch:578.0	0.0016	0.9996	0.6981
Epoch:579.0	0.0037	0.9993	0.6767
Epoch:580.0	0.0032	0.9989	0.6881
Epoch:581.0	0.0027	0.9993	0.6881
Epoch:582.0	0.0034	0.9993	0.6868
Epoch:583.0	0.0020	0.9993	0.6918
Epoch:584.0	0.0016	0.9996	0.7107
Epoch:585.0	0.0066	0.9979	0.6868
Epoch:586.0	0.0024	0.9993	0.6994
Epoch:587.0	0.0032	0.9989	0.6931
Epoch:588.0	0.0015	0.9996	0.6767
Epoch:589.0	0.0018	0.9996	0.6981
Epoch:590.0	0.0026	0.9989	0.6893
Epoch:591.0	0.0022	0.9996	0.6767
Epoch:592.0	0.0008	1.0000	0.6855
Epoch:593.0	0.0009	1.0000	0.6893
Epoch:594.0	0.0025	0.9989	0.6893
Epoch:595.0	0.0065	0.9972	0.6830
Epoch:596.0	0.0017	0.9996	0.6931
Epoch:597.0	0.0019	0.9996	0.6943
Epoch:598.0	0.0036	0.9989	0.7119
Epoch:599.0	0.0062	0.9986	0.7132
Epoch:600.0	0.0018	0.9989	0.6906
Epoch:601.0	0.0008	1.0000	0.7069
Epoch:602.0	0.0019	0.9996	0.7057
Epoch:603.0	0.0017	0.9996	0.6981
Epoch:604.0	0.0023	0.9993	0.6830
Epoch:605.0	0.0012	0.9996	0.6943
Epoch:606.0	0.0020	0.9996	0.7031
Epoch:607.0	0.0013	1.0000	0.6906
Epoch:608.0	0.0016	0.9993	0.6918
Epoch:609.0	0.0007	1.0000	0.7082
Epoch:610.0	0.0024	0.9993	0.6956
Epoch:611.0	0.0019	0.9996	0.6994
Epoch:612.0	0.0025	0.9996	0.6855
Epoch:613.0	0.0010	0.9996	0.7006
Epoch:614.0	0.0014	0.9993	0.6906
Epoch:615.0	0.0017	0.9993	0.6931
Epoch:616.0	0.0009	1.0000	0.6767
Epoch:617.0	0.0024	0.9989	0.6881
Epoch:618.0	0.0016	0.9996	0.7044
Epoch:619.0	0.0019	0.9996	0.7019
Epoch:620.0	0.0024	0.9996	0.6830
Epoch:621.0	0.0018	0.9993	0.7031
Epoch:622.0	0.0030	0.9993	0.6855
Epoch:623.0	0.0034	0.9993	0.6918
Epoch:624.0	0.0040	0.9982	0.7006
Epoch:625.0	0.0030	0.9989	0.6994
Epoch:626.0	0.0014	0.9996	0.6893
Epoch:627.0	0.0025	0.9989	0.6906
Epoch:628.0	0.0032	0.9993	0.6943
Epoch:629.0	0.0047	0.9986	0.6893
Epoch:630.0	0.0017	0.9993	0.6918
Epoch:631.0	0.0040	0.9989	0.6931
Epoch:632.0	0.0018	0.9996	0.6918
Epoch:633.0	0.0010	1.0000	0.6931
Epoch:634.0	0.0012	1.0000	0.6843
Epoch:635.0	0.0027	0.9996	0.6918
Epoch:636.0	0.0012	0.9996	0.6881
Epoch:637.0	0.0012	0.9996	0.6855
Epoch:638.0	0.0030	0.9989	0.7069
Epoch:639.0	0.0011	1.0000	0.6969
Epoch:640.0	0.0032	0.9993	0.6805
Epoch:641.0	0.0018	0.9996	0.6994
Epoch:642.0	0.0021	0.9996	0.6981
Epoch:643.0	0.0040	0.9989	0.6931
Epoch:644.0	0.0030	0.9989	0.6943
Epoch:645.0	0.0037	0.9993	0.6981
Epoch:646.0	0.0018	0.9996	0.6918
Epoch:647.0	0.0025	0.9993	0.6818
Epoch:648.0	0.0012	0.9996	0.6994
Epoch:649.0	0.0016	0.9993	0.7069
Epoch:650.0	0.0016	0.9996	0.6981
Epoch:651.0	0.0014	0.9996	0.6943
Epoch:652.0	0.0026	0.9996	0.7044
Epoch:653.0	0.0036	0.9989	0.6906
Epoch:654.0	0.0009	1.0000	0.6943
Epoch:655.0	0.0026	0.9996	0.7019
Epoch:656.0	0.0020	0.9993	0.7019
Epoch:657.0	0.0013	1.0000	0.6918
Epoch:658.0	0.0009	1.0000	0.6943
Epoch:659.0	0.0029	0.9993	0.6704
Epoch:660.0	0.0048	0.9979	0.6843
Epoch:661.0	0.0025	0.9993	0.6780
Epoch:662.0	0.0021	0.9993	0.6994
Epoch:663.0	0.0020	0.9993	0.6830
Epoch:664.0	0.0027	0.9982	0.6918
Epoch:665.0	0.0040	0.9993	0.7057
Epoch:666.0	0.0013	0.9996	0.6918
Epoch:667.0	0.0032	0.9986	0.6994
Epoch:668.0	0.0024	0.9993	0.6943
Epoch:669.0	0.0022	0.9989	0.6906
Epoch:670.0	0.0022	0.9996	0.6956
Epoch:671.0	0.0009	1.0000	0.6981
Epoch:672.0	0.0014	0.9996	0.6893
Epoch:673.0	0.0017	0.9996	0.6742
Epoch:674.0	0.0011	1.0000	0.6906
Epoch:675.0	0.0009	1.0000	0.7031
Epoch:676.0	0.0024	0.9993	0.6981
Epoch:677.0	0.0004	1.0000	0.7044
Epoch:678.0	0.0017	0.9993	0.6994
Epoch:679.0	0.0072	0.9982	0.7107
Epoch:680.0	0.0007	1.0000	0.7044
Epoch:681.0	0.0015	0.9996	0.7057
Epoch:682.0	0.0017	0.9996	0.6994
Epoch:683.0	0.0008	0.9996	0.6906
Epoch:684.0	0.0015	0.9996	0.7157
Epoch:685.0	0.0012	0.9996	0.6906
Epoch:686.0	0.0026	0.9993	0.6843
Epoch:687.0	0.0006	1.0000	0.6994
Epoch:688.0	0.0011	0.9996	0.7069
Epoch:689.0	0.0016	0.9993	0.6994
Epoch:690.0	0.0016	0.9996	0.7031
Epoch:691.0	0.0015	0.9996	0.7069
Epoch:692.0	0.0029	0.9986	0.6918
Epoch:693.0	0.0010	0.9996	0.6855
Epoch:694.0	0.0010	0.9996	0.6868
Epoch:695.0	0.0020	0.9989	0.6881
Epoch:696.0	0.0021	0.9993	0.7132
Epoch:697.0	0.0027	0.9993	0.7019
Epoch:698.0	0.0023	0.9989	0.7031
Epoch:699.0	0.0008	1.0000	0.7107
Epoch:700.0	0.0015	0.9996	0.6893
Epoch:701.0	0.0008	1.0000	0.7006
Epoch:702.0	0.0044	0.9989	0.7119
Epoch:703.0	0.0030	0.9993	0.7031
Epoch:704.0	0.0016	0.9996	0.7044
Epoch:705.0	0.0016	0.9993	0.6918
Epoch:706.0	0.0043	0.9996	0.6868
Epoch:707.0	0.0032	0.9993	0.6805
Epoch:708.0	0.0026	0.9989	0.6969
Epoch:709.0	0.0050	0.9993	0.6755
Epoch:710.0	0.0014	0.9996	0.6906
Epoch:711.0	0.0015	1.0000	0.7031
Epoch:712.0	0.0018	0.9993	0.7119
Epoch:713.0	0.0015	0.9996	0.7006
Epoch:714.0	0.0032	0.9982	0.6830
Epoch:715.0	0.0012	1.0000	0.6994
Epoch:716.0	0.0020	0.9993	0.6855
Epoch:717.0	0.0009	0.9996	0.6742
Epoch:718.0	0.0024	0.9996	0.6843
Epoch:719.0	0.0025	0.9989	0.7019
Epoch:720.0	0.0027	0.9993	0.6855
Epoch:721.0	0.0016	0.9993	0.6893
Epoch:722.0	0.0019	0.9996	0.6717
Epoch:723.0	0.0023	0.9986	0.7057
Epoch:724.0	0.0035	0.9993	0.7044
Epoch:725.0	0.0043	0.9986	0.6994
Epoch:726.0	0.0013	0.9996	0.7082
Epoch:727.0	0.0058	0.9986	0.6931
Epoch:728.0	0.0014	0.9996	0.6918
Epoch:729.0	0.0028	0.9989	0.6981
Epoch:730.0	0.0030	0.9982	0.6830
Epoch:731.0	0.0013	0.9996	0.6881
Epoch:732.0	0.0012	1.0000	0.6881
Epoch:733.0	0.0030	0.9993	0.6969
Epoch:734.0	0.0007	1.0000	0.6906
Epoch:735.0	0.0007	1.0000	0.6893
Epoch:736.0	0.0015	0.9996	0.7031
Epoch:737.0	0.0014	1.0000	0.7019
Epoch:738.0	0.0017	0.9996	0.7082
Epoch:739.0	0.0030	0.9986	0.6906
Epoch:740.0	0.0010	0.9996	0.6994
Epoch:741.0	0.0014	0.9993	0.6881
Epoch:742.0	0.0014	0.9996	0.6943
Epoch:743.0	0.0018	0.9989	0.6868
Epoch:744.0	0.0016	0.9993	0.6893
Epoch:745.0	0.0044	0.9986	0.6956
Epoch:746.0	0.0022	0.9993	0.7220
Epoch:747.0	0.0026	0.9996	0.7119
Epoch:748.0	0.0033	0.9993	0.6943
Epoch:749.0	0.0028	0.9993	0.7044
Epoch:750.0	0.0020	0.9996	0.6843
Epoch:751.0	0.0014	0.9996	0.6994
Epoch:752.0	0.0021	0.9993	0.7057
Epoch:753.0	0.0034	0.9989	0.6931
Epoch:754.0	0.0007	1.0000	0.6994
Epoch:755.0	0.0023	0.9996	0.6717
Epoch:756.0	0.0011	1.0000	0.7157
Epoch:757.0	0.0021	0.9993	0.7031
Epoch:758.0	0.0015	0.9996	0.7044
Epoch:759.0	0.0013	0.9996	0.7082
Epoch:760.0	0.0016	0.9993	0.6742
Epoch:761.0	0.0012	0.9996	0.7006
Epoch:762.0	0.0012	0.9996	0.6956
Epoch:763.0	0.0018	0.9993	0.6918
Epoch:764.0	0.0025	0.9989	0.7057
Epoch:765.0	0.0016	0.9996	0.7019
Epoch:766.0	0.0026	0.9996	0.6792
Epoch:767.0	0.0019	0.9993	0.7094
Epoch:768.0	0.0011	0.9996	0.6843
Epoch:769.0	0.0016	0.9996	0.6830
Epoch:770.0	0.0015	0.9996	0.6931
Epoch:771.0	0.0009	0.9996	0.6893
Epoch:772.0	0.0018	0.9996	0.7006
Epoch:773.0	0.0008	1.0000	0.6843
Epoch:774.0	0.0013	0.9996	0.6943
Epoch:775.0	0.0014	0.9993	0.6881
Epoch:776.0	0.0018	0.9989	0.6893
Epoch:777.0	0.0017	0.9993	0.6906
Epoch:778.0	0.0008	1.0000	0.6969
Epoch:779.0	0.0008	0.9996	0.6943
Epoch:780.0	0.0024	0.9993	0.6994
Epoch:781.0	0.0023	0.9989	0.6994
Epoch:782.0	0.0020	0.9993	0.6881
Epoch:783.0	0.0010	1.0000	0.6969
Epoch:784.0	0.0015	0.9996	0.6855
Epoch:785.0	0.0014	1.0000	0.6830
Epoch:786.0	0.0064	0.9979	0.6843
Epoch:787.0	0.0016	0.9996	0.7107
Epoch:788.0	0.0043	0.9989	0.6931
Epoch:789.0	0.0010	0.9996	0.6881
Epoch:790.0	0.0029	0.9989	0.6918
Epoch:791.0	0.0005	1.0000	0.6792
Epoch:792.0	0.0039	0.9989	0.6906
Epoch:793.0	0.0021	0.9993	0.6830
Epoch:794.0	0.0020	0.9986	0.6931
Epoch:795.0	0.0020	0.9993	0.6943
Epoch:796.0	0.0013	1.0000	0.7031
Epoch:797.0	0.0016	0.9996	0.6969
Epoch:798.0	0.0018	0.9996	0.6805
Epoch:799.0	0.0011	1.0000	0.6956
Epoch:800.0	0.0008	1.0000	0.6956
Epoch:801.0	0.0012	0.9993	0.7006
Epoch:802.0	0.0016	0.9996	0.6830
Epoch:803.0	0.0017	0.9993	0.6830
Epoch:804.0	0.0036	0.9982	0.6956
Epoch:805.0	0.0035	0.9993	0.6792
Epoch:806.0	0.0019	0.9989	0.6893
Epoch:807.0	0.0011	1.0000	0.6981
Epoch:808.0	0.0032	0.9996	0.7057
Epoch:809.0	0.0014	0.9996	0.6981
Epoch:810.0	0.0019	0.9996	0.6843
Epoch:811.0	0.0026	0.9993	0.7082
Epoch:812.0	0.0021	0.9993	0.6931
Epoch:813.0	0.0009	0.9996	0.6931
Epoch:814.0	0.0028	0.9993	0.6881
Epoch:815.0	0.0024	0.9989	0.6969
Epoch:816.0	0.0027	0.9993	0.7044
Epoch:817.0	0.0016	0.9996	0.6881
Epoch:818.0	0.0008	1.0000	0.7019
Epoch:819.0	0.0025	0.9989	0.6881
Epoch:820.0	0.0010	1.0000	0.6830
Epoch:821.0	0.0026	0.9989	0.7031
Epoch:822.0	0.0028	0.9986	0.6843
Epoch:823.0	0.0030	0.9989	0.6792
Epoch:824.0	0.0009	1.0000	0.6981
Epoch:825.0	0.0033	0.9986	0.6981
Epoch:826.0	0.0013	0.9996	0.6818
Epoch:827.0	0.0018	0.9996	0.6931
Epoch:828.0	0.0013	1.0000	0.6969
Epoch:829.0	0.0010	1.0000	0.7019
Epoch:830.0	0.0020	0.9989	0.6931
Epoch:831.0	0.0006	1.0000	0.7132
Epoch:832.0	0.0007	1.0000	0.6893
Epoch:833.0	0.0030	0.9989	0.6818
Epoch:834.0	0.0010	0.9996	0.7057
Epoch:835.0	0.0017	0.9993	0.6956
Epoch:836.0	0.0043	0.9986	0.6881
Epoch:837.0	0.0010	0.9996	0.6943
Epoch:838.0	0.0009	1.0000	0.6792
Epoch:839.0	0.0010	0.9996	0.7044
Epoch:840.0	0.0029	0.9982	0.7119
Epoch:841.0	0.0016	0.9996	0.6931
Epoch:842.0	0.0012	1.0000	0.6780
Epoch:843.0	0.0010	1.0000	0.6969
Epoch:844.0	0.0019	0.9993	0.6893
Epoch:845.0	0.0030	0.9993	0.7107
Epoch:846.0	0.0009	1.0000	0.7044
Epoch:847.0	0.0012	1.0000	0.7082
Epoch:848.0	0.0032	0.9982	0.6780
Epoch:849.0	0.0006	1.0000	0.7044
Epoch:850.0	0.0034	0.9989	0.6969
Epoch:851.0	0.0037	0.9989	0.6818
Epoch:852.0	0.0012	0.9996	0.6969
Epoch:853.0	0.0038	0.9993	0.7057
Epoch:854.0	0.0022	0.9989	0.7006
Epoch:855.0	0.0018	0.9993	0.7006
Epoch:856.0	0.0016	0.9996	0.6969
Epoch:857.0	0.0017	0.9996	0.7094
Epoch:858.0	0.0012	0.9996	0.6792
Epoch:859.0	0.0008	1.0000	0.7019
Epoch:860.0	0.0046	0.9986	0.6843
Epoch:861.0	0.0012	1.0000	0.6755
Epoch:862.0	0.0006	1.0000	0.7069
Epoch:863.0	0.0008	1.0000	0.7006
Epoch:864.0	0.0029	0.9989	0.6843
Epoch:865.0	0.0026	0.9993	0.6843
Epoch:866.0	0.0012	0.9996	0.6956
Epoch:867.0	0.0018	0.9993	0.6881
Epoch:868.0	0.0023	0.9993	0.6906
Epoch:869.0	0.0005	1.0000	0.6918
Epoch:870.0	0.0024	0.9993	0.6994
Epoch:871.0	0.0019	0.9989	0.6994
Epoch:872.0	0.0012	0.9996	0.6855
Epoch:873.0	0.0010	1.0000	0.6881
Epoch:874.0	0.0049	0.9993	0.6881
Epoch:875.0	0.0009	0.9996	0.7019
Epoch:876.0	0.0019	0.9996	0.6918
Epoch:877.0	0.0006	1.0000	0.6730
Epoch:878.0	0.0011	1.0000	0.6843
Epoch:879.0	0.0008	0.9996	0.7082
Epoch:880.0	0.0043	0.9986	0.6755
Epoch:881.0	0.0035	0.9986	0.7057
Epoch:882.0	0.0030	0.9993	0.6943
Epoch:883.0	0.0011	0.9996	0.6818
Epoch:884.0	0.0031	0.9986	0.6943
Epoch:885.0	0.0014	0.9993	0.6943
Epoch:886.0	0.0007	1.0000	0.7057
Epoch:887.0	0.0024	0.9989	0.6843
Epoch:888.0	0.0013	0.9996	0.7006
Epoch:889.0	0.0014	0.9996	0.6843
Epoch:890.0	0.0009	1.0000	0.6881
Epoch:891.0	0.0030	0.9989	0.6943
Epoch:892.0	0.0016	0.9996	0.6931
Epoch:893.0	0.0017	0.9993	0.6868
Epoch:894.0	0.0008	1.0000	0.6918
Epoch:895.0	0.0011	0.9993	0.7044
Epoch:896.0	0.0006	1.0000	0.6805
Epoch:897.0	0.0013	0.9996	0.7019
Epoch:898.0	0.0006	1.0000	0.6767
Epoch:899.0	0.0013	0.9996	0.6893
Epoch:900.0	0.0009	0.9996	0.7132
Epoch:901.0	0.0011	0.9996	0.6994
Epoch:902.0	0.0020	0.9989	0.7006
Epoch:903.0	0.0009	0.9996	0.6893
Epoch:904.0	0.0006	1.0000	0.7006
Epoch:905.0	0.0007	1.0000	0.6981
Epoch:906.0	0.0007	1.0000	0.6830
Epoch:907.0	0.0024	0.9989	0.6918
Epoch:908.0	0.0016	0.9993	0.6906
Epoch:909.0	0.0004	1.0000	0.6805
Epoch:910.0	0.0011	0.9996	0.6893
Epoch:911.0	0.0008	1.0000	0.6918
Epoch:912.0	0.0012	0.9996	0.6818
Epoch:913.0	0.0020	0.9993	0.6881
Epoch:914.0	0.0004	1.0000	0.7044
Epoch:915.0	0.0010	1.0000	0.6994
Epoch:916.0	0.0022	0.9996	0.6981
Epoch:917.0	0.0020	0.9993	0.6956
Epoch:918.0	0.0014	0.9996	0.6881
Epoch:919.0	0.0011	0.9996	0.6893
Epoch:920.0	0.0021	0.9993	0.7082
Epoch:921.0	0.0013	1.0000	0.6969
Epoch:922.0	0.0012	0.9993	0.6818
Epoch:923.0	0.0005	1.0000	0.6969
Epoch:924.0	0.0011	0.9996	0.6906
Epoch:925.0	0.0027	0.9989	0.6956
Epoch:926.0	0.0015	0.9993	0.6881
Epoch:927.0	0.0044	0.9993	0.7057
Epoch:928.0	0.0015	0.9996	0.6881
Epoch:929.0	0.0020	0.9989	0.6792
Epoch:930.0	0.0023	0.9993	0.6969
Epoch:931.0	0.0022	0.9993	0.7006
Epoch:932.0	0.0030	0.9989	0.6881
Epoch:933.0	0.0031	0.9989	0.6893
Epoch:934.0	0.0005	1.0000	0.6818
Epoch:935.0	0.0036	0.9989	0.6994
Epoch:936.0	0.0035	0.9989	0.7031
Epoch:937.0	0.0014	1.0000	0.6918
Epoch:938.0	0.0031	0.9989	0.6843
Epoch:939.0	0.0009	1.0000	0.6805
Epoch:940.0	0.0006	1.0000	0.6931
Epoch:941.0	0.0014	0.9993	0.6969
Epoch:942.0	0.0024	0.9989	0.7031
Epoch:943.0	0.0010	1.0000	0.6943
Epoch:944.0	0.0030	0.9986	0.7044
Epoch:945.0	0.0027	0.9993	0.6931
Epoch:946.0	0.0021	0.9996	0.6830
Epoch:947.0	0.0032	0.9989	0.6868
Epoch:948.0	0.0008	1.0000	0.6931
Epoch:949.0	0.0011	0.9996	0.7057
Epoch:950.0	0.0035	0.9982	0.6818
Epoch:951.0	0.0010	0.9996	0.6981
Epoch:952.0	0.0010	0.9996	0.6918
Epoch:953.0	0.0006	1.0000	0.6830
Epoch:954.0	0.0014	0.9996	0.7006
Epoch:955.0	0.0011	0.9996	0.7006
Epoch:956.0	0.0006	1.0000	0.7031
Epoch:957.0	0.0014	0.9996	0.7044
Epoch:958.0	0.0020	0.9989	0.6994
Epoch:959.0	0.0011	1.0000	0.6969
Epoch:960.0	0.0010	0.9996	0.7082
Epoch:961.0	0.0013	0.9993	0.6855
Epoch:962.0	0.0014	0.9996	0.6830
Epoch:963.0	0.0013	0.9996	0.6981
Epoch:964.0	0.0008	1.0000	0.6956
Epoch:965.0	0.0008	1.0000	0.6805
Epoch:966.0	0.0006	1.0000	0.7044
Epoch:967.0	0.0031	0.9996	0.6981
Epoch:968.0	0.0053	0.9993	0.6830
Epoch:969.0	0.0021	0.9993	0.6742
Epoch:970.0	0.0019	0.9989	0.7031
Epoch:971.0	0.0011	1.0000	0.6969
Epoch:972.0	0.0031	0.9993	0.6868
Epoch:973.0	0.0013	0.9996	0.6881
Epoch:974.0	0.0015	0.9996	0.6881
Epoch:975.0	0.0011	0.9996	0.6881
Epoch:976.0	0.0009	1.0000	0.6881
Epoch:977.0	0.0011	0.9996	0.6943
Epoch:978.0	0.0005	1.0000	0.6981
Epoch:979.0	0.0027	0.9996	0.6956
Epoch:980.0	0.0014	0.9996	0.6956
Epoch:981.0	0.0004	1.0000	0.7132
Epoch:982.0	0.0031	0.9996	0.6918
Epoch:983.0	0.0023	0.9996	0.6843
Epoch:984.0	0.0007	1.0000	0.6855
Epoch:985.0	0.0024	0.9989	0.6943
Epoch:986.0	0.0009	1.0000	0.6818
Epoch:987.0	0.0015	0.9996	0.6767
Epoch:988.0	0.0019	0.9996	0.6931
Epoch:989.0	0.0007	1.0000	0.6969
Epoch:990.0	0.0010	1.0000	0.6843
Epoch:991.0	0.0015	0.9993	0.7044
Epoch:992.0	0.0015	0.9996	0.7195
Epoch:993.0	0.0014	0.9993	0.6805
Epoch:994.0	0.0017	0.9993	0.7031
Epoch:995.0	0.0017	0.9996	0.6956
Epoch:996.0	0.0010	0.9996	0.7069
Epoch:997.0	0.0027	0.9993	0.6893
Epoch:998.0	0.0017	0.9993	0.6931
Epoch:999.0	0.0011	0.9996	0.7019
Epoch:1000.0	0.0033	0.9996	0.7006
