Experiment log
Epoch	ClsLoss	SrcAcc	TarAcc
Epoch:1.0	1.9440	0.4952	0.6239
Epoch:2.0	0.8715	0.7632	0.6201
Epoch:3.0	0.6738	0.8055	0.6478
Epoch:4.0	0.5521	0.8367	0.6616
Epoch:5.0	0.4894	0.8552	0.6642
Epoch:6.0	0.4169	0.8743	0.6692
Epoch:7.0	0.3632	0.8871	0.6692
Epoch:8.0	0.3387	0.8928	0.6616
Epoch:9.0	0.3222	0.8995	0.6629
Epoch:10.0	0.2643	0.9176	0.6453
Epoch:11.0	0.2241	0.9294	0.6792
Epoch:12.0	0.2112	0.9375	0.6692
Epoch:13.0	0.2281	0.9311	0.6692
Epoch:14.0	0.1732	0.9450	0.6642
Epoch:15.0	0.1475	0.9553	0.6629
Epoch:16.0	0.1321	0.9606	0.6843
Epoch:17.0	0.1179	0.9634	0.6503
Epoch:18.0	0.1201	0.9581	0.6730
Epoch:19.0	0.1143	0.9659	0.6440
Epoch:20.0	0.0976	0.9677	0.6843
Epoch:21.0	0.0946	0.9695	0.6377
Epoch:22.0	0.0860	0.9698	0.6478
Epoch:23.0	0.0799	0.9727	0.6667
Epoch:24.0	0.0705	0.9766	0.6516
Epoch:25.0	0.0761	0.9759	0.6579
Epoch:26.0	0.0587	0.9798	0.6352
Epoch:27.0	0.0486	0.9854	0.6566
Epoch:28.0	0.0596	0.9780	0.6579
Epoch:29.0	0.0589	0.9819	0.6541
Epoch:30.0	0.0521	0.9837	0.6604
Epoch:31.0	0.0418	0.9865	0.6629
Epoch:32.0	0.0545	0.9869	0.6667
Epoch:33.0	0.0727	0.9769	0.6704
Epoch:34.0	0.0522	0.9819	0.6792
Epoch:35.0	0.0507	0.9805	0.6566
Epoch:36.0	0.0359	0.9897	0.6642
Epoch:37.0	0.0433	0.9869	0.6478
Epoch:38.0	0.0421	0.9862	0.6642
Epoch:39.0	0.0391	0.9854	0.6679
Epoch:40.0	0.0379	0.9862	0.6881
Epoch:41.0	0.0292	0.9904	0.6465
Epoch:42.0	0.0317	0.9901	0.6679
Epoch:43.0	0.0321	0.9890	0.6704
Epoch:44.0	0.0357	0.9879	0.6667
Epoch:45.0	0.0264	0.9936	0.6616
Epoch:46.0	0.0320	0.9886	0.6855
Epoch:47.0	0.0261	0.9915	0.6679
Epoch:48.0	0.0316	0.9886	0.6730
Epoch:49.0	0.0252	0.9925	0.6918
Epoch:50.0	0.0270	0.9908	0.6704
Epoch:51.0	0.0243	0.9925	0.6692
Epoch:52.0	0.0239	0.9929	0.6780
Epoch:53.0	0.0425	0.9886	0.6780
Epoch:54.0	0.0236	0.9925	0.6692
Epoch:55.0	0.0297	0.9890	0.6604
Epoch:56.0	0.0229	0.9929	0.6692
Epoch:57.0	0.0177	0.9940	0.6755
Epoch:58.0	0.0209	0.9954	0.6704
Epoch:59.0	0.0184	0.9943	0.6881
Epoch:60.0	0.0237	0.9925	0.6704
Epoch:61.0	0.0298	0.9911	0.6642
Epoch:62.0	0.0153	0.9957	0.6792
Epoch:63.0	0.0202	0.9950	0.6931
Epoch:64.0	0.0237	0.9918	0.6730
Epoch:65.0	0.0189	0.9936	0.6654
Epoch:66.0	0.0163	0.9968	0.6855
Epoch:67.0	0.0180	0.9943	0.6830
Epoch:68.0	0.0183	0.9954	0.6767
Epoch:69.0	0.0161	0.9950	0.6642
Epoch:70.0	0.0170	0.9957	0.6755
Epoch:71.0	0.0128	0.9968	0.6792
Epoch:72.0	0.0188	0.9936	0.6755
Epoch:73.0	0.0146	0.9936	0.6792
Epoch:74.0	0.0109	0.9968	0.6717
Epoch:75.0	0.0185	0.9940	0.6742
Epoch:76.0	0.0182	0.9947	0.6717
Epoch:77.0	0.0160	0.9947	0.6956
Epoch:78.0	0.0128	0.9961	0.6717
Epoch:79.0	0.0154	0.9947	0.6805
Epoch:80.0	0.0168	0.9950	0.6704
Epoch:81.0	0.0139	0.9957	0.6679
Epoch:82.0	0.0204	0.9947	0.6704
Epoch:83.0	0.0189	0.9947	0.6755
Epoch:84.0	0.0165	0.9979	0.6792
Epoch:85.0	0.0318	0.9933	0.6818
Epoch:86.0	0.0125	0.9965	0.6755
Epoch:87.0	0.0190	0.9947	0.6943
Epoch:88.0	0.0165	0.9954	0.6755
Epoch:89.0	0.0148	0.9943	0.6629
Epoch:90.0	0.0165	0.9965	0.6855
Epoch:91.0	0.0185	0.9936	0.6818
Epoch:92.0	0.0098	0.9968	0.6654
Epoch:93.0	0.0147	0.9957	0.6818
Epoch:94.0	0.0137	0.9954	0.6943
Epoch:95.0	0.0117	0.9954	0.7006
Epoch:96.0	0.0135	0.9965	0.6956
Epoch:97.0	0.0089	0.9972	0.7006
Epoch:98.0	0.0094	0.9975	0.6830
Epoch:99.0	0.0080	0.9979	0.6730
Epoch:100.0	0.0087	0.9979	0.6679
Epoch:101.0	0.0091	0.9986	0.6943
Epoch:102.0	0.0086	0.9975	0.6805
Epoch:103.0	0.0092	0.9975	0.7019
Epoch:104.0	0.0103	0.9965	0.6843
Epoch:105.0	0.0118	0.9961	0.6704
Epoch:106.0	0.0110	0.9972	0.6805
Epoch:107.0	0.0110	0.9957	0.6868
Epoch:108.0	0.0115	0.9968	0.6893
Epoch:109.0	0.0099	0.9968	0.6956
Epoch:110.0	0.0123	0.9950	0.6704
Epoch:111.0	0.0081	0.9989	0.6767
Epoch:112.0	0.0112	0.9965	0.6579
Epoch:113.0	0.0119	0.9957	0.6881
Epoch:114.0	0.0088	0.9972	0.6780
Epoch:115.0	0.0074	0.9975	0.6830
Epoch:116.0	0.0113	0.9972	0.7006
Epoch:117.0	0.0116	0.9979	0.6642
Epoch:118.0	0.0155	0.9972	0.6616
Epoch:119.0	0.0100	0.9979	0.6755
Epoch:120.0	0.0057	0.9986	0.6629
Epoch:121.0	0.0073	0.9979	0.6667
Epoch:122.0	0.0079	0.9982	0.6780
Epoch:123.0	0.0115	0.9961	0.6717
Epoch:124.0	0.0057	0.9982	0.6969
Epoch:125.0	0.0091	0.9957	0.6755
Epoch:126.0	0.0118	0.9965	0.6906
Epoch:127.0	0.0121	0.9975	0.6893
Epoch:128.0	0.0066	0.9986	0.6830
Epoch:129.0	0.0046	0.9993	0.7006
Epoch:130.0	0.0095	0.9968	0.6881
Epoch:131.0	0.0094	0.9957	0.6679
Epoch:132.0	0.0056	0.9986	0.6881
Epoch:133.0	0.0087	0.9975	0.6818
Epoch:134.0	0.0078	0.9975	0.6692
Epoch:135.0	0.0079	0.9975	0.6742
Epoch:136.0	0.0041	0.9993	0.6566
Epoch:137.0	0.0097	0.9968	0.7019
Epoch:138.0	0.0095	0.9968	0.6881
Epoch:139.0	0.0057	0.9979	0.6616
Epoch:140.0	0.0054	0.9982	0.6704
Epoch:141.0	0.0093	0.9968	0.6767
Epoch:142.0	0.0076	0.9975	0.6755
Epoch:143.0	0.0064	0.9982	0.6918
Epoch:144.0	0.0081	0.9972	0.6780
Epoch:145.0	0.0055	0.9986	0.6830
Epoch:146.0	0.0079	0.9965	0.6868
Epoch:147.0	0.0094	0.9979	0.6830
Epoch:148.0	0.0098	0.9975	0.6893
Epoch:149.0	0.0081	0.9982	0.6918
Epoch:150.0	0.0112	0.9972	0.6830
Epoch:151.0	0.0062	0.9982	0.6792
Epoch:152.0	0.0048	0.9986	0.6780
Epoch:153.0	0.0032	1.0000	0.6792
Epoch:154.0	0.0042	0.9989	0.6868
Epoch:155.0	0.0060	0.9986	0.6692
Epoch:156.0	0.0073	0.9968	0.6881
Epoch:157.0	0.0070	0.9975	0.6906
Epoch:158.0	0.0053	0.9982	0.6780
Epoch:159.0	0.0122	0.9972	0.6730
Epoch:160.0	0.0064	0.9972	0.6868
Epoch:161.0	0.0093	0.9968	0.6642
Epoch:162.0	0.0066	0.9982	0.6969
Epoch:163.0	0.0055	0.9979	0.6881
Epoch:164.0	0.0086	0.9961	0.6679
Epoch:165.0	0.0040	0.9989	0.6780
Epoch:166.0	0.0037	0.9993	0.6818
Epoch:167.0	0.0089	0.9979	0.6805
Epoch:168.0	0.0048	0.9986	0.6692
Epoch:169.0	0.0065	0.9975	0.6792
Epoch:170.0	0.0084	0.9965	0.6755
Epoch:171.0	0.0098	0.9982	0.6704
Epoch:172.0	0.0062	0.9982	0.6830
Epoch:173.0	0.0065	0.9979	0.6943
Epoch:174.0	0.0035	0.9989	0.6931
Epoch:175.0	0.0036	1.0000	0.6818
Epoch:176.0	0.0041	0.9993	0.6931
Epoch:177.0	0.0044	0.9989	0.6742
Epoch:178.0	0.0063	0.9979	0.6805
Epoch:179.0	0.0068	0.9986	0.6792
Epoch:180.0	0.0039	0.9989	0.6994
Epoch:181.0	0.0101	0.9961	0.6830
Epoch:182.0	0.0060	0.9986	0.6868
Epoch:183.0	0.0066	0.9982	0.7006
Epoch:184.0	0.0060	0.9975	0.6730
Epoch:185.0	0.0072	0.9972	0.6767
Epoch:186.0	0.0067	0.9972	0.6881
Epoch:187.0	0.0040	0.9986	0.6855
Epoch:188.0	0.0039	0.9996	0.6805
Epoch:189.0	0.0068	0.9975	0.6830
Epoch:190.0	0.0072	0.9975	0.6767
Epoch:191.0	0.0067	0.9982	0.6818
Epoch:192.0	0.0064	0.9986	0.6868
Epoch:193.0	0.0045	0.9986	0.6893
Epoch:194.0	0.0040	0.9989	0.6855
Epoch:195.0	0.0028	1.0000	0.6893
Epoch:196.0	0.0063	0.9989	0.6792
Epoch:197.0	0.0065	0.9986	0.6755
Epoch:198.0	0.0054	0.9989	0.6906
Epoch:199.0	0.0037	0.9989	0.7057
Epoch:200.0	0.0087	0.9972	0.6830
Epoch:201.0	0.0044	0.9986	0.6654
Epoch:202.0	0.0054	0.9979	0.6855
Epoch:203.0	0.0066	0.9979	0.6704
Epoch:204.0	0.0032	0.9996	0.6692
Epoch:205.0	0.0074	0.9979	0.6931
Epoch:206.0	0.0053	0.9986	0.6742
Epoch:207.0	0.0052	0.9982	0.6805
Epoch:208.0	0.0047	0.9989	0.6931
Epoch:209.0	0.0070	0.9979	0.6792
Epoch:210.0	0.0058	0.9986	0.6931
Epoch:211.0	0.0063	0.9975	0.6969
Epoch:212.0	0.0061	0.9982	0.6805
Epoch:213.0	0.0055	0.9986	0.6579
Epoch:214.0	0.0040	0.9989	0.6742
Epoch:215.0	0.0044	0.9986	0.6956
Epoch:216.0	0.0072	0.9982	0.6755
Epoch:217.0	0.0062	0.9979	0.6780
Epoch:218.0	0.0043	0.9982	0.6931
Epoch:219.0	0.0062	0.9982	0.6830
Epoch:220.0	0.0030	0.9986	0.7031
Epoch:221.0	0.0084	0.9975	0.6830
Epoch:222.0	0.0026	0.9996	0.7044
Epoch:223.0	0.0030	0.9993	0.6969
Epoch:224.0	0.0032	0.9993	0.6818
Epoch:225.0	0.0040	0.9989	0.6855
Epoch:226.0	0.0041	0.9982	0.6969
Epoch:227.0	0.0053	0.9986	0.6918
Epoch:228.0	0.0034	0.9986	0.6792
Epoch:229.0	0.0058	0.9982	0.6730
Epoch:230.0	0.0039	0.9986	0.6742
Epoch:231.0	0.0034	0.9986	0.6931
Epoch:232.0	0.0028	0.9986	0.6994
Epoch:233.0	0.0043	0.9989	0.6742
Epoch:234.0	0.0051	0.9979	0.6843
Epoch:235.0	0.0057	0.9989	0.6868
Epoch:236.0	0.0044	0.9986	0.7031
Epoch:237.0	0.0052	0.9986	0.7019
Epoch:238.0	0.0198	0.9975	0.6818
Epoch:239.0	0.1200	0.9748	0.6667
Epoch:240.0	0.0065	0.9993	0.6805
Epoch:241.0	0.0115	0.9972	0.6943
Epoch:242.0	0.0120	0.9975	0.6881
Epoch:243.0	0.0086	0.9975	0.6943
Epoch:244.0	0.0052	0.9982	0.6642
Epoch:245.0	0.0053	0.9986	0.6503
Epoch:246.0	0.0083	0.9972	0.6767
Epoch:247.0	0.0064	0.9989	0.7057
Epoch:248.0	0.0054	0.9989	0.6893
Epoch:249.0	0.0095	0.9972	0.6931
Epoch:250.0	0.0053	0.9986	0.6931
Epoch:251.0	0.0110	0.9982	0.6780
Epoch:252.0	0.0122	0.9972	0.6981
Epoch:253.0	0.0076	0.9982	0.6918
Epoch:254.0	0.0071	0.9979	0.6818
Epoch:255.0	0.0075	0.9982	0.7082
Epoch:256.0	0.0067	0.9975	0.6931
Epoch:257.0	0.0079	0.9968	0.6969
Epoch:258.0	0.0067	0.9982	0.6969
Epoch:259.0	0.0049	0.9982	0.6818
Epoch:260.0	0.0033	0.9996	0.6855
Epoch:261.0	0.0041	0.9993	0.6667
Epoch:262.0	0.0059	0.9979	0.6931
Epoch:263.0	0.0046	0.9982	0.6906
Epoch:264.0	0.0108	0.9972	0.6969
Epoch:265.0	0.0037	0.9996	0.6893
Epoch:266.0	0.0037	0.9993	0.6918
Epoch:267.0	0.0084	0.9965	0.6969
Epoch:268.0	0.0027	0.9993	0.6906
Epoch:269.0	0.0103	0.9965	0.6818
Epoch:270.0	0.0061	0.9982	0.6830
Epoch:271.0	0.0051	0.9979	0.6956
Epoch:272.0	0.0058	0.9979	0.6805
Epoch:273.0	0.0069	0.9979	0.6881
Epoch:274.0	0.0077	0.9975	0.6868
Epoch:275.0	0.0058	0.9979	0.7182
Epoch:276.0	0.0069	0.9982	0.7157
Epoch:277.0	0.0043	0.9986	0.7006
Epoch:278.0	0.0040	0.9989	0.7119
Epoch:279.0	0.0071	0.9982	0.6931
Epoch:280.0	0.0098	0.9986	0.6906
Epoch:281.0	0.0041	0.9986	0.7019
Epoch:282.0	0.0066	0.9982	0.6792
Epoch:283.0	0.0060	0.9972	0.6792
Epoch:284.0	0.0066	0.9982	0.6906
Epoch:285.0	0.0071	0.9972	0.6956
Epoch:286.0	0.0027	0.9993	0.6956
Epoch:287.0	0.0045	0.9989	0.6994
Epoch:288.0	0.0049	0.9986	0.6893
Epoch:289.0	0.0039	0.9993	0.6969
Epoch:290.0	0.0024	0.9996	0.6843
Epoch:291.0	0.0026	0.9989	0.6730
Epoch:292.0	0.0064	0.9982	0.6855
Epoch:293.0	0.0044	0.9993	0.6956
Epoch:294.0	0.0026	0.9996	0.7057
Epoch:295.0	0.0051	0.9989	0.6881
Epoch:296.0	0.0077	0.9986	0.6918
Epoch:297.0	0.0059	0.9989	0.6906
Epoch:298.0	0.0025	0.9993	0.6981
Epoch:299.0	0.0061	0.9986	0.6943
Epoch:300.0	0.0044	0.9982	0.6994
Epoch:301.0	0.0037	0.9989	0.6956
Epoch:302.0	0.0037	0.9989	0.6881
Epoch:303.0	0.0041	0.9989	0.7044
Epoch:304.0	0.0038	0.9993	0.6881
Epoch:305.0	0.0073	0.9986	0.7069
Epoch:306.0	0.0046	0.9986	0.6767
Epoch:307.0	0.0069	0.9975	0.6730
Epoch:308.0	0.0061	0.9982	0.6981
Epoch:309.0	0.0051	0.9989	0.6830
Epoch:310.0	0.0043	0.9986	0.6780
Epoch:311.0	0.0018	0.9996	0.6931
Epoch:312.0	0.0034	0.9986	0.7031
Epoch:313.0	0.0025	0.9993	0.6994
Epoch:314.0	0.0028	0.9996	0.6931
Epoch:315.0	0.0055	0.9986	0.7031
Epoch:316.0	0.0043	0.9986	0.7107
Epoch:317.0	0.0058	0.9986	0.6830
Epoch:318.0	0.0029	0.9993	0.6843
Epoch:319.0	0.0064	0.9982	0.6969
Epoch:320.0	0.0036	0.9993	0.6792
Epoch:321.0	0.0037	0.9989	0.7019
Epoch:322.0	0.0033	0.9996	0.7132
Epoch:323.0	0.0082	0.9982	0.7031
Epoch:324.0	0.0030	0.9989	0.7006
Epoch:325.0	0.0027	0.9989	0.6956
Epoch:326.0	0.0039	0.9986	0.6956
Epoch:327.0	0.0079	0.9972	0.6981
Epoch:328.0	0.0032	0.9986	0.6931
Epoch:329.0	0.0049	0.9996	0.6855
Epoch:330.0	0.0028	0.9993	0.7107
Epoch:331.0	0.0019	0.9996	0.7006
Epoch:332.0	0.0053	0.9982	0.6906
Epoch:333.0	0.0033	0.9993	0.7296
Epoch:334.0	0.0034	0.9993	0.7094
Epoch:335.0	0.0052	0.9975	0.6969
Epoch:336.0	0.0031	0.9986	0.6981
Epoch:337.0	0.0033	0.9986	0.7019
Epoch:338.0	0.0082	0.9975	0.6893
Epoch:339.0	0.0037	0.9986	0.6994
Epoch:340.0	0.0024	0.9993	0.6981
Epoch:341.0	0.0031	0.9989	0.6805
Epoch:342.0	0.0066	0.9975	0.6956
Epoch:343.0	0.0044	0.9979	0.6906
Epoch:344.0	0.0026	0.9996	0.6805
Epoch:345.0	0.0018	0.9996	0.6893
Epoch:346.0	0.0027	0.9993	0.6742
Epoch:347.0	0.0052	0.9986	0.6906
Epoch:348.0	0.0064	0.9986	0.6931
Epoch:349.0	0.0030	0.9989	0.6667
Epoch:350.0	0.0035	0.9989	0.7019
Epoch:351.0	0.0031	0.9986	0.6893
Epoch:352.0	0.0025	0.9989	0.6906
Epoch:353.0	0.0033	0.9993	0.6906
Epoch:354.0	0.0059	0.9979	0.6893
Epoch:355.0	0.0036	0.9989	0.7019
Epoch:356.0	0.0046	0.9993	0.6918
Epoch:357.0	0.0013	0.9996	0.7019
Epoch:358.0	0.0040	0.9982	0.6881
Epoch:359.0	0.0061	0.9979	0.6956
Epoch:360.0	0.0037	0.9989	0.6906
Epoch:361.0	0.0027	0.9989	0.6893
Epoch:362.0	0.0027	0.9993	0.6956
Epoch:363.0	0.0017	1.0000	0.6931
Epoch:364.0	0.0032	0.9986	0.6843
Epoch:365.0	0.0022	0.9993	0.6906
Epoch:366.0	0.0043	0.9986	0.6818
Epoch:367.0	0.0031	0.9989	0.6881
Epoch:368.0	0.0057	0.9975	0.6981
Epoch:369.0	0.0049	0.9979	0.7170
Epoch:370.0	0.0038	0.9989	0.7094
Epoch:371.0	0.0042	0.9989	0.7107
Epoch:372.0	0.0021	0.9993	0.6969
Epoch:373.0	0.0031	0.9989	0.7107
Epoch:374.0	0.0033	0.9989	0.6956
Epoch:375.0	0.0018	1.0000	0.7170
Epoch:376.0	0.0047	0.9986	0.6881
Epoch:377.0	0.0027	0.9993	0.6943
Epoch:378.0	0.0027	0.9989	0.7057
Epoch:379.0	0.0059	0.9979	0.6855
Epoch:380.0	0.0050	0.9979	0.6956
Epoch:381.0	0.0056	0.9986	0.6956
Epoch:382.0	0.0018	0.9996	0.6956
Epoch:383.0	0.0018	0.9996	0.6818
Epoch:384.0	0.0013	1.0000	0.7057
Epoch:385.0	0.0028	0.9989	0.7119
Epoch:386.0	0.0030	0.9996	0.7006
Epoch:387.0	0.0034	0.9989	0.6893
Epoch:388.0	0.0017	0.9996	0.6843
Epoch:389.0	0.0019	0.9996	0.7119
Epoch:390.0	0.0028	0.9996	0.7094
Epoch:391.0	0.0029	0.9986	0.7069
Epoch:392.0	0.0027	0.9989	0.6818
Epoch:393.0	0.0038	0.9986	0.6906
Epoch:394.0	0.0028	0.9993	0.6943
Epoch:395.0	0.0034	0.9993	0.7006
Epoch:396.0	0.0028	0.9996	0.6906
Epoch:397.0	0.0018	0.9996	0.6943
Epoch:398.0	0.0025	0.9993	0.6981
Epoch:399.0	0.0048	0.9989	0.6956
Epoch:400.0	0.0017	0.9996	0.6906
Epoch:401.0	0.0030	0.9993	0.6931
Epoch:402.0	0.0030	0.9993	0.6893
Epoch:403.0	0.0027	0.9993	0.7082
Epoch:404.0	0.0022	0.9993	0.7132
Epoch:405.0	0.0032	0.9986	0.6906
Epoch:406.0	0.0036	0.9986	0.6780
Epoch:407.0	0.0034	0.9986	0.6906
Epoch:408.0	0.0031	0.9989	0.7057
Epoch:409.0	0.0015	0.9996	0.6981
Epoch:410.0	0.0034	0.9982	0.6906
Epoch:411.0	0.0017	0.9996	0.7157
Epoch:412.0	0.0017	0.9996	0.6818
Epoch:413.0	0.0030	0.9993	0.6906
Epoch:414.0	0.0033	0.9993	0.6981
Epoch:415.0	0.0062	0.9986	0.6918
Epoch:416.0	0.0018	0.9996	0.6780
Epoch:417.0	0.0040	0.9986	0.7119
Epoch:418.0	0.0023	0.9989	0.7031
Epoch:419.0	0.0061	0.9982	0.7044
Epoch:420.0	0.0022	0.9996	0.6969
Epoch:421.0	0.0069	0.9986	0.6969
Epoch:422.0	0.0018	0.9996	0.6981
Epoch:423.0	0.0013	1.0000	0.7044
Epoch:424.0	0.0051	0.9979	0.6994
Epoch:425.0	0.0042	0.9986	0.6918
Epoch:426.0	0.0073	0.9989	0.6881
Epoch:427.0	0.0021	0.9993	0.6969
Epoch:428.0	0.0034	0.9989	0.6830
Epoch:429.0	0.0029	0.9993	0.7057
Epoch:430.0	0.0037	0.9989	0.7069
Epoch:431.0	0.0019	1.0000	0.6843
Epoch:432.0	0.0045	0.9982	0.6767
Epoch:433.0	0.0015	0.9996	0.6969
Epoch:434.0	0.0018	0.9993	0.6918
Epoch:435.0	0.0020	0.9996	0.7069
Epoch:436.0	0.0013	0.9996	0.6855
Epoch:437.0	0.0034	0.9989	0.7069
Epoch:438.0	0.0058	0.9993	0.6868
Epoch:439.0	0.0016	1.0000	0.6881
Epoch:440.0	0.0020	0.9993	0.6918
Epoch:441.0	0.0025	0.9996	0.6918
Epoch:442.0	0.0035	0.9993	0.6893
Epoch:443.0	0.0013	0.9996	0.6943
Epoch:444.0	0.0021	0.9996	0.6868
Epoch:445.0	0.0055	0.9975	0.6981
Epoch:446.0	0.0049	0.9982	0.7006
Epoch:447.0	0.0013	1.0000	0.7057
Epoch:448.0	0.0028	0.9996	0.6868
Epoch:449.0	0.0024	0.9996	0.7006
Epoch:450.0	0.0028	0.9993	0.7145
Epoch:451.0	0.0008	1.0000	0.7006
Epoch:452.0	0.0016	0.9996	0.7119
Epoch:453.0	0.0033	0.9989	0.7082
Epoch:454.0	0.0016	1.0000	0.6906
Epoch:455.0	0.0043	0.9986	0.7082
Epoch:456.0	0.0013	0.9996	0.7069
Epoch:457.0	0.0018	0.9996	0.6981
Epoch:458.0	0.0022	0.9993	0.6931
Epoch:459.0	0.0022	0.9993	0.6918
Epoch:460.0	0.0011	1.0000	0.7082
Epoch:461.0	0.0016	0.9996	0.7044
Epoch:462.0	0.0022	0.9989	0.7107
Epoch:463.0	0.0021	0.9996	0.6956
Epoch:464.0	0.0025	0.9996	0.6918
Epoch:465.0	0.0066	0.9989	0.7031
Epoch:466.0	0.0009	1.0000	0.6893
Epoch:467.0	0.0039	0.9986	0.7094
Epoch:468.0	0.0046	0.9986	0.6830
Epoch:469.0	0.0049	0.9982	0.6906
Epoch:470.0	0.0013	0.9996	0.6893
Epoch:471.0	0.0018	0.9993	0.6792
Epoch:472.0	0.0035	0.9993	0.7094
Epoch:473.0	0.0028	0.9993	0.6994
Epoch:474.0	0.0026	0.9993	0.6855
Epoch:475.0	0.0052	0.9982	0.6830
Epoch:476.0	0.0013	1.0000	0.7044
Epoch:477.0	0.0038	0.9996	0.6818
Epoch:478.0	0.0023	0.9989	0.7182
Epoch:479.0	0.0031	0.9986	0.7031
Epoch:480.0	0.0014	1.0000	0.6956
Epoch:481.0	0.0051	0.9989	0.7019
Epoch:482.0	0.0018	0.9993	0.6855
Epoch:483.0	0.0047	0.9989	0.6943
Epoch:484.0	0.0026	0.9993	0.7006
Epoch:485.0	0.0032	0.9996	0.7170
Epoch:486.0	0.0021	0.9989	0.6943
Epoch:487.0	0.0038	0.9982	0.6830
Epoch:488.0	0.0022	0.9996	0.6956
Epoch:489.0	0.0017	0.9996	0.7069
Epoch:490.0	0.0029	0.9989	0.6931
Epoch:491.0	0.0016	0.9993	0.6918
Epoch:492.0	0.0016	0.9996	0.7220
Epoch:493.0	0.0060	0.9986	0.7082
Epoch:494.0	0.0054	0.9986	0.6805
Epoch:495.0	0.0034	0.9989	0.6956
Epoch:496.0	0.0027	0.9993	0.6994
Epoch:497.0	0.0032	0.9989	0.7082
Epoch:498.0	0.0019	0.9993	0.7069
Epoch:499.0	0.0027	0.9996	0.6767
Epoch:500.0	0.0017	0.9996	0.7094
Epoch:501.0	0.0006	1.0000	0.6918
Epoch:502.0	0.0009	1.0000	0.7107
Epoch:503.0	0.0017	0.9996	0.6981
Epoch:504.0	0.0035	0.9986	0.6981
Epoch:505.0	0.0011	1.0000	0.7057
Epoch:506.0	0.0019	0.9993	0.7057
Epoch:507.0	0.0024	0.9996	0.6994
Epoch:508.0	0.0022	0.9993	0.7019
Epoch:509.0	0.0037	0.9986	0.7119
Epoch:510.0	0.0046	0.9993	0.7031
Epoch:511.0	0.0033	0.9989	0.7044
Epoch:512.0	0.0023	0.9996	0.6981
Epoch:513.0	0.0013	0.9996	0.7006
Epoch:514.0	0.0012	0.9996	0.6843
Epoch:515.0	0.0017	0.9996	0.7031
Epoch:516.0	0.0007	1.0000	0.6843
Epoch:517.0	0.0036	0.9989	0.7069
Epoch:518.0	0.0020	0.9989	0.7031
Epoch:519.0	0.0025	0.9989	0.7182
Epoch:520.0	0.0017	0.9996	0.6906
Epoch:521.0	0.0026	0.9986	0.7031
Epoch:522.0	0.0024	0.9989	0.7019
Epoch:523.0	0.0016	0.9996	0.7019
Epoch:524.0	0.0039	0.9993	0.7107
Epoch:525.0	0.0018	0.9996	0.6855
Epoch:526.0	0.0008	1.0000	0.7145
Epoch:527.0	0.0014	0.9996	0.6830
Epoch:528.0	0.0010	0.9996	0.6956
Epoch:529.0	0.0017	1.0000	0.7107
Epoch:530.0	0.0036	0.9986	0.7094
Epoch:531.0	0.0020	0.9993	0.6906
Epoch:532.0	0.0023	0.9993	0.6830
Epoch:533.0	0.0016	0.9996	0.7044
Epoch:534.0	0.0013	1.0000	0.6830
Epoch:535.0	0.0021	0.9993	0.7069
Epoch:536.0	0.0049	0.9986	0.6918
Epoch:537.0	0.0026	0.9993	0.6994
Epoch:538.0	0.0031	0.9989	0.6969
Epoch:539.0	0.0022	0.9989	0.7094
Epoch:540.0	0.0023	0.9989	0.6931
Epoch:541.0	0.0021	0.9993	0.6956
Epoch:542.0	0.0016	0.9993	0.7044
Epoch:543.0	0.0015	0.9993	0.6868
Epoch:544.0	0.0026	0.9989	0.7057
Epoch:545.0	0.0015	1.0000	0.6893
Epoch:546.0	0.0016	0.9993	0.6994
Epoch:547.0	0.0020	0.9989	0.7082
Epoch:548.0	0.0026	0.9993	0.7132
Epoch:549.0	0.0011	0.9996	0.6881
Epoch:550.0	0.0026	0.9993	0.7107
Epoch:551.0	0.0027	0.9996	0.7132
Epoch:552.0	0.0016	1.0000	0.7157
Epoch:553.0	0.0006	1.0000	0.7069
Epoch:554.0	0.0013	1.0000	0.7283
Epoch:555.0	0.0020	0.9996	0.7094
Epoch:556.0	0.0022	0.9993	0.7044
Epoch:557.0	0.0036	0.9989	0.7006
Epoch:558.0	0.0020	0.9993	0.6969
Epoch:559.0	0.0027	0.9989	0.7082
Epoch:560.0	0.0020	0.9993	0.7019
Epoch:561.0	0.0017	0.9996	0.7119
Epoch:562.0	0.0027	0.9993	0.7031
Epoch:563.0	0.0041	0.9979	0.7031
Epoch:564.0	0.0015	0.9996	0.6818
Epoch:565.0	0.0016	0.9993	0.6918
Epoch:566.0	0.0013	0.9996	0.6881
Epoch:567.0	0.0041	0.9982	0.7145
Epoch:568.0	0.0051	0.9989	0.6843
Epoch:569.0	0.0025	0.9993	0.7233
Epoch:570.0	0.0035	0.9986	0.7119
Epoch:571.0	0.0020	0.9996	0.7094
Epoch:572.0	0.0016	0.9996	0.7082
Epoch:573.0	0.0018	0.9996	0.6981
Epoch:574.0	0.0038	0.9989	0.6868
Epoch:575.0	0.0017	0.9996	0.7019
Epoch:576.0	0.0015	0.9996	0.6994
Epoch:577.0	0.0012	0.9996	0.7019
Epoch:578.0	0.0031	0.9989	0.7082
Epoch:579.0	0.0012	0.9996	0.6906
Epoch:580.0	0.0026	0.9993	0.7107
Epoch:581.0	0.0017	0.9996	0.6855
Epoch:582.0	0.0013	0.9996	0.7094
Epoch:583.0	0.0016	0.9996	0.7069
Epoch:584.0	0.0018	0.9996	0.7057
Epoch:585.0	0.0050	0.9986	0.6981
Epoch:586.0	0.0042	0.9993	0.6855
Epoch:587.0	0.0010	1.0000	0.6956
Epoch:588.0	0.0013	0.9996	0.7069
Epoch:589.0	0.0018	0.9993	0.7057
Epoch:590.0	0.0033	0.9986	0.6931
Epoch:591.0	0.0046	0.9982	0.6931
Epoch:592.0	0.0013	1.0000	0.6943
Epoch:593.0	0.0012	1.0000	0.6969
Epoch:594.0	0.0008	1.0000	0.6943
Epoch:595.0	0.0017	0.9996	0.6818
Epoch:596.0	0.0062	0.9986	0.6969
Epoch:597.0	0.0020	0.9996	0.6767
Epoch:598.0	0.0015	0.9996	0.7220
Epoch:599.0	0.0013	0.9996	0.7069
Epoch:600.0	0.0030	0.9996	0.6906
Epoch:601.0	0.0009	1.0000	0.6981
Epoch:602.0	0.0029	0.9993	0.7069
Epoch:603.0	0.0018	0.9996	0.6969
Epoch:604.0	0.0016	1.0000	0.6906
Epoch:605.0	0.0012	0.9993	0.6981
Epoch:606.0	0.0022	0.9996	0.7006
Epoch:607.0	0.0020	0.9993	0.7107
Epoch:608.0	0.0021	0.9993	0.7019
Epoch:609.0	0.0020	0.9996	0.7132
Epoch:610.0	0.0016	0.9996	0.7119
Epoch:611.0	0.0026	0.9993	0.6956
Epoch:612.0	0.0017	0.9993	0.7031
Epoch:613.0	0.0013	0.9996	0.7044
Epoch:614.0	0.0028	0.9989	0.6843
Epoch:615.0	0.0014	0.9996	0.6843
Epoch:616.0	0.0021	0.9996	0.6893
Epoch:617.0	0.0010	1.0000	0.6906
Epoch:618.0	0.0013	0.9996	0.7082
Epoch:619.0	0.0032	0.9993	0.7031
Epoch:620.0	0.0028	0.9993	0.6906
Epoch:621.0	0.0032	0.9989	0.6981
Epoch:622.0	0.0038	0.9989	0.6906
Epoch:623.0	0.0046	0.9979	0.6868
Epoch:624.0	0.0023	0.9993	0.7044
Epoch:625.0	0.0042	0.9975	0.6893
Epoch:626.0	0.0016	0.9993	0.7031
Epoch:627.0	0.0022	0.9996	0.6956
Epoch:628.0	0.0022	0.9993	0.7195
Epoch:629.0	0.0044	0.9993	0.6956
Epoch:630.0	0.0030	0.9986	0.6956
Epoch:631.0	0.0029	0.9989	0.7044
Epoch:632.0	0.0011	1.0000	0.7094
Epoch:633.0	0.0025	0.9993	0.6943
Epoch:634.0	0.0015	0.9993	0.6969
Epoch:635.0	0.0021	0.9993	0.7006
Epoch:636.0	0.0009	1.0000	0.7094
Epoch:637.0	0.0020	0.9993	0.6981
Epoch:638.0	0.0011	0.9996	0.6956
Epoch:639.0	0.0009	1.0000	0.6981
Epoch:640.0	0.0025	0.9989	0.6969
Epoch:641.0	0.0029	0.9986	0.7069
Epoch:642.0	0.0014	0.9993	0.7157
Epoch:643.0	0.0017	0.9996	0.7031
Epoch:644.0	0.0008	1.0000	0.6931
Epoch:645.0	0.0012	1.0000	0.6994
Epoch:646.0	0.0014	0.9996	0.6818
Epoch:647.0	0.0013	0.9993	0.6893
Epoch:648.0	0.0019	0.9993	0.7157
Epoch:649.0	0.0013	0.9996	0.7044
Epoch:650.0	0.0047	0.9986	0.7006
Epoch:651.0	0.0011	0.9996	0.6830
Epoch:652.0	0.0048	0.9993	0.7044
Epoch:653.0	0.0033	0.9989	0.6742
Epoch:654.0	0.0022	0.9993	0.7006
Epoch:655.0	0.0016	0.9996	0.7006
Epoch:656.0	0.0010	1.0000	0.6893
Epoch:657.0	0.0013	0.9993	0.6868
Epoch:658.0	0.0016	0.9996	0.6969
Epoch:659.0	0.0018	0.9996	0.6943
Epoch:660.0	0.0030	0.9986	0.6969
Epoch:661.0	0.0007	1.0000	0.6767
Epoch:662.0	0.0033	0.9986	0.7044
Epoch:663.0	0.0011	1.0000	0.6918
Epoch:664.0	0.0037	0.9989	0.7119
Epoch:665.0	0.0014	0.9996	0.6818
Epoch:666.0	0.0024	0.9986	0.7006
Epoch:667.0	0.0016	0.9996	0.7044
Epoch:668.0	0.0017	0.9996	0.7069
Epoch:669.0	0.0010	0.9996	0.7094
Epoch:670.0	0.0022	0.9993	0.7006
Epoch:671.0	0.0030	0.9993	0.7019
Epoch:672.0	0.0021	0.9989	0.6881
Epoch:673.0	0.0018	0.9993	0.6868
Epoch:674.0	0.0014	0.9996	0.6956
Epoch:675.0	0.0030	0.9993	0.6893
Epoch:676.0	0.0013	0.9996	0.6994
Epoch:677.0	0.0008	1.0000	0.7031
Epoch:678.0	0.0015	1.0000	0.6906
Epoch:679.0	0.0013	0.9996	0.7094
Epoch:680.0	0.0027	0.9993	0.7094
Epoch:681.0	0.0008	1.0000	0.7006
Epoch:682.0	0.0030	0.9986	0.7057
Epoch:683.0	0.0011	0.9996	0.6792
Epoch:684.0	0.0027	0.9996	0.7082
Epoch:685.0	0.0011	0.9996	0.7119
Epoch:686.0	0.0038	0.9993	0.6893
Epoch:687.0	0.0007	1.0000	0.7019
Epoch:688.0	0.0013	1.0000	0.7057
Epoch:689.0	0.0011	1.0000	0.7069
Epoch:690.0	0.0017	0.9996	0.7145
Epoch:691.0	0.0018	0.9993	0.7031
Epoch:692.0	0.0023	0.9996	0.6792
Epoch:693.0	0.0010	0.9996	0.6943
Epoch:694.0	0.0007	1.0000	0.6956
Epoch:695.0	0.0013	1.0000	0.6893
Epoch:696.0	0.0025	0.9989	0.7044
Epoch:697.0	0.0017	0.9996	0.7057
Epoch:698.0	0.0033	0.9982	0.6881
Epoch:699.0	0.0008	1.0000	0.7031
Epoch:700.0	0.0007	1.0000	0.6943
Epoch:701.0	0.0018	0.9996	0.7107
Epoch:702.0	0.0018	0.9996	0.7208
Epoch:703.0	0.0025	0.9989	0.7057
Epoch:704.0	0.0023	0.9996	0.6994
Epoch:705.0	0.0016	0.9993	0.7094
Epoch:706.0	0.0022	0.9993	0.6893
Epoch:707.0	0.0026	0.9989	0.6855
Epoch:708.0	0.0025	0.9989	0.7019
Epoch:709.0	0.0011	1.0000	0.6881
Epoch:710.0	0.0024	0.9993	0.7006
Epoch:711.0	0.0032	0.9986	0.6981
Epoch:712.0	0.0020	0.9996	0.7082
Epoch:713.0	0.0025	0.9993	0.6981
Epoch:714.0	0.0029	0.9989	0.6943
Epoch:715.0	0.0015	0.9996	0.7069
Epoch:716.0	0.0043	0.9986	0.6994
Epoch:717.0	0.0008	0.9996	0.7094
Epoch:718.0	0.0025	0.9989	0.6918
Epoch:719.0	0.0033	0.9993	0.7145
Epoch:720.0	0.0012	0.9996	0.6956
Epoch:721.0	0.0019	0.9989	0.6969
Epoch:722.0	0.0043	0.9989	0.6868
Epoch:723.0	0.0016	0.9996	0.6956
Epoch:724.0	0.0050	0.9982	0.6994
Epoch:725.0	0.0012	1.0000	0.7069
Epoch:726.0	0.0010	0.9996	0.7094
Epoch:727.0	0.0007	1.0000	0.6969
Epoch:728.0	0.0008	1.0000	0.6881
Epoch:729.0	0.0037	0.9989	0.6956
Epoch:730.0	0.0019	0.9993	0.6906
Epoch:731.0	0.0011	0.9996	0.6780
Epoch:732.0	0.0017	0.9993	0.7019
Epoch:733.0	0.0021	0.9993	0.7057
Epoch:734.0	0.0033	0.9993	0.6855
Epoch:735.0	0.0019	0.9993	0.6981
Epoch:736.0	0.0018	0.9993	0.6943
Epoch:737.0	0.0040	0.9993	0.6943
Epoch:738.0	0.0023	0.9993	0.7057
Epoch:739.0	0.0030	0.9993	0.7107
Epoch:740.0	0.0033	0.9986	0.7057
Epoch:741.0	0.0022	0.9989	0.7031
Epoch:742.0	0.0036	0.9993	0.7031
Epoch:743.0	0.0007	1.0000	0.6843
Epoch:744.0	0.0014	0.9996	0.6994
Epoch:745.0	0.0035	0.9986	0.6981
Epoch:746.0	0.0010	1.0000	0.7019
Epoch:747.0	0.0010	0.9996	0.7132
Epoch:748.0	0.0014	0.9996	0.7069
Epoch:749.0	0.0024	0.9993	0.6969
Epoch:750.0	0.0011	0.9996	0.6918
Epoch:751.0	0.0007	1.0000	0.7069
Epoch:752.0	0.0004	1.0000	0.7132
Epoch:753.0	0.0019	0.9993	0.6969
Epoch:754.0	0.0011	0.9996	0.7195
Epoch:755.0	0.0026	0.9993	0.6969
Epoch:756.0	0.0019	0.9996	0.7208
Epoch:757.0	0.0026	0.9989	0.7195
Epoch:758.0	0.0020	0.9993	0.6906
Epoch:759.0	0.0017	0.9996	0.7094
Epoch:760.0	0.0014	0.9996	0.6931
Epoch:761.0	0.0009	1.0000	0.7082
Epoch:762.0	0.0004	1.0000	0.7019
Epoch:763.0	0.0043	0.9989	0.6981
Epoch:764.0	0.0012	0.9996	0.7019
Epoch:765.0	0.0019	0.9993	0.7132
Epoch:766.0	0.0032	0.9993	0.6906
Epoch:767.0	0.0053	0.9993	0.7031
Epoch:768.0	0.0023	0.9996	0.6994
Epoch:769.0	0.0007	1.0000	0.6956
Epoch:770.0	0.0021	0.9993	0.6906
Epoch:771.0	0.0021	0.9996	0.6818
Epoch:772.0	0.0024	0.9993	0.6994
Epoch:773.0	0.0022	0.9993	0.6981
Epoch:774.0	0.0012	1.0000	0.6969
Epoch:775.0	0.0017	0.9996	0.6868
Epoch:776.0	0.0008	1.0000	0.6994
Epoch:777.0	0.0027	0.9986	0.6906
Epoch:778.0	0.0018	0.9993	0.6943
Epoch:779.0	0.0009	1.0000	0.6943
Epoch:780.0	0.0009	1.0000	0.7082
Epoch:781.0	0.0012	0.9996	0.7157
Epoch:782.0	0.0017	0.9993	0.7006
Epoch:783.0	0.0016	0.9993	0.6943
Epoch:784.0	0.0013	0.9996	0.6818
Epoch:785.0	0.0036	0.9986	0.6956
Epoch:786.0	0.0019	0.9993	0.7019
Epoch:787.0	0.0013	1.0000	0.7082
Epoch:788.0	0.0038	0.9996	0.7031
Epoch:789.0	0.0015	0.9993	0.6918
Epoch:790.0	0.0008	1.0000	0.6906
Epoch:791.0	0.0006	1.0000	0.6881
Epoch:792.0	0.0012	0.9996	0.7044
Epoch:793.0	0.0043	0.9986	0.6843
Epoch:794.0	0.0018	0.9996	0.6981
Epoch:795.0	0.0008	1.0000	0.6918
Epoch:796.0	0.0003	1.0000	0.6994
Epoch:797.0	0.0019	0.9993	0.6956
Epoch:798.0	0.0015	1.0000	0.6843
Epoch:799.0	0.0015	0.9996	0.6956
Epoch:800.0	0.0013	0.9996	0.6868
Epoch:801.0	0.0010	1.0000	0.6969
Epoch:802.0	0.0020	0.9993	0.6918
Epoch:803.0	0.0018	0.9996	0.7019
Epoch:804.0	0.0017	0.9996	0.6943
Epoch:805.0	0.0029	0.9993	0.6994
Epoch:806.0	0.0041	0.9986	0.6906
Epoch:807.0	0.0010	1.0000	0.7069
Epoch:808.0	0.0018	0.9993	0.7069
Epoch:809.0	0.0013	0.9993	0.7006
Epoch:810.0	0.0024	0.9993	0.6969
Epoch:811.0	0.0021	0.9993	0.7220
Epoch:812.0	0.0175	0.9986	0.6881
Epoch:813.0	0.0584	0.9908	0.6918
Epoch:814.0	0.0041	0.9989	0.6893
Epoch:815.0	0.0031	0.9993	0.6843
Epoch:816.0	0.0035	0.9989	0.6792
Epoch:817.0	0.0020	1.0000	0.6755
Epoch:818.0	0.0032	0.9993	0.6918
Epoch:819.0	0.0035	0.9996	0.6868
Epoch:820.0	0.0031	0.9986	0.6767
Epoch:821.0	0.0014	1.0000	0.6881
Epoch:822.0	0.0024	0.9993	0.6830
Epoch:823.0	0.0018	0.9993	0.6792
Epoch:824.0	0.0011	0.9996	0.6956
Epoch:825.0	0.0055	0.9986	0.6906
Epoch:826.0	0.0024	0.9986	0.6918
Epoch:827.0	0.0024	0.9989	0.6855
Epoch:828.0	0.0016	0.9996	0.6969
Epoch:829.0	0.0019	0.9993	0.6918
Epoch:830.0	0.0018	0.9993	0.6818
Epoch:831.0	0.0016	1.0000	0.6881
Epoch:832.0	0.0031	0.9989	0.6742
Epoch:833.0	0.0042	0.9982	0.6881
Epoch:834.0	0.0013	0.9996	0.6981
Epoch:835.0	0.0023	0.9993	0.7006
Epoch:836.0	0.0023	0.9993	0.6792
Epoch:837.0	0.0018	0.9993	0.6868
Epoch:838.0	0.0021	0.9996	0.6767
Epoch:839.0	0.0027	0.9993	0.6994
Epoch:840.0	0.0045	0.9982	0.6931
Epoch:841.0	0.0015	0.9993	0.6943
Epoch:842.0	0.0059	0.9986	0.6843
Epoch:843.0	0.0042	0.9989	0.7006
Epoch:844.0	0.0015	0.9996	0.6855
Epoch:845.0	0.0012	0.9996	0.7044
Epoch:846.0	0.0014	0.9993	0.7031
Epoch:847.0	0.0012	1.0000	0.6830
Epoch:848.0	0.0021	0.9996	0.6792
Epoch:849.0	0.0025	0.9993	0.6981
Epoch:850.0	0.0027	0.9993	0.6943
Epoch:851.0	0.0019	0.9993	0.6918
Epoch:852.0	0.0059	0.9972	0.6981
Epoch:853.0	0.0029	0.9989	0.7082
Epoch:854.0	0.0027	0.9989	0.6906
Epoch:855.0	0.0025	0.9993	0.7031
Epoch:856.0	0.0038	0.9989	0.6818
Epoch:857.0	0.0016	1.0000	0.7082
Epoch:858.0	0.0030	0.9993	0.6881
Epoch:859.0	0.0007	1.0000	0.6994
Epoch:860.0	0.0012	1.0000	0.6855
Epoch:861.0	0.0027	0.9989	0.6730
Epoch:862.0	0.0041	0.9986	0.7107
Epoch:863.0	0.0035	0.9989	0.6918
Epoch:864.0	0.0016	0.9996	0.6956
Epoch:865.0	0.0018	0.9996	0.6855
Epoch:866.0	0.0008	1.0000	0.6868
Epoch:867.0	0.0009	1.0000	0.6956
Epoch:868.0	0.0019	0.9996	0.6981
Epoch:869.0	0.0024	0.9989	0.6881
Epoch:870.0	0.0022	0.9993	0.7019
Epoch:871.0	0.0021	0.9989	0.6830
Epoch:872.0	0.0022	0.9996	0.6893
Epoch:873.0	0.0014	0.9996	0.6943
Epoch:874.0	0.0013	0.9996	0.6855
Epoch:875.0	0.0018	0.9993	0.7006
Epoch:876.0	0.0010	0.9996	0.6805
Epoch:877.0	0.0008	1.0000	0.6893
Epoch:878.0	0.0021	0.9993	0.6969
Epoch:879.0	0.0010	0.9996	0.7006
Epoch:880.0	0.0020	0.9996	0.6692
Epoch:881.0	0.0006	1.0000	0.6868
Epoch:882.0	0.0025	0.9993	0.6943
Epoch:883.0	0.0025	0.9989	0.6868
Epoch:884.0	0.0010	1.0000	0.6994
Epoch:885.0	0.0008	1.0000	0.6881
Epoch:886.0	0.0009	1.0000	0.7019
Epoch:887.0	0.0017	0.9996	0.6969
Epoch:888.0	0.0021	0.9996	0.6956
Epoch:889.0	0.0022	0.9986	0.6918
Epoch:890.0	0.0030	0.9989	0.6969
Epoch:891.0	0.0009	1.0000	0.6981
Epoch:892.0	0.0011	1.0000	0.7069
Epoch:893.0	0.0011	1.0000	0.6994
Epoch:894.0	0.0022	0.9996	0.7082
Epoch:895.0	0.0015	0.9993	0.7006
Epoch:896.0	0.0017	0.9996	0.6994
Epoch:897.0	0.0031	0.9993	0.6943
Epoch:898.0	0.0016	0.9996	0.6918
Epoch:899.0	0.0021	0.9989	0.7006
Epoch:900.0	0.0016	0.9996	0.7270
Epoch:901.0	0.0022	0.9996	0.7057
Epoch:902.0	0.0027	0.9989	0.7031
Epoch:903.0	0.0021	0.9989	0.6792
Epoch:904.0	0.0016	0.9996	0.7031
Epoch:905.0	0.0020	0.9993	0.6969
Epoch:906.0	0.0015	0.9993	0.6906
Epoch:907.0	0.0037	0.9989	0.6843
Epoch:908.0	0.0009	1.0000	0.6855
Epoch:909.0	0.0016	0.9996	0.7044
Epoch:910.0	0.0011	0.9996	0.7069
Epoch:911.0	0.0011	0.9996	0.7006
Epoch:912.0	0.0019	0.9996	0.6742
Epoch:913.0	0.0021	0.9993	0.6855
Epoch:914.0	0.0014	0.9996	0.7019
Epoch:915.0	0.0006	1.0000	0.6906
Epoch:916.0	0.0018	0.9989	0.7031
Epoch:917.0	0.0020	0.9993	0.6994
Epoch:918.0	0.0030	0.9996	0.6956
Epoch:919.0	0.0006	1.0000	0.7031
Epoch:920.0	0.0017	0.9993	0.6981
Epoch:921.0	0.0056	0.9986	0.7019
Epoch:922.0	0.0021	0.9996	0.6969
Epoch:923.0	0.0028	0.9989	0.7006
Epoch:924.0	0.0007	0.9996	0.7006
Epoch:925.0	0.0036	0.9989	0.7082
Epoch:926.0	0.0023	0.9993	0.6881
Epoch:927.0	0.0009	1.0000	0.6956
Epoch:928.0	0.0022	0.9993	0.7044
Epoch:929.0	0.0013	0.9996	0.6906
Epoch:930.0	0.0021	0.9993	0.7006
Epoch:931.0	0.0022	0.9996	0.6893
Epoch:932.0	0.0021	0.9993	0.6893
Epoch:933.0	0.0023	0.9993	0.6981
Epoch:934.0	0.0013	1.0000	0.6830
Epoch:935.0	0.0011	0.9996	0.6943
Epoch:936.0	0.0030	0.9993	0.6931
Epoch:937.0	0.0015	0.9993	0.6830
Epoch:938.0	0.0022	0.9989	0.6893
Epoch:939.0	0.0025	0.9996	0.6818
Epoch:940.0	0.0011	0.9996	0.7107
Epoch:941.0	0.0008	1.0000	0.6943
Epoch:942.0	0.0041	0.9986	0.7044
Epoch:943.0	0.0008	0.9996	0.6830
Epoch:944.0	0.0019	0.9996	0.7107
Epoch:945.0	0.0007	1.0000	0.7006
Epoch:946.0	0.0014	0.9996	0.7044
Epoch:947.0	0.0038	0.9986	0.6767
Epoch:948.0	0.0024	0.9993	0.7107
Epoch:949.0	0.0013	0.9996	0.7208
Epoch:950.0	0.0021	0.9996	0.6918
Epoch:951.0	0.0021	0.9993	0.6956
Epoch:952.0	0.0011	1.0000	0.6969
Epoch:953.0	0.0008	1.0000	0.7057
Epoch:954.0	0.0033	0.9989	0.7057
Epoch:955.0	0.0010	1.0000	0.6981
Epoch:956.0	0.0019	0.9996	0.7119
Epoch:957.0	0.0010	0.9996	0.6969
Epoch:958.0	0.0015	0.9996	0.7006
Epoch:959.0	0.0016	0.9996	0.7069
Epoch:960.0	0.0016	0.9989	0.7019
Epoch:961.0	0.0011	0.9996	0.6805
Epoch:962.0	0.0012	0.9996	0.6881
Epoch:963.0	0.0041	0.9989	0.7006
Epoch:964.0	0.0020	0.9993	0.7006
Epoch:965.0	0.0014	0.9996	0.6868
Epoch:966.0	0.0016	0.9993	0.7044
Epoch:967.0	0.0025	0.9989	0.6994
Epoch:968.0	0.0005	1.0000	0.6881
Epoch:969.0	0.0008	1.0000	0.6906
Epoch:970.0	0.0007	1.0000	0.7031
Epoch:971.0	0.0025	0.9993	0.7019
Epoch:972.0	0.0022	0.9993	0.6931
Epoch:973.0	0.0009	1.0000	0.6931
Epoch:974.0	0.0012	0.9996	0.7006
Epoch:975.0	0.0006	1.0000	0.6918
Epoch:976.0	0.0006	1.0000	0.6906
Epoch:977.0	0.0023	0.9993	0.6969
Epoch:978.0	0.0008	1.0000	0.6981
Epoch:979.0	0.0004	1.0000	0.6994
Epoch:980.0	0.0016	0.9996	0.7057
Epoch:981.0	0.0018	0.9993	0.7044
Epoch:982.0	0.0023	0.9993	0.6906
Epoch:983.0	0.0027	0.9989	0.7069
Epoch:984.0	0.0021	0.9993	0.6881
Epoch:985.0	0.0007	1.0000	0.6843
Epoch:986.0	0.0012	1.0000	0.6767
Epoch:987.0	0.0019	0.9993	0.6830
Epoch:988.0	0.0026	0.9993	0.6956
Epoch:989.0	0.0018	0.9993	0.6956
Epoch:990.0	0.0076	0.9996	0.6830
Epoch:991.0	0.0026	0.9986	0.6918
Epoch:992.0	0.0043	0.9986	0.6943
Epoch:993.0	0.0025	0.9989	0.6918
Epoch:994.0	0.0013	0.9996	0.7031
Epoch:995.0	0.0016	0.9996	0.7006
Epoch:996.0	0.0015	0.9993	0.7170
Epoch:997.0	0.0013	1.0000	0.6969
Epoch:998.0	0.0019	0.9996	0.6918
Epoch:999.0	0.0019	0.9993	0.6994
Epoch:1000.0	0.0017	0.9993	0.7006
