Experiment log
Epoch	ClsLoss	SrcAcc	TarAcc
Epoch:1.0	6.4058	0.0284	0.0302
Epoch:2.0	5.8085	0.0390	0.0365
Epoch:3.0	5.3659	0.0426	0.0377
Epoch:4.0	5.0184	0.0504	0.0491
Epoch:5.0	4.8438	0.0543	0.0566
Epoch:6.0	4.6035	0.0603	0.0491
Epoch:7.0	4.5198	0.0756	0.0679
Epoch:8.0	4.2843	0.0891	0.0642
Epoch:9.0	4.2903	0.0895	0.0654
Epoch:10.0	4.1354	0.1058	0.0893
Epoch:11.0	4.0598	0.1061	0.0767
Epoch:12.0	3.8791	0.1218	0.0742
Epoch:13.0	3.8310	0.1299	0.1132
Epoch:14.0	3.7861	0.1363	0.1044
Epoch:15.0	3.7004	0.1345	0.0881
Epoch:16.0	3.6213	0.1612	0.0969
Epoch:17.0	3.5934	0.1608	0.0868
Epoch:18.0	3.5000	0.1739	0.1132
Epoch:19.0	3.4586	0.1697	0.0981
Epoch:20.0	3.3987	0.1871	0.1283
Epoch:21.0	3.3132	0.1949	0.1245
Epoch:22.0	3.2683	0.2087	0.1308
Epoch:23.0	3.1958	0.2233	0.1434
Epoch:24.0	3.2517	0.2077	0.1497
Epoch:25.0	3.2009	0.2272	0.1535
Epoch:26.0	3.0173	0.2446	0.1069
Epoch:27.0	3.0356	0.2364	0.1409
Epoch:28.0	2.9709	0.2531	0.1497
Epoch:29.0	2.9914	0.2655	0.1585
Epoch:30.0	2.9954	0.2641	0.1497
Epoch:31.0	2.9074	0.2765	0.1610
Epoch:32.0	2.9321	0.2673	0.1736
Epoch:33.0	2.8391	0.2826	0.1572
Epoch:34.0	2.7866	0.2946	0.1635
Epoch:35.0	2.7668	0.2953	0.1912
Epoch:36.0	2.7614	0.2822	0.1723
Epoch:37.0	2.7176	0.3188	0.1786
Epoch:38.0	2.8240	0.2989	0.2000
Epoch:39.0	2.6709	0.3181	0.2201
Epoch:40.0	2.7349	0.3166	0.1560
Epoch:41.0	2.6033	0.3308	0.1824
Epoch:42.0	2.6691	0.3269	0.1937
Epoch:43.0	2.6536	0.3397	0.2151
Epoch:44.0	2.5838	0.3433	0.2075
Epoch:45.0	2.6250	0.3362	0.2101
Epoch:46.0	2.5418	0.3450	0.2340
Epoch:47.0	2.4621	0.3440	0.2025
Epoch:48.0	2.4493	0.3543	0.2352
Epoch:49.0	2.5399	0.3607	0.2138
Epoch:50.0	2.5895	0.3585	0.2239
Epoch:51.0	2.4026	0.3752	0.2252
Epoch:52.0	2.3748	0.3837	0.2327
Epoch:53.0	2.4512	0.3688	0.2050
Epoch:54.0	2.4518	0.3727	0.2252
Epoch:55.0	2.3439	0.3891	0.2189
Epoch:56.0	2.4228	0.3905	0.2214
Epoch:57.0	2.3453	0.4015	0.2289
Epoch:58.0	2.2655	0.4139	0.2377
Epoch:59.0	2.3769	0.3955	0.2541
Epoch:60.0	2.3627	0.3919	0.2604
Epoch:61.0	2.2547	0.4097	0.2415
Epoch:62.0	2.3812	0.4061	0.2340
Epoch:63.0	2.2436	0.4054	0.2591
Epoch:64.0	2.2134	0.4114	0.2403
Epoch:65.0	2.1762	0.4210	0.2390
Epoch:66.0	2.2424	0.4104	0.2478
Epoch:67.0	2.2633	0.4139	0.2553
Epoch:68.0	2.2139	0.4160	0.2591
Epoch:69.0	2.1909	0.4210	0.2767
Epoch:70.0	2.1654	0.4189	0.2453
Epoch:71.0	2.1431	0.4281	0.2667
Epoch:72.0	2.1742	0.4405	0.2730
Epoch:73.0	2.1696	0.4341	0.2692
Epoch:74.0	2.0971	0.4441	0.2642
Epoch:75.0	2.1106	0.4452	0.2516
Epoch:76.0	2.1899	0.4420	0.2516
Epoch:77.0	2.0908	0.4462	0.2704
Epoch:78.0	2.1170	0.4483	0.2667
Epoch:79.0	2.1002	0.4345	0.2704
Epoch:80.0	2.1929	0.4473	0.2906
Epoch:81.0	2.1488	0.4441	0.2906
Epoch:82.0	2.0940	0.4625	0.2742
Epoch:83.0	2.0709	0.4526	0.2528
Epoch:84.0	2.0309	0.4569	0.2830
Epoch:85.0	2.0584	0.4505	0.2767
Epoch:86.0	2.0126	0.4721	0.2931
Epoch:87.0	2.0679	0.4746	0.2792
Epoch:88.0	2.0079	0.4618	0.2792
Epoch:89.0	1.9579	0.4665	0.3069
Epoch:90.0	1.9727	0.4693	0.3119
Epoch:91.0	2.0627	0.4601	0.3069
Epoch:92.0	2.0782	0.4743	0.3132
Epoch:93.0	2.0253	0.4750	0.2730
Epoch:94.0	2.0263	0.4711	0.2742
Epoch:95.0	1.9688	0.4824	0.3094
Epoch:96.0	1.9344	0.4973	0.2956
Epoch:97.0	1.8862	0.4917	0.2943
Epoch:98.0	2.0261	0.4824	0.3145
Epoch:99.0	1.9590	0.4984	0.3132
Epoch:100.0	1.9093	0.4835	0.2943
Epoch:101.0	1.8781	0.4920	0.3132
Epoch:102.0	1.8911	0.4995	0.3094
Epoch:103.0	1.8832	0.4995	0.3170
Epoch:104.0	1.9343	0.4757	0.3233
Epoch:105.0	1.9560	0.4888	0.3170
Epoch:106.0	1.8685	0.4970	0.3031
Epoch:107.0	1.8440	0.4970	0.3132
Epoch:108.0	1.8859	0.4881	0.3182
Epoch:109.0	2.0833	0.4906	0.3082
Epoch:110.0	1.9551	0.5073	0.3182
Epoch:111.0	1.8462	0.5034	0.3220
Epoch:112.0	1.8182	0.5158	0.3182
Epoch:113.0	1.8679	0.5048	0.3233
Epoch:114.0	1.7874	0.5243	0.3094
Epoch:115.0	1.8436	0.5055	0.3333
Epoch:116.0	1.8035	0.5204	0.3409
Epoch:117.0	1.9355	0.5016	0.3195
Epoch:118.0	1.8523	0.5037	0.3069
Epoch:119.0	1.8880	0.5076	0.3182
Epoch:120.0	1.7548	0.5215	0.3321
Epoch:121.0	1.7789	0.5296	0.3308
Epoch:122.0	1.8044	0.5169	0.3233
Epoch:123.0	1.7863	0.5233	0.3132
Epoch:124.0	1.8444	0.5236	0.3497
Epoch:125.0	1.8558	0.5119	0.3472
Epoch:126.0	1.8556	0.5158	0.3421
Epoch:127.0	1.7147	0.5296	0.3308
Epoch:128.0	1.7612	0.5314	0.2981
Epoch:129.0	1.7495	0.5382	0.3145
Epoch:130.0	1.7947	0.5367	0.3346
Epoch:131.0	1.7865	0.5229	0.3421
Epoch:132.0	1.7795	0.5208	0.3459
Epoch:133.0	1.7073	0.5328	0.3396
Epoch:134.0	1.7422	0.5414	0.3371
Epoch:135.0	1.7931	0.5414	0.3346
Epoch:136.0	1.7156	0.5346	0.3434
Epoch:137.0	1.7218	0.5385	0.3208
Epoch:138.0	1.6928	0.5442	0.3572
Epoch:139.0	1.7467	0.5375	0.3384
Epoch:140.0	1.7045	0.5335	0.3560
Epoch:141.0	1.6870	0.5357	0.3434
Epoch:142.0	1.7871	0.5346	0.3421
Epoch:143.0	1.7250	0.5460	0.3623
Epoch:144.0	1.6782	0.5449	0.3296
Epoch:145.0	1.6992	0.5453	0.3522
Epoch:146.0	1.6814	0.5634	0.3308
Epoch:147.0	1.7064	0.5399	0.3447
Epoch:148.0	1.6508	0.5371	0.3459
Epoch:149.0	1.7146	0.5453	0.3522
Epoch:150.0	1.6849	0.5410	0.3648
Epoch:151.0	1.6634	0.5485	0.3660
Epoch:152.0	1.6900	0.5566	0.3560
Epoch:153.0	1.6341	0.5467	0.3333
Epoch:154.0	1.6784	0.5570	0.3396
Epoch:155.0	1.6565	0.5616	0.3270
Epoch:156.0	1.7515	0.5477	0.3396
Epoch:157.0	1.7127	0.5392	0.3509
Epoch:158.0	1.7604	0.5538	0.3459
Epoch:159.0	1.6378	0.5602	0.3484
Epoch:160.0	1.5927	0.5715	0.3421
Epoch:161.0	1.6401	0.5584	0.3698
Epoch:162.0	1.7409	0.5488	0.3673
Epoch:163.0	1.6608	0.5683	0.3711
Epoch:164.0	1.6487	0.5541	0.3409
Epoch:165.0	1.6301	0.5538	0.3296
Epoch:166.0	1.6779	0.5648	0.3459
Epoch:167.0	1.6176	0.5559	0.3572
Epoch:168.0	1.6252	0.5687	0.3660
Epoch:169.0	1.5694	0.5666	0.3648
Epoch:170.0	1.5922	0.5705	0.3660
Epoch:171.0	1.5581	0.5740	0.3497
Epoch:172.0	1.6272	0.5538	0.3824
Epoch:173.0	1.5652	0.5722	0.3761
Epoch:174.0	1.6283	0.5634	0.3799
Epoch:175.0	1.6657	0.5637	0.3497
Epoch:176.0	1.5755	0.5793	0.3648
Epoch:177.0	1.6037	0.5580	0.3535
Epoch:178.0	1.6066	0.5797	0.3547
Epoch:179.0	1.5891	0.5715	0.3711
Epoch:180.0	1.6503	0.5680	0.3686
Epoch:181.0	1.5621	0.5637	0.3421
Epoch:182.0	1.6063	0.5712	0.3459
Epoch:183.0	1.7015	0.5815	0.3736
Epoch:184.0	1.5171	0.5747	0.3748
Epoch:185.0	1.6373	0.5815	0.3736
Epoch:186.0	1.5376	0.5861	0.3623
Epoch:187.0	1.6883	0.5651	0.3560
Epoch:188.0	1.5702	0.5722	0.3635
Epoch:189.0	1.5607	0.5786	0.3748
Epoch:190.0	1.5386	0.5808	0.3862
Epoch:191.0	1.5173	0.5911	0.3811
Epoch:192.0	1.5802	0.5690	0.3723
Epoch:193.0	1.6330	0.5729	0.3774
Epoch:194.0	1.5027	0.5900	0.3786
Epoch:195.0	1.5439	0.5896	0.3648
Epoch:196.0	1.5677	0.5928	0.3597
Epoch:197.0	1.5283	0.5868	0.3673
Epoch:198.0	1.4878	0.5886	0.3711
Epoch:199.0	1.5251	0.5864	0.3522
Epoch:200.0	1.6337	0.5953	0.3673
Epoch:201.0	1.4943	0.5982	0.4025
Epoch:202.0	1.5074	0.5879	0.3862
Epoch:203.0	1.5292	0.5847	0.3723
Epoch:204.0	1.5218	0.5928	0.3925
Epoch:205.0	1.4849	0.5911	0.4088
Epoch:206.0	1.5952	0.5786	0.3686
Epoch:207.0	1.5044	0.5967	0.3799
Epoch:208.0	1.4845	0.5843	0.3635
Epoch:209.0	1.5215	0.5840	0.3887
Epoch:210.0	1.5464	0.5779	0.3799
Epoch:211.0	1.5059	0.5942	0.3698
Epoch:212.0	1.5019	0.5921	0.3786
Epoch:213.0	1.4969	0.5992	0.3824
Epoch:214.0	1.6162	0.5928	0.3698
Epoch:215.0	1.4505	0.6053	0.4000
Epoch:216.0	1.5919	0.5854	0.3761
Epoch:217.0	1.4622	0.5967	0.3774
Epoch:218.0	1.4702	0.6045	0.3736
Epoch:219.0	1.5962	0.5871	0.3925
Epoch:220.0	1.5111	0.5964	0.3509
Epoch:221.0	1.4838	0.5999	0.3874
Epoch:222.0	1.5468	0.5896	0.4063
Epoch:223.0	1.5054	0.5893	0.3887
Epoch:224.0	1.5330	0.6003	0.3874
Epoch:225.0	1.5029	0.6042	0.3950
Epoch:226.0	1.4560	0.6056	0.3874
Epoch:227.0	1.4939	0.5825	0.3648
Epoch:228.0	1.4486	0.5989	0.4101
Epoch:229.0	1.4540	0.6024	0.3711
Epoch:230.0	1.5050	0.6003	0.3874
Epoch:231.0	1.4539	0.5992	0.3736
Epoch:232.0	1.4266	0.5992	0.3887
Epoch:233.0	1.5146	0.6010	0.3824
Epoch:234.0	1.4564	0.6053	0.3597
Epoch:235.0	1.4776	0.5974	0.3862
Epoch:236.0	1.4462	0.6042	0.4013
Epoch:237.0	1.5319	0.5971	0.3874
Epoch:238.0	1.4410	0.6028	0.4000
Epoch:239.0	1.5159	0.6024	0.4063
Epoch:240.0	1.4725	0.6116	0.4226
Epoch:241.0	1.4463	0.6063	0.3950
Epoch:242.0	1.4512	0.6081	0.3836
Epoch:243.0	1.5254	0.5957	0.3950
Epoch:244.0	1.4403	0.6131	0.3874
Epoch:245.0	1.4825	0.6053	0.4050
Epoch:246.0	1.4941	0.6081	0.3975
Epoch:247.0	1.4392	0.6120	0.4075
Epoch:248.0	1.4228	0.6092	0.3887
Epoch:249.0	1.5733	0.6049	0.4126
Epoch:250.0	1.4043	0.6120	0.4000
Epoch:251.0	1.5161	0.6006	0.4101
Epoch:252.0	1.4175	0.5911	0.3962
Epoch:253.0	1.5340	0.6038	0.3887
Epoch:254.0	1.5542	0.6099	0.3975
Epoch:255.0	1.4656	0.6024	0.4075
Epoch:256.0	1.4221	0.6113	0.3748
Epoch:257.0	1.5205	0.6148	0.4176
Epoch:258.0	1.4063	0.6191	0.4038
Epoch:259.0	1.4477	0.6155	0.3811
Epoch:260.0	1.4102	0.6216	0.3874
Epoch:261.0	1.3876	0.6244	0.4088
Epoch:262.0	1.3909	0.6283	0.4075
Epoch:263.0	1.4097	0.6113	0.4189
Epoch:264.0	1.3851	0.6202	0.3987
Epoch:265.0	1.4015	0.6209	0.4201
Epoch:266.0	1.3969	0.6155	0.3975
Epoch:267.0	1.4169	0.6095	0.3836
Epoch:268.0	1.4110	0.6145	0.4164
Epoch:269.0	1.4943	0.6017	0.4013
Epoch:270.0	1.3925	0.6120	0.3937
Epoch:271.0	1.3859	0.6198	0.4075
Epoch:272.0	1.5286	0.6187	0.4176
Epoch:273.0	1.4568	0.6223	0.4264
Epoch:274.0	1.4088	0.6116	0.3912
Epoch:275.0	1.3758	0.6234	0.4013
Epoch:276.0	1.4637	0.6177	0.4050
Epoch:277.0	1.3767	0.6230	0.3849
Epoch:278.0	1.4372	0.6159	0.4088
Epoch:279.0	1.4025	0.6198	0.4088
Epoch:280.0	1.5542	0.6205	0.4075
Epoch:281.0	1.4117	0.6230	0.4075
Epoch:282.0	1.3937	0.6155	0.3786
Epoch:283.0	1.4011	0.6237	0.4101
Epoch:284.0	1.4255	0.6191	0.3899
Epoch:285.0	1.3785	0.6287	0.4164
Epoch:286.0	1.3828	0.6219	0.3937
Epoch:287.0	1.3710	0.6237	0.4050
Epoch:288.0	1.4066	0.6212	0.3912
Epoch:289.0	1.3555	0.6273	0.3987
Epoch:290.0	1.3647	0.6219	0.4189
Epoch:291.0	1.3780	0.6202	0.4113
Epoch:292.0	1.3856	0.6266	0.3799
Epoch:293.0	1.3372	0.6322	0.4063
Epoch:294.0	1.4814	0.6212	0.4277
Epoch:295.0	1.3889	0.6269	0.4126
Epoch:296.0	1.4115	0.6198	0.4075
Epoch:297.0	1.4583	0.6251	0.4126
Epoch:298.0	1.3992	0.6290	0.4101
Epoch:299.0	1.4529	0.6340	0.4038
Epoch:300.0	1.3490	0.6280	0.4013
Epoch:301.0	1.4616	0.6258	0.4038
Epoch:302.0	1.3809	0.6216	0.4214
Epoch:303.0	1.3446	0.6251	0.3962
Epoch:304.0	1.3728	0.6226	0.4327
Epoch:305.0	1.3707	0.6216	0.4138
Epoch:306.0	1.3853	0.6205	0.4189
Epoch:307.0	1.3337	0.6337	0.3925
Epoch:308.0	1.3781	0.6124	0.4352
Epoch:309.0	1.3546	0.6319	0.4352
Epoch:310.0	1.3894	0.6273	0.3962
Epoch:311.0	1.3655	0.6276	0.4164
Epoch:312.0	1.3737	0.6290	0.4101
Epoch:313.0	1.4839	0.6308	0.4126
Epoch:314.0	1.3439	0.6329	0.4302
Epoch:315.0	1.3641	0.6219	0.4277
Epoch:316.0	1.3830	0.6258	0.4164
Epoch:317.0	1.4026	0.6219	0.4113
Epoch:318.0	1.3288	0.6379	0.4013
Epoch:319.0	1.3545	0.6237	0.4201
Epoch:320.0	1.3527	0.6312	0.4101
Epoch:321.0	1.3870	0.6347	0.4164
Epoch:322.0	1.3422	0.6301	0.4151
Epoch:323.0	1.3347	0.6372	0.4226
Epoch:324.0	1.3252	0.6436	0.4327
Epoch:325.0	1.3071	0.6386	0.4013
Epoch:326.0	1.3884	0.6273	0.4252
Epoch:327.0	1.3623	0.6361	0.3950
Epoch:328.0	1.3908	0.6361	0.4201
Epoch:329.0	1.3263	0.6404	0.4189
Epoch:330.0	1.3200	0.6365	0.4126
Epoch:331.0	1.3765	0.6361	0.4113
Epoch:332.0	1.3472	0.6361	0.4214
Epoch:333.0	1.3399	0.6372	0.3862
Epoch:334.0	1.3561	0.6379	0.4151
Epoch:335.0	1.3044	0.6368	0.4302
Epoch:336.0	1.3301	0.6340	0.4189
Epoch:337.0	1.3318	0.6432	0.4126
Epoch:338.0	1.3325	0.6443	0.4252
Epoch:339.0	1.4294	0.6337	0.4126
Epoch:340.0	1.3261	0.6361	0.4176
Epoch:341.0	1.3205	0.6400	0.4189
Epoch:342.0	1.3252	0.6347	0.3925
Epoch:343.0	1.3276	0.6351	0.4252
Epoch:344.0	1.3128	0.6436	0.4050
Epoch:345.0	1.3616	0.6297	0.4000
Epoch:346.0	1.3004	0.6468	0.4365
Epoch:347.0	1.3162	0.6340	0.4264
Epoch:348.0	1.3166	0.6408	0.4201
Epoch:349.0	1.3401	0.6411	0.4101
Epoch:350.0	1.3332	0.6457	0.3987
Epoch:351.0	1.3555	0.6454	0.4189
Epoch:352.0	1.3507	0.6365	0.4050
Epoch:353.0	1.3351	0.6315	0.3975
Epoch:354.0	1.4674	0.6450	0.4113
Epoch:355.0	1.2979	0.6408	0.4403
Epoch:356.0	1.3220	0.6408	0.4189
Epoch:357.0	1.3546	0.6344	0.4013
Epoch:358.0	1.3287	0.6447	0.4226
Epoch:359.0	1.3430	0.6329	0.4226
Epoch:360.0	1.3199	0.6365	0.4340
Epoch:361.0	1.2682	0.6464	0.3975
Epoch:362.0	1.2972	0.6464	0.4214
Epoch:363.0	1.3188	0.6397	0.4264
Epoch:364.0	1.3488	0.6390	0.4277
Epoch:365.0	1.3186	0.6461	0.4101
Epoch:366.0	1.3045	0.6397	0.4352
Epoch:367.0	1.2840	0.6493	0.4264
Epoch:368.0	1.3201	0.6564	0.3887
Epoch:369.0	1.2735	0.6471	0.4025
Epoch:370.0	1.3761	0.6482	0.4189
Epoch:371.0	1.2844	0.6443	0.4277
Epoch:372.0	1.3241	0.6539	0.4201
Epoch:373.0	1.3210	0.6557	0.4189
Epoch:374.0	1.2522	0.6695	0.4063
Epoch:375.0	1.3167	0.6493	0.4465
Epoch:376.0	1.2931	0.6337	0.4428
Epoch:377.0	1.3008	0.6518	0.4553
Epoch:378.0	1.2524	0.6518	0.4428
Epoch:379.0	1.2355	0.6631	0.4377
Epoch:380.0	1.3400	0.6475	0.4365
Epoch:381.0	1.2602	0.6567	0.4302
Epoch:382.0	1.3161	0.6425	0.4352
Epoch:383.0	1.2982	0.6493	0.4465
Epoch:384.0	1.2904	0.6479	0.4277
Epoch:385.0	1.4358	0.6503	0.4352
Epoch:386.0	1.3150	0.6400	0.4164
Epoch:387.0	1.2835	0.6553	0.4390
Epoch:388.0	1.3058	0.6404	0.4415
Epoch:389.0	1.2713	0.6486	0.4302
Epoch:390.0	1.2718	0.6482	0.4327
Epoch:391.0	1.2997	0.6344	0.4050
Epoch:392.0	1.2554	0.6532	0.4239
Epoch:393.0	1.2531	0.6667	0.4000
Epoch:394.0	1.2931	0.6574	0.4302
Epoch:395.0	1.2535	0.6596	0.4314
Epoch:396.0	1.3180	0.6411	0.4113
Epoch:397.0	1.2638	0.6514	0.4252
Epoch:398.0	1.3359	0.6550	0.4201
Epoch:399.0	1.3078	0.6521	0.4164
Epoch:400.0	1.2605	0.6542	0.4264
Epoch:401.0	1.2617	0.6571	0.4025
Epoch:402.0	1.2526	0.6553	0.4377
Epoch:403.0	1.2881	0.6479	0.4403
Epoch:404.0	1.2748	0.6496	0.4314
Epoch:405.0	1.3559	0.6468	0.4176
Epoch:406.0	1.3584	0.6585	0.4151
Epoch:407.0	1.2576	0.6528	0.4138
Epoch:408.0	1.2310	0.6546	0.4277
Epoch:409.0	1.2502	0.6585	0.4579
Epoch:410.0	1.3577	0.6564	0.4138
Epoch:411.0	1.2397	0.6645	0.4176
Epoch:412.0	1.2975	0.6603	0.4503
Epoch:413.0	1.2652	0.6621	0.4314
Epoch:414.0	1.2504	0.6606	0.4176
Epoch:415.0	1.2099	0.6613	0.4201
Epoch:416.0	1.2373	0.6628	0.4289
Epoch:417.0	1.2976	0.6489	0.4314
Epoch:418.0	1.2140	0.6642	0.4340
Epoch:419.0	1.2497	0.6613	0.4138
Epoch:420.0	1.3194	0.6567	0.4264
Epoch:421.0	1.2445	0.6564	0.4415
Epoch:422.0	1.2372	0.6613	0.4151
Epoch:423.0	1.2838	0.6503	0.4088
Epoch:424.0	1.2456	0.6553	0.4189
Epoch:425.0	1.2652	0.6631	0.4239
Epoch:426.0	1.2405	0.6535	0.4629
Epoch:427.0	1.2916	0.6621	0.4327
Epoch:428.0	1.2684	0.6507	0.4164
Epoch:429.0	1.2541	0.6496	0.4201
Epoch:430.0	1.2300	0.6635	0.4113
Epoch:431.0	1.2270	0.6635	0.4491
Epoch:432.0	1.2137	0.6670	0.4440
Epoch:433.0	1.2246	0.6606	0.4390
Epoch:434.0	1.2399	0.6518	0.4289
Epoch:435.0	1.2485	0.6557	0.4277
Epoch:436.0	1.2755	0.6507	0.4541
Epoch:437.0	1.2663	0.6542	0.4352
Epoch:438.0	1.2521	0.6596	0.4201
Epoch:439.0	1.2477	0.6564	0.4201
Epoch:440.0	1.2739	0.6574	0.4189
Epoch:441.0	1.2604	0.6684	0.4428
Epoch:442.0	1.2076	0.6681	0.4314
Epoch:443.0	1.2765	0.6503	0.4314
Epoch:444.0	1.2623	0.6670	0.4428
Epoch:445.0	1.2442	0.6603	0.4352
Epoch:446.0	1.2367	0.6723	0.4277
Epoch:447.0	1.2405	0.6681	0.4365
Epoch:448.0	1.2291	0.6656	0.4239
Epoch:449.0	1.2403	0.6574	0.4289
Epoch:450.0	1.2478	0.6631	0.4327
Epoch:451.0	1.2309	0.6674	0.4642
Epoch:452.0	1.2379	0.6571	0.4226
Epoch:453.0	1.2201	0.6589	0.4189
Epoch:454.0	1.2368	0.6674	0.4579
Epoch:455.0	1.3381	0.6610	0.4377
Epoch:456.0	1.2869	0.6695	0.4302
Epoch:457.0	1.2591	0.6510	0.4252
Epoch:458.0	1.2407	0.6660	0.4340
Epoch:459.0	1.2569	0.6528	0.4591
Epoch:460.0	1.2168	0.6684	0.4528
Epoch:461.0	1.2590	0.6624	0.4465
Epoch:462.0	1.2214	0.6681	0.4692
Epoch:463.0	1.2687	0.6702	0.4277
Epoch:464.0	1.2446	0.6642	0.4252
Epoch:465.0	1.1932	0.6684	0.4277
Epoch:466.0	1.2538	0.6645	0.4365
Epoch:467.0	1.1676	0.6752	0.4277
Epoch:468.0	1.2972	0.6652	0.4327
Epoch:469.0	1.2192	0.6514	0.4403
Epoch:470.0	1.2610	0.6723	0.4176
Epoch:471.0	1.2263	0.6557	0.4377
Epoch:472.0	1.2158	0.6610	0.4428
Epoch:473.0	1.1819	0.6841	0.4478
Epoch:474.0	1.2137	0.6674	0.4252
Epoch:475.0	1.2435	0.6606	0.4403
Epoch:476.0	1.2301	0.6624	0.4176
Epoch:477.0	1.2924	0.6489	0.4428
Epoch:478.0	1.1617	0.6784	0.4465
Epoch:479.0	1.2176	0.6674	0.4453
Epoch:480.0	1.2209	0.6674	0.4377
Epoch:481.0	1.2739	0.6581	0.4390
Epoch:482.0	1.2527	0.6550	0.4239
Epoch:483.0	1.2695	0.6606	0.4189
Epoch:484.0	1.1962	0.6695	0.4352
Epoch:485.0	1.2092	0.6589	0.4465
Epoch:486.0	1.2220	0.6713	0.4176
Epoch:487.0	1.4172	0.6667	0.4264
Epoch:488.0	1.1921	0.6674	0.4503
Epoch:489.0	1.1780	0.6727	0.4478
Epoch:490.0	1.2401	0.6674	0.4591
Epoch:491.0	1.2128	0.6684	0.4377
Epoch:492.0	1.2000	0.6713	0.4340
Epoch:493.0	1.2118	0.6635	0.4352
Epoch:494.0	1.1926	0.6699	0.4214
Epoch:495.0	1.2161	0.6738	0.4365
Epoch:496.0	1.1953	0.6741	0.4428
Epoch:497.0	1.2975	0.6652	0.4415
Epoch:498.0	1.1747	0.6731	0.4214
Epoch:499.0	1.2029	0.6574	0.4440
Epoch:500.0	1.1921	0.6745	0.4503
Epoch:501.0	1.2336	0.6624	0.4465
Epoch:502.0	1.2300	0.6571	0.4491
Epoch:503.0	1.2069	0.6787	0.4453
Epoch:504.0	1.2585	0.6699	0.4352
Epoch:505.0	1.2447	0.6713	0.4428
Epoch:506.0	1.1914	0.6752	0.4365
Epoch:507.0	1.2418	0.6731	0.4478
Epoch:508.0	1.1883	0.6677	0.4390
Epoch:509.0	1.2731	0.6723	0.4478
Epoch:510.0	1.1837	0.6635	0.4138
Epoch:511.0	1.1791	0.6812	0.4277
Epoch:512.0	1.2404	0.6770	0.4264
Epoch:513.0	1.1722	0.6755	0.4302
Epoch:514.0	1.1852	0.6713	0.4717
Epoch:515.0	1.1507	0.6791	0.4352
Epoch:516.0	1.1794	0.6741	0.4239
Epoch:517.0	1.2220	0.6642	0.4579
Epoch:518.0	1.2897	0.6741	0.4302
Epoch:519.0	1.1838	0.6777	0.4226
Epoch:520.0	1.2226	0.6621	0.4541
Epoch:521.0	1.2099	0.6532	0.4604
Epoch:522.0	1.2108	0.6791	0.4289
Epoch:523.0	1.2268	0.6773	0.4415
Epoch:524.0	1.2276	0.6670	0.4352
Epoch:525.0	1.1879	0.6667	0.4403
Epoch:526.0	1.2040	0.6812	0.4403
Epoch:527.0	1.1724	0.6681	0.4465
Epoch:528.0	1.1695	0.6798	0.4591
Epoch:529.0	1.2628	0.6706	0.4503
Epoch:530.0	1.2508	0.6667	0.4654
Epoch:531.0	1.1830	0.6794	0.4101
Epoch:532.0	1.1558	0.6766	0.4478
Epoch:533.0	1.1962	0.6656	0.4277
Epoch:534.0	1.1957	0.6826	0.4277
Epoch:535.0	1.2162	0.6819	0.4390
Epoch:536.0	1.2080	0.6791	0.4604
Epoch:537.0	1.2127	0.6748	0.4428
Epoch:538.0	1.2731	0.6727	0.4579
Epoch:539.0	1.1671	0.6692	0.4252
Epoch:540.0	1.1748	0.6773	0.4327
Epoch:541.0	1.1597	0.6759	0.4226
Epoch:542.0	1.2038	0.6734	0.4415
Epoch:543.0	1.1998	0.6780	0.4478
Epoch:544.0	1.2411	0.6770	0.4415
Epoch:545.0	1.1452	0.6844	0.4453
Epoch:546.0	1.1563	0.6748	0.4340
Epoch:547.0	1.1977	0.6865	0.4403
Epoch:548.0	1.1660	0.6748	0.4491
Epoch:549.0	1.1689	0.6731	0.4214
Epoch:550.0	1.1454	0.6922	0.4340
Epoch:551.0	1.1798	0.6777	0.4352
Epoch:552.0	1.1766	0.6642	0.4403
Epoch:553.0	1.2583	0.6816	0.4616
Epoch:554.0	1.1724	0.6745	0.4440
Epoch:555.0	1.1784	0.6777	0.4377
Epoch:556.0	1.1808	0.6763	0.4264
Epoch:557.0	1.2384	0.6759	0.4289
Epoch:558.0	1.1367	0.6809	0.4503
Epoch:559.0	1.1851	0.6738	0.4604
Epoch:560.0	1.2359	0.6777	0.4503
Epoch:561.0	1.1771	0.6688	0.4277
Epoch:562.0	1.1948	0.6748	0.4616
Epoch:563.0	1.1861	0.6603	0.4717
Epoch:564.0	1.1785	0.6770	0.4503
Epoch:565.0	1.1876	0.6738	0.4428
Epoch:566.0	1.1072	0.6865	0.4591
Epoch:567.0	1.2420	0.6865	0.4327
Epoch:568.0	1.1704	0.6773	0.4478
Epoch:569.0	1.1798	0.6763	0.4604
Epoch:570.0	1.2403	0.6794	0.4604
Epoch:571.0	1.1720	0.6706	0.4692
Epoch:572.0	1.2134	0.6748	0.4440
Epoch:573.0	1.1724	0.6766	0.4352
Epoch:574.0	1.1513	0.6823	0.4642
Epoch:575.0	1.2925	0.6780	0.4692
Epoch:576.0	1.1609	0.6837	0.4541
Epoch:577.0	1.1730	0.6667	0.4327
Epoch:578.0	1.1665	0.6791	0.4252
Epoch:579.0	1.1478	0.6873	0.4465
Epoch:580.0	1.2555	0.6883	0.4566
Epoch:581.0	1.1772	0.6809	0.4541
Epoch:582.0	1.1684	0.6745	0.4478
Epoch:583.0	1.1644	0.6798	0.4428
Epoch:584.0	1.2431	0.6610	0.4541
Epoch:585.0	1.1701	0.6880	0.4453
Epoch:586.0	1.1247	0.6869	0.4465
Epoch:587.0	1.1939	0.6766	0.4440
Epoch:588.0	1.2037	0.6816	0.4289
Epoch:589.0	1.1891	0.6755	0.4528
Epoch:590.0	1.1730	0.6766	0.4553
Epoch:591.0	1.1855	0.6851	0.4264
Epoch:592.0	1.3118	0.6773	0.4629
Epoch:593.0	1.1566	0.6713	0.4566
Epoch:594.0	1.2274	0.6741	0.4189
Epoch:595.0	1.1483	0.6770	0.4503
Epoch:596.0	1.1592	0.6887	0.4289
Epoch:597.0	1.1586	0.6684	0.4704
Epoch:598.0	1.3340	0.6865	0.4440
Epoch:599.0	1.1318	0.6855	0.4138
Epoch:600.0	1.1330	0.6873	0.4403
Epoch:601.0	1.1400	0.6905	0.4340
Epoch:602.0	1.1904	0.6780	0.4226
Epoch:603.0	1.1836	0.6699	0.4642
Epoch:604.0	1.1768	0.6826	0.4478
Epoch:605.0	1.1756	0.6780	0.4277
Epoch:606.0	1.1211	0.6819	0.4566
Epoch:607.0	1.4382	0.6873	0.4440
Epoch:608.0	1.2217	0.6763	0.4541
Epoch:609.0	1.1382	0.6858	0.4503
Epoch:610.0	1.1566	0.6826	0.4327
Epoch:611.0	1.1499	0.6823	0.4453
Epoch:612.0	1.1324	0.6894	0.4377
Epoch:613.0	1.1478	0.6823	0.4390
Epoch:614.0	1.1741	0.6692	0.4403
Epoch:615.0	1.1512	0.6865	0.4365
Epoch:616.0	1.1121	0.6851	0.4226
Epoch:617.0	1.1502	0.6869	0.4553
Epoch:618.0	1.1408	0.6823	0.4491
Epoch:619.0	1.1439	0.6851	0.4415
Epoch:620.0	1.1680	0.6826	0.4453
Epoch:621.0	1.0965	0.6993	0.4415
Epoch:622.0	1.1449	0.6919	0.4704
Epoch:623.0	1.1272	0.6830	0.4604
Epoch:624.0	1.3802	0.6890	0.4566
Epoch:625.0	1.1241	0.6958	0.4616
Epoch:626.0	1.1735	0.6755	0.4415
Epoch:627.0	1.2032	0.6912	0.4440
Epoch:628.0	1.1392	0.6915	0.4377
Epoch:629.0	1.1491	0.6919	0.4566
Epoch:630.0	1.1061	0.6972	0.4566
Epoch:631.0	1.1708	0.6897	0.4516
Epoch:632.0	1.2093	0.6894	0.4415
Epoch:633.0	1.1271	0.6869	0.4541
Epoch:634.0	1.1753	0.6848	0.4516
Epoch:635.0	1.1383	0.6844	0.4377
Epoch:636.0	1.1276	0.6837	0.4541
Epoch:637.0	1.1324	0.6887	0.4415
Epoch:638.0	1.1599	0.6936	0.4541
Epoch:639.0	1.1022	0.6944	0.4390
Epoch:640.0	1.1595	0.6826	0.4553
Epoch:641.0	1.1311	0.6837	0.4566
Epoch:642.0	1.1589	0.6865	0.4277
Epoch:643.0	1.1665	0.6880	0.4428
Epoch:644.0	1.1669	0.6858	0.4277
Epoch:645.0	1.2108	0.6848	0.4478
Epoch:646.0	1.1241	0.6887	0.4591
Epoch:647.0	1.1439	0.6695	0.4226
Epoch:648.0	1.1474	0.6830	0.4403
Epoch:649.0	1.1255	0.6809	0.4340
Epoch:650.0	1.1729	0.6851	0.4478
Epoch:651.0	1.1180	0.6933	0.4478
Epoch:652.0	1.2290	0.6933	0.4642
Epoch:653.0	1.1186	0.6844	0.4629
Epoch:654.0	1.1625	0.6812	0.4629
Epoch:655.0	1.1292	0.6997	0.4591
Epoch:656.0	1.1469	0.6812	0.4553
Epoch:657.0	1.2255	0.6844	0.4805
Epoch:658.0	1.1296	0.6883	0.4478
Epoch:659.0	1.1376	0.6787	0.4352
Epoch:660.0	1.1229	0.6986	0.4314
Epoch:661.0	1.1722	0.6944	0.4415
Epoch:662.0	1.0827	0.6965	0.4654
Epoch:663.0	1.0973	0.6894	0.4792
Epoch:664.0	1.1197	0.6883	0.4415
Epoch:665.0	1.1350	0.6940	0.4465
Epoch:666.0	1.1614	0.6862	0.4528
Epoch:667.0	1.1399	0.6883	0.4579
Epoch:668.0	1.1107	0.6976	0.4478
Epoch:669.0	1.1221	0.6919	0.4516
Epoch:670.0	1.1198	0.6890	0.4352
Epoch:671.0	1.2194	0.6890	0.4327
Epoch:672.0	1.1211	0.6915	0.4465
Epoch:673.0	1.1440	0.6858	0.4478
Epoch:674.0	1.1186	0.6897	0.4390
Epoch:675.0	1.1052	0.6901	0.4340
Epoch:676.0	1.1346	0.6858	0.4730
Epoch:677.0	1.1366	0.6876	0.4553
Epoch:678.0	1.1461	0.6926	0.4478
Epoch:679.0	1.0948	0.6873	0.4629
Epoch:680.0	1.1328	0.6869	0.4428
Epoch:681.0	1.1068	0.6883	0.4679
Epoch:682.0	1.0960	0.6968	0.4591
Epoch:683.0	1.1508	0.6897	0.4516
Epoch:684.0	1.1465	0.6869	0.4352
Epoch:685.0	1.1223	0.7018	0.4553
Epoch:686.0	1.1253	0.6873	0.4692
Epoch:687.0	1.1937	0.6944	0.4780
Epoch:688.0	1.1206	0.6958	0.4465
Epoch:689.0	1.1340	0.6823	0.4440
Epoch:690.0	1.1214	0.6862	0.4642
Epoch:691.0	1.1582	0.6883	0.4151
Epoch:692.0	1.1293	0.7050	0.4553
Epoch:693.0	1.1550	0.6858	0.4440
Epoch:694.0	1.1666	0.7025	0.4541
Epoch:695.0	1.0953	0.7000	0.4516
Epoch:696.0	1.1994	0.6944	0.4528
Epoch:697.0	1.1396	0.6919	0.4491
Epoch:698.0	1.0959	0.6940	0.4453
Epoch:699.0	1.1299	0.6876	0.4667
Epoch:700.0	1.0968	0.6968	0.4704
Epoch:701.0	1.1191	0.7007	0.4579
Epoch:702.0	1.1126	0.7061	0.4553
Epoch:703.0	1.1254	0.6979	0.4566
Epoch:704.0	1.0732	0.6912	0.4491
Epoch:705.0	1.1551	0.6940	0.4465
Epoch:706.0	1.1399	0.6905	0.4566
Epoch:707.0	1.1201	0.6922	0.4591
Epoch:708.0	1.0924	0.6922	0.4516
Epoch:709.0	1.1067	0.6965	0.4491
Epoch:710.0	1.1235	0.6834	0.4440
Epoch:711.0	1.1138	0.6976	0.4742
Epoch:712.0	1.1582	0.6848	0.4453
Epoch:713.0	1.1061	0.6926	0.4503
Epoch:714.0	1.1064	0.6915	0.4239
Epoch:715.0	1.1189	0.6887	0.4692
Epoch:716.0	1.1249	0.6940	0.4453
Epoch:717.0	1.1057	0.6922	0.4755
Epoch:718.0	1.0870	0.7071	0.4377
Epoch:719.0	1.1022	0.6990	0.4616
Epoch:720.0	1.1051	0.6922	0.4491
Epoch:721.0	1.1282	0.6936	0.4365
Epoch:722.0	1.1300	0.6983	0.4491
Epoch:723.0	1.0926	0.7064	0.4541
Epoch:724.0	1.0948	0.6876	0.4704
Epoch:725.0	1.0824	0.6936	0.4566
Epoch:726.0	1.2135	0.6894	0.4591
Epoch:727.0	1.0832	0.6951	0.4742
Epoch:728.0	1.0927	0.6986	0.4830
Epoch:729.0	1.1279	0.7029	0.4365
Epoch:730.0	1.1341	0.6997	0.4516
Epoch:731.0	1.1080	0.6944	0.4516
Epoch:732.0	1.1953	0.7011	0.4591
Epoch:733.0	1.1125	0.6862	0.4541
Epoch:734.0	1.0972	0.6773	0.4755
Epoch:735.0	1.0917	0.6979	0.4742
Epoch:736.0	1.1570	0.6997	0.4679
Epoch:737.0	1.0993	0.6894	0.4478
Epoch:738.0	1.0619	0.7032	0.4717
Epoch:739.0	1.1098	0.6993	0.4289
Epoch:740.0	1.1507	0.6883	0.4642
Epoch:741.0	1.1298	0.7015	0.4415
Epoch:742.0	1.1299	0.6851	0.4843
Epoch:743.0	1.0785	0.6983	0.4679
Epoch:744.0	1.1611	0.6933	0.4604
Epoch:745.0	1.0990	0.6968	0.4717
Epoch:746.0	1.1400	0.6908	0.4503
Epoch:747.0	1.0800	0.6968	0.4654
Epoch:748.0	1.0922	0.7018	0.4528
Epoch:749.0	1.0516	0.7007	0.4491
Epoch:750.0	1.1018	0.6926	0.4428
Epoch:751.0	1.1064	0.6894	0.4541
Epoch:752.0	1.0912	0.6936	0.4704
Epoch:753.0	1.1693	0.6933	0.4704
Epoch:754.0	1.1217	0.6976	0.4541
Epoch:755.0	1.0827	0.6972	0.4591
Epoch:756.0	1.1120	0.7036	0.4528
Epoch:757.0	1.2062	0.6968	0.4428
Epoch:758.0	1.1014	0.6890	0.4541
Epoch:759.0	1.0886	0.7000	0.4553
Epoch:760.0	1.0953	0.6983	0.4327
Epoch:761.0	1.0816	0.7007	0.4390
Epoch:762.0	1.1351	0.6940	0.4616
Epoch:763.0	1.0738	0.6983	0.4390
Epoch:764.0	1.1308	0.6968	0.4491
Epoch:765.0	1.1032	0.6951	0.4717
Epoch:766.0	1.1049	0.6908	0.4591
Epoch:767.0	1.1605	0.6897	0.4428
Epoch:768.0	1.1062	0.6908	0.4403
Epoch:769.0	1.1022	0.6944	0.4566
Epoch:770.0	1.1435	0.6954	0.4541
Epoch:771.0	1.0879	0.7064	0.4465
Epoch:772.0	1.0718	0.7054	0.4654
Epoch:773.0	1.0764	0.6993	0.4302
Epoch:774.0	1.0763	0.7000	0.4679
Epoch:775.0	1.0649	0.7064	0.4516
Epoch:776.0	1.0736	0.7036	0.4667
Epoch:777.0	1.0677	0.7022	0.4616
Epoch:778.0	1.0802	0.7043	0.4667
Epoch:779.0	1.0892	0.6968	0.4730
Epoch:780.0	1.1025	0.7082	0.4654
Epoch:781.0	1.0507	0.7093	0.4667
Epoch:782.0	1.0601	0.7139	0.4541
Epoch:783.0	1.1032	0.6936	0.4403
Epoch:784.0	1.1048	0.7128	0.4541
Epoch:785.0	1.0745	0.6951	0.4755
Epoch:786.0	1.0834	0.7039	0.4541
Epoch:787.0	1.0642	0.7071	0.4478
Epoch:788.0	1.0818	0.6933	0.4780
Epoch:789.0	1.0863	0.7032	0.4604
Epoch:790.0	1.1006	0.6933	0.4679
Epoch:791.0	1.0825	0.7032	0.4767
Epoch:792.0	1.1201	0.7043	0.4553
Epoch:793.0	1.0792	0.6979	0.4553
Epoch:794.0	1.1879	0.6954	0.4377
Epoch:795.0	1.0790	0.7043	0.4654
Epoch:796.0	1.0953	0.7036	0.4692
Epoch:797.0	1.0806	0.7039	0.4491
Epoch:798.0	1.0899	0.6954	0.4629
Epoch:799.0	1.0949	0.7135	0.4541
Epoch:800.0	1.0599	0.7064	0.4503
Epoch:801.0	1.0565	0.7082	0.4528
Epoch:802.0	1.0747	0.6979	0.4302
Epoch:803.0	1.0852	0.7089	0.4616
Epoch:804.0	1.0903	0.6954	0.4629
Epoch:805.0	1.0833	0.6961	0.4365
Epoch:806.0	1.0882	0.7036	0.4604
Epoch:807.0	1.0871	0.6972	0.4440
Epoch:808.0	1.1271	0.6890	0.4541
Epoch:809.0	1.1103	0.7078	0.4491
Epoch:810.0	1.1863	0.7075	0.4415
Epoch:811.0	1.0298	0.7153	0.4541
Epoch:812.0	1.1407	0.6958	0.4642
Epoch:813.0	1.0914	0.6936	0.4503
Epoch:814.0	1.0881	0.7047	0.4692
Epoch:815.0	1.0633	0.7004	0.4818
Epoch:816.0	1.0675	0.7047	0.4566
Epoch:817.0	1.0548	0.7071	0.4780
Epoch:818.0	1.0485	0.7043	0.4516
Epoch:819.0	1.0663	0.7100	0.4604
Epoch:820.0	1.0692	0.7007	0.4453
Epoch:821.0	1.0816	0.6951	0.4717
Epoch:822.0	1.1155	0.6919	0.4440
Epoch:823.0	1.1341	0.6965	0.4692
Epoch:824.0	1.0715	0.7061	0.4755
Epoch:825.0	1.1411	0.7011	0.4805
Epoch:826.0	1.0767	0.6965	0.4780
Epoch:827.0	1.0451	0.7018	0.4868
Epoch:828.0	1.0646	0.7050	0.4704
Epoch:829.0	1.0530	0.7061	0.4843
Epoch:830.0	1.0594	0.7039	0.4503
Epoch:831.0	1.1051	0.7167	0.4566
Epoch:832.0	1.1154	0.7004	0.4440
Epoch:833.0	1.0752	0.7022	0.4755
Epoch:834.0	1.0945	0.6897	0.4591
Epoch:835.0	1.0982	0.7078	0.4365
Epoch:836.0	1.1535	0.7078	0.4616
Epoch:837.0	1.0480	0.6986	0.4566
Epoch:838.0	1.1186	0.7114	0.4579
Epoch:839.0	1.0231	0.7188	0.4579
Epoch:840.0	1.0882	0.7032	0.4704
Epoch:841.0	1.0669	0.7110	0.4516
Epoch:842.0	1.0907	0.7029	0.4516
Epoch:843.0	1.1153	0.7039	0.4465
Epoch:844.0	1.0662	0.6990	0.4566
Epoch:845.0	1.0481	0.7149	0.4767
Epoch:846.0	1.0513	0.7022	0.4629
Epoch:847.0	1.0439	0.6961	0.4642
Epoch:848.0	1.0535	0.7061	0.4792
Epoch:849.0	1.0993	0.7139	0.4755
Epoch:850.0	1.0540	0.6993	0.4365
Epoch:851.0	1.0862	0.7068	0.4818
Epoch:852.0	1.1149	0.7164	0.4679
Epoch:853.0	1.1045	0.6968	0.4591
Epoch:854.0	1.0635	0.7029	0.4491
Epoch:855.0	1.0681	0.7047	0.4579
Epoch:856.0	1.0843	0.7011	0.4591
Epoch:857.0	1.1256	0.7054	0.4642
Epoch:858.0	1.1055	0.7110	0.4679
Epoch:859.0	1.1232	0.7132	0.4566
Epoch:860.0	1.0741	0.7043	0.4453
Epoch:861.0	1.0251	0.7125	0.4679
Epoch:862.0	1.0886	0.7018	0.4579
Epoch:863.0	1.0795	0.7125	0.4667
Epoch:864.0	1.0411	0.7071	0.4491
Epoch:865.0	1.0606	0.7103	0.4604
Epoch:866.0	1.0367	0.7160	0.4541
Epoch:867.0	1.0851	0.7022	0.4478
Epoch:868.0	1.0801	0.7011	0.4616
Epoch:869.0	1.1010	0.6929	0.4780
Epoch:870.0	1.0433	0.7118	0.4491
Epoch:871.0	1.1142	0.7043	0.4604
Epoch:872.0	1.0543	0.7086	0.4528
Epoch:873.0	1.0813	0.7029	0.4478
Epoch:874.0	1.0607	0.6990	0.4491
Epoch:875.0	1.0205	0.7146	0.4591
Epoch:876.0	1.0645	0.7093	0.4843
Epoch:877.0	1.0077	0.7167	0.4579
Epoch:878.0	1.0164	0.7114	0.4503
Epoch:879.0	1.0457	0.7128	0.4541
Epoch:880.0	1.0440	0.7146	0.4642
Epoch:881.0	1.0798	0.7018	0.4730
Epoch:882.0	1.1309	0.7082	0.4654
Epoch:883.0	1.0871	0.6929	0.4616
Epoch:884.0	1.1710	0.7093	0.4616
Epoch:885.0	1.0381	0.7086	0.4553
Epoch:886.0	1.1419	0.7022	0.4679
Epoch:887.0	1.0624	0.7061	0.4730
Epoch:888.0	1.0478	0.7078	0.4541
Epoch:889.0	1.0342	0.7128	0.4579
Epoch:890.0	1.2064	0.6993	0.4566
Epoch:891.0	1.0599	0.7068	0.4390
Epoch:892.0	1.0504	0.7096	0.4667
Epoch:893.0	1.0413	0.6993	0.4881
Epoch:894.0	1.0420	0.7032	0.4667
Epoch:895.0	1.0572	0.7057	0.4629
Epoch:896.0	1.0472	0.7093	0.4616
Epoch:897.0	1.1011	0.6990	0.4704
Epoch:898.0	1.0584	0.7203	0.4843
Epoch:899.0	1.0288	0.7071	0.4742
Epoch:900.0	1.0671	0.6954	0.4491
Epoch:901.0	1.0630	0.7089	0.4629
Epoch:902.0	1.0534	0.7068	0.4553
Epoch:903.0	1.0413	0.7107	0.4742
Epoch:904.0	1.0312	0.7139	0.4591
Epoch:905.0	1.0407	0.7050	0.4654
Epoch:906.0	1.1214	0.6976	0.4453
Epoch:907.0	1.0219	0.7100	0.4654
Epoch:908.0	1.0506	0.7100	0.4755
Epoch:909.0	1.0963	0.7039	0.4579
Epoch:910.0	1.0225	0.7068	0.4755
Epoch:911.0	1.0249	0.7103	0.4717
Epoch:912.0	1.0649	0.7029	0.4730
Epoch:913.0	1.1376	0.7018	0.4591
Epoch:914.0	1.1082	0.6947	0.4516
Epoch:915.0	1.0541	0.6997	0.4566
Epoch:916.0	1.0320	0.7086	0.4604
Epoch:917.0	1.0764	0.7118	0.4503
Epoch:918.0	1.0321	0.7103	0.4704
Epoch:919.0	1.0133	0.7064	0.4642
Epoch:920.0	1.0233	0.7089	0.4579
Epoch:921.0	1.0221	0.7146	0.4780
Epoch:922.0	1.1572	0.7068	0.4893
Epoch:923.0	1.0264	0.7139	0.4428
Epoch:924.0	1.0489	0.7047	0.4642
Epoch:925.0	1.1274	0.7015	0.4654
Epoch:926.0	1.0334	0.7100	0.4616
Epoch:927.0	1.0611	0.7054	0.4541
Epoch:928.0	1.1172	0.7029	0.4667
Epoch:929.0	1.0074	0.7185	0.4792
Epoch:930.0	1.0334	0.7135	0.4541
Epoch:931.0	0.9937	0.7125	0.4528
Epoch:932.0	1.0633	0.7075	0.4642
Epoch:933.0	1.0628	0.7078	0.4541
Epoch:934.0	1.0770	0.7132	0.4692
Epoch:935.0	1.0470	0.7107	0.4314
Epoch:936.0	1.0451	0.7093	0.4730
Epoch:937.0	1.0783	0.6919	0.4717
Epoch:938.0	1.0544	0.7071	0.4868
Epoch:939.0	1.0480	0.7100	0.4868
Epoch:940.0	1.0505	0.7149	0.4654
Epoch:941.0	1.0500	0.7118	0.4667
Epoch:942.0	1.0401	0.7128	0.4528
Epoch:943.0	1.0032	0.7188	0.4818
Epoch:944.0	1.0545	0.7135	0.4340
Epoch:945.0	1.0768	0.6993	0.4516
Epoch:946.0	1.0211	0.7025	0.4780
Epoch:947.0	1.0153	0.7157	0.4742
Epoch:948.0	1.0427	0.7188	0.4755
Epoch:949.0	1.0249	0.7178	0.4792
Epoch:950.0	1.0559	0.7135	0.4629
Epoch:951.0	1.1032	0.7000	0.4704
Epoch:952.0	1.0264	0.7107	0.4579
Epoch:953.0	1.0813	0.7032	0.4616
Epoch:954.0	1.0354	0.7064	0.4679
Epoch:955.0	1.0586	0.7029	0.4755
Epoch:956.0	1.0469	0.7213	0.4780
Epoch:957.0	1.0575	0.7174	0.4730
Epoch:958.0	1.0490	0.7100	0.4742
Epoch:959.0	1.0078	0.7174	0.4616
Epoch:960.0	1.0303	0.7135	0.4780
Epoch:961.0	1.0588	0.7118	0.4679
Epoch:962.0	1.1014	0.7050	0.4616
Epoch:963.0	1.1160	0.7057	0.4566
Epoch:964.0	1.1998	0.7082	0.4755
Epoch:965.0	1.0686	0.7291	0.4755
Epoch:966.0	0.9992	0.7164	0.4717
Epoch:967.0	1.0987	0.7022	0.4692
Epoch:968.0	1.0679	0.7118	0.4780
Epoch:969.0	1.0399	0.7185	0.4566
Epoch:970.0	1.1033	0.7121	0.4742
Epoch:971.0	1.0302	0.7174	0.4642
Epoch:972.0	1.0787	0.7291	0.4742
Epoch:973.0	1.0488	0.7139	0.4755
Epoch:974.0	1.0247	0.7181	0.4692
Epoch:975.0	1.0608	0.7274	0.4541
Epoch:976.0	1.0884	0.7093	0.4667
Epoch:977.0	1.0590	0.7100	0.4868
Epoch:978.0	1.0770	0.7164	0.4704
Epoch:979.0	1.0407	0.7114	0.4654
Epoch:980.0	1.0595	0.7043	0.4692
Epoch:981.0	1.0377	0.7089	0.4579
Epoch:982.0	1.0595	0.7082	0.4440
Epoch:983.0	1.0299	0.7160	0.4704
Epoch:984.0	1.0689	0.7157	0.4566
Epoch:985.0	1.0317	0.7164	0.4679
Epoch:986.0	1.0477	0.7142	0.4906
Epoch:987.0	1.0443	0.7149	0.4616
Epoch:988.0	1.1156	0.7121	0.4667
Epoch:989.0	1.0576	0.7110	0.4667
Epoch:990.0	0.9966	0.7313	0.4553
Epoch:991.0	1.0205	0.7228	0.4465
Epoch:992.0	1.0274	0.7139	0.4692
Epoch:993.0	1.1011	0.7196	0.4755
Epoch:994.0	1.0503	0.7103	0.4591
Epoch:995.0	0.9876	0.7274	0.4730
Epoch:996.0	1.0640	0.7075	0.5006
Epoch:997.0	1.0222	0.7157	0.4742
Epoch:998.0	1.0182	0.7100	0.4742
Epoch:999.0	1.0091	0.7199	0.4616
Epoch:1000.0	1.0256	0.7142	0.4830
